#
# There is insufficient memory for the Java Runtime Environment to continue.
# Native memory allocation (malloc) failed to allocate 32744 bytes for ChunkPool::allocate
# Possible reasons:
#   The system is out of physical RAM or swap space
#   In 32 bit mode, the process size limit was hit
# Possible solutions:
#   Reduce memory load on the system
#   Increase physical memory or swap space
#   Check if swap backing store is full
#   Use 64 bit Java on a 64 bit OS
#   Decrease Java heap size (-Xmx/-Xms)
#   Decrease number of Java threads
#   Decrease Java thread stack sizes (-Xss)
#   Set larger code cache with -XX:ReservedCodeCacheSize=
# This output file may be truncated or incomplete.
#
#  Out of Memory Error (allocation.cpp:273), pid=4776, tid=18276
#
# JRE version: Java(TM) SE Runtime Environment (8.0_60-b27) (build 1.8.0_60-b27)
# Java VM: Java HotSpot(TM) 64-Bit Server VM (25.60-b23 mixed mode windows-amd64 compressed oops)
# Failed to write core dump. Minidumps are not enabled by default on client versions of Windows
#

---------------  T H R E A D  ---------------

Current thread (0x0000000015a91000):  JavaThread "C2 CompilerThread1" daemon [_thread_in_native, id=18276, stack(0x0000000017100000,0x0000000017200000)]

Stack: [0x0000000017100000,0x0000000017200000]
[error occurred during error reporting (printing stack bounds), id 0xc0000005]

Native frames: (J=compiled Java code, j=interpreted, Vv=VM code, C=native code)


Current CompileTask:
C2: 986894 11181       4       com.android.ide.common.res2.ResourceItem::getDetailsXml (9 bytes)


---------------  P R O C E S S  ---------------

Java Threads: ( => current thread )
  0x000000001bcf2800 JavaThread "pool-8-thread-4" [_thread_blocked, id=15464, stack(0x00000000246b0000,0x00000000247b0000)]
  0x000000001bcf0000 JavaThread "pool-8-thread-3" [_thread_blocked, id=18244, stack(0x00000000245b0000,0x00000000246b0000)]
  0x000000001bce8800 JavaThread "pool-8-thread-2" [_thread_blocked, id=7388, stack(0x00000000244b0000,0x00000000245b0000)]
  0x000000001bcee000 JavaThread "pool-8-thread-1" [_thread_blocked, id=9156, stack(0x00000000243b0000,0x00000000244b0000)]
  0x000000001bce7000 JavaThread "Stdin handler" [_thread_blocked, id=9460, stack(0x00000000242b0000,0x00000000243b0000)]
  0x000000001bce9800 JavaThread "Asynchronous log dispatcher for org.gradle.launcher.daemon.server.DefaultDaemonConnection@3f9b2268" [_thread_blocked, id=17164, stack(0x00000000241b0000,0x00000000242b0000)]
  0x000000001bceb800 JavaThread "Daemon worker Thread 2" [_thread_in_Java, id=15304, stack(0x00000000240b0000,0x00000000241b0000)]
  0x000000001bce8000 JavaThread "Cancel handler" [_thread_blocked, id=5852, stack(0x0000000023fb0000,0x00000000240b0000)]
  0x000000001bceb000 JavaThread "Handler for socket connection from /127.0.0.1:62276 to /127.0.0.1:63118" [_thread_in_native, id=14112, stack(0x0000000023eb0000,0x0000000023fb0000)]
  0x000000001bcea000 JavaThread "Daemon Thread 2" [_thread_blocked, id=7068, stack(0x0000000023db0000,0x0000000023eb0000)]
  0x00000000186b1800 JavaThread "pool-2-thread-1" [_thread_blocked, id=9848, stack(0x000000001b760000,0x000000001b860000)]
  0x00000000186b6000 JavaThread "File lock request listener" [_thread_in_native, id=17220, stack(0x000000001a5f0000,0x000000001a6f0000)]
  0x000000001888a800 JavaThread "Incoming local TCP Connector on port 62276" [_thread_in_native, id=15060, stack(0x00000000195c0000,0x00000000196c0000)]
  0x0000000018483000 JavaThread "pool-1-thread-1" [_thread_blocked, id=12208, stack(0x0000000018100000,0x0000000018200000)]
  0x0000000015aee000 JavaThread "Service Thread" daemon [_thread_blocked, id=16448, stack(0x0000000017700000,0x0000000017800000)]
  0x0000000015a98000 JavaThread "C1 CompilerThread2" daemon [_thread_blocked, id=2516, stack(0x0000000017200000,0x0000000017300000)]
=>0x0000000015a91000 JavaThread "C2 CompilerThread1" daemon [_thread_in_native, id=18276, stack(0x0000000017100000,0x0000000017200000)]
  0x0000000015a8e000 JavaThread "C2 CompilerThread0" daemon [_thread_in_native, id=5368, stack(0x0000000017000000,0x0000000017100000)]
  0x0000000015a8c000 JavaThread "Attach Listener" daemon [_thread_blocked, id=15452, stack(0x0000000016f00000,0x0000000017000000)]
  0x0000000015a8b000 JavaThread "Signal Dispatcher" daemon [_thread_blocked, id=12224, stack(0x0000000016e00000,0x0000000016f00000)]
  0x00000000033b7800 JavaThread "Finalizer" daemon [_thread_blocked, id=8424, stack(0x0000000016d00000,0x0000000016e00000)]
  0x00000000033af800 JavaThread "Reference Handler" daemon [_thread_blocked, id=18216, stack(0x0000000016c00000,0x0000000016d00000)]
  0x00000000018ce800 JavaThread "main" [_thread_blocked, id=13536, stack(0x00000000030c0000,0x00000000031c0000)]

Other Threads:
  0x0000000015a57800 VMThread [stack: 0x0000000016b00000,0x0000000016c00000] [id=5380]
  0x000000001734f000 WatcherThread [stack: 0x0000000017800000,0x0000000017900000] [id=8352]

VM state:not at safepoint (normal execution)

VM Mutex/Monitor currently owned by a thread: None

Heap:
 PSYoungGen      total 257024K, used 61066K [0x00000000eab00000, 0x00000000fe600000, 0x0000000100000000)
  eden space 235008K, 16% used [0x00000000eab00000,0x00000000ed1da760,0x00000000f9080000)
  from space 22016K, 96% used [0x00000000f9080000,0x00000000fa5481c0,0x00000000fa600000)
  to   space 24576K, 0% used [0x00000000fce00000,0x00000000fce00000,0x00000000fe600000)
 ParOldGen       total 93184K, used 42958K [0x00000000c0000000, 0x00000000c5b00000, 0x00000000eab00000)
  object space 93184K, 46% used [0x00000000c0000000,0x00000000c29f3998,0x00000000c5b00000)
 Metaspace       used 60017K, capacity 62776K, committed 62976K, reserved 1103872K
  class space    used 8087K, capacity 8663K, committed 8704K, reserved 1048576K

Card table byte_map: [0x0000000012780000,0x0000000012990000] byte_map_base: 0x0000000012180000

Marking Bits: (ParMarkBitMap*) 0x000000005a35a5b0
 Begin Bits: [0x0000000012ef0000, 0x0000000013ef0000)
 End Bits:   [0x0000000013ef0000, 0x0000000014ef0000)

Polling page: 0x0000000001320000

CodeCache: size=245760Kb used=32173Kb max_used=32185Kb free=213586Kb
 bounds [0x00000000033c0000, 0x0000000005360000, 0x00000000123c0000]
 total_blobs=9949 nmethods=9206 adapters=654
 compilation: enabled

Compilation events (10 events):
Event: 986.699 Thread 0x0000000015a98000 11176       3       com.android.ide.common.res2.NodeUtils::duplicateNode (315 bytes)
Event: 986.700 Thread 0x0000000015a98000 nmethod 11176 0x0000000005348890 code [0x0000000005348c20, 0x000000000534a808]
Event: 986.700 Thread 0x0000000015a98000 11177       3       com.android.ide.common.res2.DataSet::createFileElement (81 bytes)
Event: 986.701 Thread 0x0000000015a98000 nmethod 11177 0x000000000474e190 code [0x000000000474e3c0, 0x000000000474eef8]
Event: 986.702 Thread 0x0000000015a8e000 11178       4       java.util.HashMap$Values::iterator (12 bytes)
Event: 986.708 Thread 0x0000000015a8e000 nmethod 11178 0x000000000474dbd0 code [0x000000000474dd20, 0x000000000474dfb8]
Event: 986.710 Thread 0x0000000015a91000 11179       4       com.sun.org.apache.xerces.internal.dom.NamedNodeMapImpl::findNamePoint (108 bytes)
Event: 986.716 Thread 0x0000000015a91000 nmethod 11179 0x0000000005347f10 code [0x0000000005348080, 0x0000000005348538]
Event: 986.719 Thread 0x0000000015a8e000 11180       4       com.sun.org.apache.xerces.internal.dom.AttributeMap::setNamedItem (314 bytes)
Event: 986.729 Thread 0x0000000015a91000 11181       4       com.android.ide.common.res2.ResourceItem::getDetailsXml (9 bytes)

GC Heap History (10 events):
Event: 20.659 GC heap before
{Heap before GC invocations=14 (full 2):
 PSYoungGen      total 169472K, used 58414K [0x00000000eab00000, 0x00000000f9780000, 0x0000000100000000)
  eden space 154112K, 27% used [0x00000000eab00000,0x00000000ed50f718,0x00000000f4180000)
  from space 15360K, 99% used [0x00000000f4180000,0x00000000f507c4e0,0x00000000f5080000)
  to   space 22528K, 0% used [0x00000000f8180000,0x00000000f8180000,0x00000000f9780000)
 ParOldGen       total 93184K, used 33602K [0x00000000c0000000, 0x00000000c5b00000, 0x00000000eab00000)
  object space 93184K, 36% used [0x00000000c0000000,0x00000000c20d0970,0x00000000c5b00000)
 Metaspace       used 53350K, capacity 55544K, committed 55808K, reserved 1097728K
  class space    used 7384K, capacity 7891K, committed 7936K, reserved 1048576K
Event: 20.686 GC heap after
Heap after GC invocations=14 (full 2):
 PSYoungGen      total 218112K, used 17359K [0x00000000eab00000, 0x00000000f9a80000, 0x0000000100000000)
  eden space 195584K, 0% used [0x00000000eab00000,0x00000000eab00000,0x00000000f6a00000)
  from space 22528K, 77% used [0x00000000f8180000,0x00000000f9273fa8,0x00000000f9780000)
  to   space 24064K, 0% used [0x00000000f6a00000,0x00000000f6a00000,0x00000000f8180000)
 ParOldGen       total 93184K, used 33610K [0x00000000c0000000, 0x00000000c5b00000, 0x00000000eab00000)
  object space 93184K, 36% used [0x00000000c0000000,0x00000000c20d2970,0x00000000c5b00000)
 Metaspace       used 53350K, capacity 55544K, committed 55808K, reserved 1097728K
  class space    used 7384K, capacity 7891K, committed 7936K, reserved 1048576K
}
Event: 20.686 GC heap before
{Heap before GC invocations=15 (full 3):
 PSYoungGen      total 218112K, used 17359K [0x00000000eab00000, 0x00000000f9a80000, 0x0000000100000000)
  eden space 195584K, 0% used [0x00000000eab00000,0x00000000eab00000,0x00000000f6a00000)
  from space 22528K, 77% used [0x00000000f8180000,0x00000000f9273fa8,0x00000000f9780000)
  to   space 24064K, 0% used [0x00000000f6a00000,0x00000000f6a00000,0x00000000f8180000)
 ParOldGen       total 93184K, used 33610K [0x00000000c0000000, 0x00000000c5b00000, 0x00000000eab00000)
  object space 93184K, 36% used [0x00000000c0000000,0x00000000c20d2970,0x00000000c5b00000)
 Metaspace       used 53350K, capacity 55544K, committed 55808K, reserved 1097728K
  class space    used 7384K, capacity 7891K, committed 7936K, reserved 1048576K
Event: 21.059 GC heap after
Heap after GC invocations=15 (full 3):
 PSYoungGen      total 218112K, used 0K [0x00000000eab00000, 0x00000000f9a80000, 0x0000000100000000)
  eden space 195584K, 0% used [0x00000000eab00000,0x00000000eab00000,0x00000000f6a00000)
  from space 22528K, 0% used [0x00000000f8180000,0x00000000f8180000,0x00000000f9780000)
  to   space 24064K, 0% used [0x00000000f6a00000,0x00000000f6a00000,0x00000000f8180000)
 ParOldGen       total 93184K, used 42934K [0x00000000c0000000, 0x00000000c5b00000, 0x00000000eab00000)
  object space 93184K, 46% used [0x00000000c0000000,0x00000000c29ed998,0x00000000c5b00000)
 Metaspace       used 53350K, capacity 55544K, committed 55808K, reserved 1097728K
  class space    used 7384K, capacity 7891K, committed 7936K, reserved 1048576K
}
Event: 34.434 GC heap before
{Heap before GC invocations=16 (full 3):
 PSYoungGen      total 218112K, used 195584K [0x00000000eab00000, 0x00000000f9a80000, 0x0000000100000000)
  eden space 195584K, 100% used [0x00000000eab00000,0x00000000f6a00000,0x00000000f6a00000)
  from space 22528K, 0% used [0x00000000f8180000,0x00000000f8180000,0x00000000f9780000)
  to   space 24064K, 0% used [0x00000000f6a00000,0x00000000f6a00000,0x00000000f8180000)
 ParOldGen       total 93184K, used 42934K [0x00000000c0000000, 0x00000000c5b00000, 0x00000000eab00000)
  object space 93184K, 46% used [0x00000000c0000000,0x00000000c29ed998,0x00000000c5b00000)
 Metaspace       used 56956K, capacity 59352K, committed 59520K, reserved 1099776K
  class space    used 7758K, capacity 8265K, committed 8320K, reserved 1048576K
Event: 34.451 GC heap after
Heap after GC invocations=16 (full 3):
 PSYoungGen      total 219648K, used 11187K [0x00000000eab00000, 0x00000000fc380000, 0x0000000100000000)
  eden space 195584K, 0% used [0x00000000eab00000,0x00000000eab00000,0x00000000f6a00000)
  from space 24064K, 46% used [0x00000000f6a00000,0x00000000f74ecd70,0x00000000f8180000)
  to   space 22528K, 0% used [0x00000000fad80000,0x00000000fad80000,0x00000000fc380000)
 ParOldGen       total 93184K, used 42942K [0x00000000c0000000, 0x00000000c5b00000, 0x00000000eab00000)
  object space 93184K, 46% used [0x00000000c0000000,0x00000000c29ef998,0x00000000c5b00000)
 Metaspace       used 56956K, capacity 59352K, committed 59520K, reserved 1099776K
  class space    used 7758K, capacity 8265K, committed 8320K, reserved 1048576K
}
Event: 45.783 GC heap before
{Heap before GC invocations=17 (full 3):
 PSYoungGen      total 219648K, used 206771K [0x00000000eab00000, 0x00000000fc380000, 0x0000000100000000)
  eden space 195584K, 100% used [0x00000000eab00000,0x00000000f6a00000,0x00000000f6a00000)
  from space 24064K, 46% used [0x00000000f6a00000,0x00000000f74ecd70,0x00000000f8180000)
  to   space 22528K, 0% used [0x00000000fad80000,0x00000000fad80000,0x00000000fc380000)
 ParOldGen       total 93184K, used 42942K [0x00000000c0000000, 0x00000000c5b00000, 0x00000000eab00000)
  object space 93184K, 46% used [0x00000000c0000000,0x00000000c29ef998,0x00000000c5b00000)
 Metaspace       used 58942K, capacity 61424K, committed 61568K, reserved 1101824K
  class space    used 7979K, capacity 8539K, committed 8576K, reserved 1048576K
Event: 45.796 GC heap after
Heap after GC invocations=17 (full 3):
 PSYoungGen      total 249344K, used 9530K [0x00000000eab00000, 0x00000000fbb80000, 0x0000000100000000)
  eden space 235008K, 0% used [0x00000000eab00000,0x00000000eab00000,0x00000000f9080000)
  from space 14336K, 66% used [0x00000000fad80000,0x00000000fb6cebb0,0x00000000fbb80000)
  to   space 22016K, 0% used [0x00000000f9080000,0x00000000f9080000,0x00000000fa600000)
 ParOldGen       total 93184K, used 42950K [0x00000000c0000000, 0x00000000c5b00000, 0x00000000eab00000)
  object space 93184K, 46% used [0x00000000c0000000,0x00000000c29f1998,0x00000000c5b00000)
 Metaspace       used 58942K, capacity 61424K, committed 61568K, reserved 1101824K
  class space    used 7979K, capacity 8539K, committed 8576K, reserved 1048576K
}
Event: 982.291 GC heap before
{Heap before GC invocations=18 (full 3):
 PSYoungGen      total 249344K, used 244538K [0x00000000eab00000, 0x00000000fbb80000, 0x0000000100000000)
  eden space 235008K, 100% used [0x00000000eab00000,0x00000000f9080000,0x00000000f9080000)
  from space 14336K, 66% used [0x00000000fad80000,0x00000000fb6cebb0,0x00000000fbb80000)
  to   space 22016K, 0% used [0x00000000f9080000,0x00000000f9080000,0x00000000fa600000)
 ParOldGen       total 93184K, used 42950K [0x00000000c0000000, 0x00000000c5b00000, 0x00000000eab00000)
  object space 93184K, 46% used [0x00000000c0000000,0x00000000c29f1998,0x00000000c5b00000)
 Metaspace       used 59997K, capacity 62712K, committed 62976K, reserved 1103872K
  class space    used 8087K, capacity 8663K, committed 8704K, reserved 1048576K
Event: 982.320 GC heap after
Heap after GC invocations=18 (full 3):
 PSYoungGen      total 257024K, used 21280K [0x00000000eab00000, 0x00000000fe600000, 0x0000000100000000)
  eden space 235008K, 0% used [0x00000000eab00000,0x00000000eab00000,0x00000000f9080000)
  from space 22016K, 96% used [0x00000000f9080000,0x00000000fa5481c0,0x00000000fa600000)
  to   space 24576K, 0% used [0x00000000fce00000,0x00000000fce00000,0x00000000fe600000)
 ParOldGen       total 93184K, used 42958K [0x00000000c0000000, 0x00000000c5b00000, 0x00000000eab00000)
  object space 93184K, 46% used [0x00000000c0000000,0x00000000c29f3998,0x00000000c5b00000)
 Metaspace       used 59997K, capacity 62712K, committed 62976K, reserved 1103872K
  class space    used 8087K, capacity 8663K, committed 8704K, reserved 1048576K
}

Deoptimization events (10 events):
Event: 972.521 Thread 0x000000001bceb800 Uncommon trap: reason=bimorphic action=maybe_recompile pc=0x0000000004ff25c0 method=com.google.common.collect.RegularImmutableMap.get(Ljava/lang/Object;)Ljava/lang/Object; @ 7
Event: 972.662 Thread 0x000000001bceb800 Uncommon trap: reason=unstable_if action=reinterpret pc=0x000000000448a1ac method=com.google.common.collect.MapMakerInternalMap$Segment.getEntry(Ljava/lang/Object;I)Lcom/google/common/collect/MapMakerInternalMap$ReferenceEntry; @ 40
Event: 972.685 Thread 0x000000001bceb800 Uncommon trap: reason=bimorphic action=maybe_recompile pc=0x0000000004ff25c0 method=com.google.common.collect.RegularImmutableMap.get(Ljava/lang/Object;)Ljava/lang/Object; @ 7
Event: 972.685 Thread 0x000000001bceb800 Uncommon trap: reason=bimorphic action=maybe_recompile pc=0x0000000004ff25c0 method=com.google.common.collect.RegularImmutableMap.get(Ljava/lang/Object;)Ljava/lang/Object; @ 7
Event: 972.728 Thread 0x000000001bceb800 Uncommon trap: reason=null_check action=make_not_entrant pc=0x0000000004f83054 method=com.sun.org.apache.xerces.internal.dom.NamedNodeMapImpl.findNamePoint(Ljava/lang/String;Ljava/lang/String;)I @ 105
Event: 972.754 Thread 0x000000001bceb800 Uncommon trap: reason=bimorphic action=maybe_recompile pc=0x00000000043b0f74 method=java.io.Writer.write(Ljava/lang/String;)V @ 7
Event: 972.923 Thread 0x000000001bceb800 Uncommon trap: reason=unstable_if action=reinterpret pc=0x0000000003de2938 method=com.google.gson.stream.JsonReader.peek()Lcom/google/gson/stream/JsonToken; @ 6
Event: 972.923 Thread 0x000000001bceb800 Uncommon trap: reason=unstable_if action=reinterpret pc=0x0000000003f6ce60 method=com.google.gson.stream.JsonReader.hasNext()Z @ 21
Event: 975.590 Thread 0x000000001bceb800 Uncommon trap: reason=null_check action=make_not_entrant pc=0x0000000004cebaa4 method=com.sun.org.apache.xerces.internal.dom.NamedNodeMapImpl.findNamePoint(Ljava/lang/String;Ljava/lang/String;)I @ 76
Event: 986.698 Thread 0x000000001bceb800 Uncommon trap: reason=unstable_if action=reinterpret pc=0x0000000004f1aa1c method=com.android.ide.common.res2.NodeUtils.duplicateNode(Lorg/w3c/dom/Document;Lorg/w3c/dom/Node;)Lorg/w3c/dom/Node; @ 6

Internal exceptions (10 events):
Event: 972.140 Thread 0x000000001bceb800 Exception <a 'java/lang/ClassNotFoundException': com/android/build/gradle/tasks/fd/GenerateInstantRunAppInfoTask_DecoratedBeanInfo> (0x00000000f173b4a0) thrown at [C:\re\workspace\8-2-build-windows-amd64-cygwin\jdk8u60\4407\hotspot\src\share\vm\classfile\s⁄-Oï aé@
Event: 972.141 Thread 0x000000001bceb800 Exception <a 'java/lang/ClassNotFoundException': com/android/build/gradle/tasks/fd/GenerateInstantRunAppInfoTaskBeanInfo> (0x00000000f174fbe8) thrown at [C:\re\workspace\8-2-build-windows-amd64-cygwin\jdk8u60\4407\hotspot\src\share\vm\classfile\systemDicti⁄]¢!aé@
Event: 972.141 Thread 0x000000001bceb800 Exception <a 'java/lang/ClassNotFoundException': com/android/build/gradle/tasks/fd/GenerateInstantRunAppInfoTaskCustomizer> (0x00000000f1764708) thrown at [C:\re\workspace\8-2-build-windows-amd64-cygwin\jdk8u60\4407\hotspot\src\share\vm\classfile\systemDicc¯·¢/aé@
Event: 972.148 Thread 0x000000001bceb800 Exception <a 'java/lang/ClassNotFoundException': com/android/build/gradle/tasks/fd/GenerateInstantRunAppInfoTask_DecoratedCustomizer> (0x00000000f178e5b0) thrown at [C:\re\workspace\8-2-build-windows-amd64-cygwin\jdk8u60\4407\hotspot\src\share\vm\classfile[∆úuoaé@
Event: 972.179 Thread 0x000000001bceb800 Exception <a 'java/lang/ClassNotFoundException': com/android/build/gradle/internal/transforms/InstantRunSplitApkBuilder_DecoratedBeanInfo> (0x00000000f19340c8) thrown at [C:\re\workspace\8-2-build-windows-amd64-cygwin\jdk8u60\4407\hotspot\src\share\vm\clas–ÓÜpaé@
Event: 972.180 Thread 0x000000001bceb800 Exception <a 'java/lang/ClassNotFoundException': com/android/build/gradle/internal/transforms/InstantRunSplitApkBuilderBeanInfo> (0x00000000f1949b28) thrown at [C:\re\workspace\8-2-build-windows-amd64-cygwin\jdk8u60\4407\hotspot\src\share\vm\classfile\systˆNúiqaé@
Event: 972.180 Thread 0x000000001bceb800 Exception <a 'java/lang/ClassNotFoundException': com/android/build/gradle/internal/transforms/InstantRunSplitApkBuilderCustomizer> (0x00000000f195fd10) thrown at [C:\re\workspace\8-2-build-windows-amd64-cygwin\jdk8u60\4407\hotspot\src\share\vm\classfile\syD„Öˆsaé@
Event: 972.182 Thread 0x000000001bceb800 Exception <a 'java/lang/ClassNotFoundException': com/android/build/gradle/internal/transforms/InstantRunSplitApkBuilder_DecoratedCustomizer> (0x00000000f19962e0) thrown at [C:\re\workspace\8-2-build-windows-amd64-cygwin\jdk8u60\4407\hotspot\src\share\vm\cl}±l€”eé@
Event: 972.728 Thread 0x000000001bceb800 Implicit null exception at 0x0000000004f82431 to 0x0000000004f8302d
Event: 975.590 Thread 0x000000001bceb800 Implicit null exception at 0x0000000004ceb788 to 0x0000000004ceba85

Events (10 events):
Event: 986.646 Thread 0x000000001bceb800 DEOPT UNPACKING pc=0x000000000340787f sp=0x00000000241ac0b8 mode 0
Event: 986.651 Thread 0x000000001bceb800 DEOPT PACKING pc=0x0000000004f1194e sp=0x00000000241ac300
Event: 986.651 Thread 0x000000001bceb800 DEOPT UNPACKING pc=0x000000000340787f sp=0x00000000241ac0b8 mode 0
Event: 986.656 Thread 0x000000001bceb800 DEOPT PACKING pc=0x0000000004f1194e sp=0x00000000241ac300
Event: 986.656 Thread 0x000000001bceb800 DEOPT UNPACKING pc=0x000000000340787f sp=0x00000000241ac0b8 mode 0
Event: 986.669 Thread 0x000000001bceb800 DEOPT PACKING pc=0x0000000004f1194e sp=0x00000000241ac300
Event: 986.669 Thread 0x000000001bceb800 DEOPT UNPACKING pc=0x000000000340787f sp=0x00000000241ac0b8 mode 0
Event: 986.698 Thread 0x000000001bceb800 Uncommon trap: trap_request=0xffffff65 fr.pc=0x0000000004f1aa1c
Event: 986.698 Thread 0x000000001bceb800 DEOPT PACKING pc=0x0000000004f1aa1c sp=0x00000000241ac410
Event: 986.698 Thread 0x000000001bceb800 DEOPT UNPACKING pc=0x000000000340582a sp=0x00000000241ac388 mode 2


Dynamic libraries:
0x00007ff63a0c0000 - 0x00007ff63a0f7000 	C:\Program Files\Java\jdk1.8.0_60\bin\java.exe
0x00007ffa45090000 - 0x00007ffa45261000 	C:\WINDOWS\SYSTEM32\ntdll.dll
0x00007ffa44fe0000 - 0x00007ffa4508b000 	C:\WINDOWS\System32\KERNEL32.DLL
0x00007ffa416f0000 - 0x00007ffa4190d000 	C:\WINDOWS\System32\KERNELBASE.dll
0x00007ffa44ac0000 - 0x00007ffa44b62000 	C:\WINDOWS\System32\ADVAPI32.dll
0x00007ffa428c0000 - 0x00007ffa4295e000 	C:\WINDOWS\System32\msvcrt.dll
0x00007ffa42af0000 - 0x00007ffa42b49000 	C:\WINDOWS\System32\sechost.dll
0x00007ffa42790000 - 0x00007ffa428b1000 	C:\WINDOWS\System32\RPCRT4.dll
0x00007ffa42620000 - 0x00007ffa42785000 	C:\WINDOWS\System32\USER32.dll
0x00007ffa41970000 - 0x00007ffa4198e000 	C:\WINDOWS\System32\win32u.dll
0x00007ffa44b70000 - 0x00007ffa44ba4000 	C:\WINDOWS\System32\GDI32.dll
0x00007ffa41db0000 - 0x00007ffa41f32000 	C:\WINDOWS\System32\gdi32full.dll
0x00007ffa2e050000 - 0x00007ffa2e2c9000 	C:\WINDOWS\WinSxS\amd64_microsoft.windows.common-controls_6595b64144ccf1df_6.0.14393.447_none_42191651c6827bb3\COMCTL32.dll
0x00007ffa42b60000 - 0x00007ffa42e27000 	C:\WINDOWS\System32\combase.dll
0x00007ffa41990000 - 0x00007ffa41a85000 	C:\WINDOWS\System32\ucrtbase.dll
0x00007ffa41630000 - 0x00007ffa4169a000 	C:\WINDOWS\System32\bcryptPrimitives.dll
0x00007ffa42960000 - 0x00007ffa4298e000 	C:\WINDOWS\System32\IMM32.DLL
0x000000005ada0000 - 0x000000005ae72000 	C:\Program Files\Java\jdk1.8.0_60\jre\bin\msvcr100.dll
0x0000000059b50000 - 0x000000005a3d9000 	C:\Program Files\Java\jdk1.8.0_60\jre\bin\server\jvm.dll
0x00007ffa44cf0000 - 0x00007ffa44cf8000 	C:\WINDOWS\System32\PSAPI.DLL
0x00007ffa341c0000 - 0x00007ffa341ca000 	C:\WINDOWS\SYSTEM32\VERSION.dll
0x00007ffa3f8a0000 - 0x00007ffa3f8c3000 	C:\WINDOWS\SYSTEM32\WINMM.dll
0x00007ffa32f30000 - 0x00007ffa32f39000 	C:\WINDOWS\SYSTEM32\WSOCK32.dll
0x00007ffa445a0000 - 0x00007ffa4460a000 	C:\WINDOWS\System32\WS2_32.dll
0x00007ffa3f6b0000 - 0x00007ffa3f6db000 	C:\WINDOWS\SYSTEM32\WINMMBASE.dll
0x00007ffa416a0000 - 0x00007ffa416e2000 	C:\WINDOWS\System32\cfgmgr32.dll
0x000000005b870000 - 0x000000005b87f000 	C:\Program Files\Java\jdk1.8.0_60\jre\bin\verify.dll
0x000000005b840000 - 0x000000005b869000 	C:\Program Files\Java\jdk1.8.0_60\jre\bin\java.dll
0x000000005b820000 - 0x000000005b836000 	C:\Program Files\Java\jdk1.8.0_60\jre\bin\zip.dll
0x00007ffa42e30000 - 0x00007ffa44339000 	C:\WINDOWS\System32\SHELL32.dll
0x00007ffa41f40000 - 0x00007ffa4261a000 	C:\WINDOWS\System32\windows.storage.dll
0x00007ffa414f0000 - 0x00007ffa4153c000 	C:\WINDOWS\System32\powrprof.dll
0x00007ffa42a90000 - 0x00007ffa42ae2000 	C:\WINDOWS\System32\shlwapi.dll
0x00007ffa41570000 - 0x00007ffa4157f000 	C:\WINDOWS\System32\kernel.appcore.dll
0x00007ffa41d00000 - 0x00007ffa41da9000 	C:\WINDOWS\System32\shcore.dll
0x00007ffa41540000 - 0x00007ffa41554000 	C:\WINDOWS\System32\profapi.dll
0x000000005b800000 - 0x000000005b81a000 	C:\Program Files\Java\jdk1.8.0_60\jre\bin\net.dll
0x00007ffa40cd0000 - 0x00007ffa40d2c000 	C:\WINDOWS\system32\mswsock.dll
0x000000005b730000 - 0x000000005b741000 	C:\Program Files\Java\jdk1.8.0_60\jre\bin\nio.dll
0x00007ffa36f30000 - 0x00007ffa36f42000 	C:\Users\David\.gradle\native\19\windows-amd64\native-platform.dll
0x00007ffa40fc0000 - 0x00007ffa40fd7000 	C:\WINDOWS\SYSTEM32\CRYPTSP.dll
0x00007ffa40ed0000 - 0x00007ffa40f03000 	C:\WINDOWS\system32\rsaenh.dll
0x00007ffa41430000 - 0x00007ffa4145b000 	C:\WINDOWS\SYSTEM32\bcrypt.dll
0x00007ffa40b60000 - 0x00007ffa40b7f000 	C:\WINDOWS\SYSTEM32\USERENV.dll
0x00007ffa40fe0000 - 0x00007ffa40feb000 	C:\WINDOWS\SYSTEM32\CRYPTBASE.dll
0x00007ffa40a60000 - 0x00007ffa40a98000 	C:\WINDOWS\SYSTEM32\IPHLPAPI.DLL
0x00007ffa42b50000 - 0x00007ffa42b58000 	C:\WINDOWS\System32\NSI.dll
0x00007ffa3db00000 - 0x00007ffa3db16000 	C:\WINDOWS\SYSTEM32\dhcpcsvc6.DLL
0x00007ffa3de90000 - 0x00007ffa3deaa000 	C:\WINDOWS\SYSTEM32\dhcpcsvc.DLL
0x000000005b720000 - 0x000000005b72d000 	C:\Program Files\Java\jdk1.8.0_60\jre\bin\management.dll

VM Arguments:
jvm_args: -XX:MaxPermSize=256m -XX:+HeapDumpOnOutOfMemoryError -Xmx1024m -Dfile.encoding=windows-1252 -Duser.country=US -Duser.language=en -Duser.variant 
java_command: org.gradle.launcher.daemon.bootstrap.GradleDaemon 2.14.1
java_class_path (initial): C:\Users\David\AndroidStudioProjects\android-studio\gradle\gradle-2.14.1\lib\gradle-launcher-2.14.1.jar
Launcher Type: SUN_STANDARD

Environment Variables:
JAVA_HOME=C:\Program Files\Java\jdk1.8.0_60\
PATH=C:\Program Files (x86)\NVIDIA Corporation\PhysX\Common;C:\ProgramData\Oracle\Java\javapath;C:\Program Files (x86)\Lenovo\FusionEngine;C:\Program Files (x86)\Intel\iCLS Client\;C:\Program Files\Intel\iCLS Client\;C:\WINDOWS\system32;C:\WINDOWS;C:\WINDOWS\System32\Wbem;C:\WINDOWS\System32\WindowsPowerShell\v1.0\;C:\Program Files\Intel\Intel(R) Management Engine Components\DAL;C:\Program Files (x86)\Intel\Intel(R) Management Engine Components\DAL;C:\Program Files\Intel\Intel(R) Management Engine Components\IPT;C:\Program Files (x86)\Intel\Intel(R) Management Engine Components\IPT;C:\Program Files (x86)\ATI Technologies\ATI.ACE\Core-Static;C:\Program Files\Intel\WiFi\bin\;C:\Program Files\Common Files\Intel\WirelessCommon\;C:\Program Files (x86)\Windows Live\Shared;C:\Program Files (x86)\AMD\ATI.ACE\Core-Static;C:\Program Files\nodejs\;C:\Program Files\Git\cmd;C:\Program Files\nodejs\node_modules\npm\bin;C:\Users\David\AppData\Roaming\npm;C:\Program Files (x86)\Skype\Phone\;C:\Program Files\nodejs\node_modules\npm\bin;C:\Program Files\Java\jdk1.8.0_60\bin;C:\Users\David\AppData\Local\atom\bin;C:\Program Files\gradle\bin;C:\Users\David\AppData\Local\Android\sdk1\platform-tools;C:\Users\David\AppData\Local\Microsoft\WindowsApps;C:\Program Files\gradle-3.0\bin;C:\Users\David\AppData\Local\.meteor\;C:\Python27;C:\Users\David\AppData\Local\pip;C:\Python27\Scripts
USERNAME=David
OS=Windows_NT
PROCESSOR_IDENTIFIER=Intel64 Family 6 Model 61 Stepping 4, GenuineIntel



---------------  S Y S T E M  ---------------

OS: Windows 10.0 , 64 bit Build 14393 (10.0.14393.0)

CPU:total 4 (2 cores per cpu, 2 threads per core) family 6 model 61 stepping 4, cmov, cx8, fxsr, mmx, sse, sse2, sse3, ssse3, sse4.1, sse4.2, popcnt, avx, avx2, aes, clmul, erms, 3dnowpref, lzcnt, ht, tsc, tscinvbit, bmi1, bmi2, adx

Memory: 4k page, physical 8300384k(1150896k free), swap 10255200k(3428k free)

vm_info: Java HotSpot(TM) 64-Bit Server VM (25.60-b23) for windows-amd64 JRE (1.8.0_60-b27), built on Aug  4 2015 11:06:27 by "java_re" with MS VC++ 10.0 (VS2010)

time: Wed Nov 23 22:48:00 2016
elapsed time: 986 seconds (0d 0h 16m 26s)

