#
# There is insufficient memory for the Java Runtime Environment to continue.
# Native memory allocation (malloc) failed to allocate 1200096 bytes for Chunk::new
# Possible reasons:
#   The system is out of physical RAM or swap space
#   In 32 bit mode, the process size limit was hit
# Possible solutions:
#   Reduce memory load on the system
#   Increase physical memory or swap space
#   Check if swap backing store is full
#   Use 64 bit Java on a 64 bit OS
#   Decrease Java heap size (-Xmx/-Xms)
#   Decrease number of Java threads
#   Decrease Java thread stack sizes (-Xss)
#   Set larger code cache with -XX:ReservedCodeCacheSize=
# This output file may be truncated or incomplete.
#
#  Out of Memory Error (allocation.cpp:390), pid=1616, tid=11652
#
# JRE version: Java(TM) SE Runtime Environment (8.0_60-b27) (build 1.8.0_60-b27)
# Java VM: Java HotSpot(TM) 64-Bit Server VM (25.60-b23 mixed mode windows-amd64 compressed oops)
# Failed to write core dump. Minidumps are not enabled by default on client versions of Windows
#

---------------  T H R E A D  ---------------

Current thread (0x0000000014b5b800):  JavaThread "C2 CompilerThread1" daemon [_thread_in_native, id=11652, stack(0x00000000162a0000,0x00000000163a0000)]

Stack: [0x00000000162a0000,0x00000000163a0000]
[error occurred during error reporting (printing stack bounds), id 0xc0000005]

Native frames: (J=compiled Java code, j=interpreted, Vv=VM code, C=native code)


Current CompileTask:
C2:6477329 15291 % !   4       com.sun.tools.javac.parser.JavaTokenizer::readToken @ 1409 (2243 bytes)


---------------  P R O C E S S  ---------------

Java Threads: ( => current thread )
  0x000000001dff1800 JavaThread "pool-21-thread-4" [_thread_blocked, id=10820, stack(0x0000000029d90000,0x0000000029e90000)]
  0x000000001dff3000 JavaThread "pool-21-thread-3" [_thread_blocked, id=748, stack(0x0000000029c90000,0x0000000029d90000)]
  0x000000001dff7800 JavaThread "pool-21-thread-2" [_thread_blocked, id=2760, stack(0x0000000029b90000,0x0000000029c90000)]
  0x000000001dff7000 JavaThread "pool-21-thread-1" [_thread_blocked, id=6588, stack(0x0000000029a90000,0x0000000029b90000)]
  0x000000001dff0000 JavaThread "Stdin handler" [_thread_blocked, id=10912, stack(0x0000000029990000,0x0000000029a90000)]
  0x000000001dfef800 JavaThread "Asynchronous log dispatcher for org.gradle.launcher.daemon.server.DefaultDaemonConnection@6bc94f5" [_thread_blocked, id=1916, stack(0x0000000029890000,0x0000000029990000)]
  0x000000001dff2800 JavaThread "Daemon worker Thread 4" [_thread_in_native, id=5024, stack(0x0000000029790000,0x0000000029890000)]
  0x000000001dff1000 JavaThread "Cancel handler" [_thread_blocked, id=6544, stack(0x0000000029690000,0x0000000029790000)]
  0x000000001dff6000 JavaThread "Handler for socket connection from /127.0.0.1:56085 to /127.0.0.1:50498" [_thread_in_native, id=1816, stack(0x0000000029590000,0x0000000029690000)]
  0x000000001dff4800 JavaThread "Daemon Thread 4" [_thread_blocked, id=2444, stack(0x0000000029490000,0x0000000029590000)]
  0x0000000017607800 JavaThread "pool-2-thread-1" [_thread_blocked, id=7100, stack(0x000000001d4c0000,0x000000001d5c0000)]
  0x0000000017603000 JavaThread "File lock request listener" [_thread_in_native, id=11968, stack(0x000000001adc0000,0x000000001aec0000)]
  0x00000000175bb000 JavaThread "Incoming local TCP Connector on port 56085" [_thread_in_native, id=10292, stack(0x00000000186b0000,0x00000000187b0000)]
  0x0000000017558800 JavaThread "pool-1-thread-1" [_thread_blocked, id=11796, stack(0x00000000185b0000,0x00000000186b0000)]
  0x0000000014b65000 JavaThread "Service Thread" daemon [_thread_blocked, id=10128, stack(0x00000000168a0000,0x00000000169a0000)]
  0x0000000014b5e800 JavaThread "C1 CompilerThread2" daemon [_thread_blocked, id=10904, stack(0x00000000163a0000,0x00000000164a0000)]
=>0x0000000014b5b800 JavaThread "C2 CompilerThread1" daemon [_thread_in_native, id=11652, stack(0x00000000162a0000,0x00000000163a0000)]
  0x0000000014b6a000 JavaThread "C2 CompilerThread0" daemon [_thread_in_vm, id=3024, stack(0x00000000161a0000,0x00000000162a0000)]
  0x0000000014b68000 JavaThread "Attach Listener" daemon [_thread_blocked, id=2748, stack(0x00000000160a0000,0x00000000161a0000)]
  0x0000000014b67000 JavaThread "Signal Dispatcher" daemon [_thread_blocked, id=10068, stack(0x0000000015fa0000,0x00000000160a0000)]
  0x0000000002487800 JavaThread "Finalizer" daemon [_thread_blocked, id=5744, stack(0x0000000015db0000,0x0000000015eb0000)]
  0x000000000247f800 JavaThread "Reference Handler" daemon [_thread_blocked, id=9088, stack(0x0000000015cb0000,0x0000000015db0000)]
  0x000000000238e800 JavaThread "main" [_thread_blocked, id=5040, stack(0x00000000021c0000,0x00000000022c0000)]

Other Threads:
  0x0000000014b27800 VMThread [stack: 0x0000000015bb0000,0x0000000015cb0000] [id=6200]
  0x0000000014b66000 WatcherThread [stack: 0x00000000169a0000,0x0000000016aa0000] [id=11860]

VM state:not at safepoint (normal execution)

VM Mutex/Monitor currently owned by a thread: None

Heap:
 PSYoungGen      total 278016K, used 29597K [0x00000000eab00000, 0x00000000fdf80000, 0x0000000100000000)
  eden space 258560K, 4% used [0x00000000eab00000,0x00000000eb5e47a8,0x00000000fa780000)
  from space 19456K, 94% used [0x00000000fcc80000,0x00000000fde82d50,0x00000000fdf80000)
  to   space 28672K, 0% used [0x00000000fa780000,0x00000000fa780000,0x00000000fc380000)
 ParOldGen       total 94720K, used 43217K [0x00000000c0000000, 0x00000000c5c80000, 0x00000000eab00000)
  object space 94720K, 45% used [0x00000000c0000000,0x00000000c2a34530,0x00000000c5c80000)
 Metaspace       used 70750K, capacity 74922K, committed 75136K, reserved 1114112K
  class space    used 9372K, capacity 10105K, committed 10112K, reserved 1048576K

Card table byte_map: [0x0000000011850000,0x0000000011a60000] byte_map_base: 0x0000000011250000

Marking Bits: (ParMarkBitMap*) 0x0000000066b6a5b0
 Begin Bits: [0x0000000011fc0000, 0x0000000012fc0000)
 End Bits:   [0x0000000012fc0000, 0x0000000013fc0000)

Polling page: 0x0000000000660000

CodeCache: size=245760Kb used=44869Kb max_used=44882Kb free=200890Kb
 bounds [0x0000000002490000, 0x00000000050b0000, 0x0000000011490000]
 total_blobs=12923 nmethods=12159 adapters=675
 compilation: enabled

Compilation events (10 events):
Event: 6476.288 Thread 0x0000000014b6a000 15289       4       com.sun.tools.javac.parser.JavacParser::mods (62 bytes)
Event: 6476.291 Thread 0x0000000014b5e800 nmethod 15287 0x000000000508f7d0 code [0x0000000005090880, 0x000000000509bca8]
Event: 6476.291 Thread 0x0000000014b5e800 15285       2       com.sun.tools.javac.parser.UnicodeReader::chars (17 bytes)
Event: 6476.291 Thread 0x0000000014b6a000 nmethod 15289 0x0000000005068710 code [0x0000000005068860, 0x0000000005068a78]
Event: 6476.291 Thread 0x0000000014b5e800 nmethod 15285 0x000000000424b410 code [0x000000000424b580, 0x000000000424b768]
Event: 6476.291 Thread 0x0000000014b5e800 15286       2       com.sun.tools.javac.parser.Tokens$StringToken::<init> (16 bytes)
Event: 6476.292 Thread 0x0000000014b5e800 nmethod 15286 0x0000000005048590 code [0x0000000005048700, 0x00000000050488e8]
Event: 6476.292 Thread 0x0000000014b6a000 15290   !   4       com.sun.tools.javac.parser.JavacParser::literal (680 bytes)
Event: 6476.295 Thread 0x0000000014b5b800 nmethod 15288 0x0000000002e0c910 code [0x0000000002e0cae0, 0x0000000002e0cfc8]
Event: 6476.295 Thread 0x0000000014b5b800 15291 % !   4       com.sun.tools.javac.parser.JavaTokenizer::readToken @ 1409 (2243 bytes)

GC Heap History (10 events):
Event: 2932.305 GC heap before
{Heap before GC invocations=27 (full 5):
 PSYoungGen      total 250368K, used 243899K [0x00000000eab00000, 0x00000000fd900000, 0x0000000100000000)
  eden space 225280K, 100% used [0x00000000eab00000,0x00000000f8700000,0x00000000f8700000)
  from space 25088K, 74% used [0x00000000f8700000,0x00000000f992ee60,0x00000000f9f80000)
  to   space 26624K, 0% used [0x00000000fbf00000,0x00000000fbf00000,0x00000000fd900000)
 ParOldGen       total 94720K, used 43177K [0x00000000c0000000, 0x00000000c5c80000, 0x00000000eab00000)
  object space 94720K, 45% used [0x00000000c0000000,0x00000000c2a2a530,0x00000000c5c80000)
 Metaspace       used 64284K, capacity 67326K, committed 67584K, reserved 1107968K
  class space    used 8496K, capacity 9078K, committed 9216K, reserved 1048576K
Event: 2932.321 GC heap after
Heap after GC invocations=27 (full 5):
 PSYoungGen      total 272384K, used 7344K [0x00000000eab00000, 0x00000000fd300000, 0x0000000100000000)
  eden space 251904K, 0% used [0x00000000eab00000,0x00000000eab00000,0x00000000fa100000)
  from space 20480K, 35% used [0x00000000fbf00000,0x00000000fc62c010,0x00000000fd300000)
  to   space 25600K, 0% used [0x00000000fa100000,0x00000000fa100000,0x00000000fba00000)
 ParOldGen       total 94720K, used 43185K [0x00000000c0000000, 0x00000000c5c80000, 0x00000000eab00000)
  object space 94720K, 45% used [0x00000000c0000000,0x00000000c2a2c530,0x00000000c5c80000)
 Metaspace       used 64284K, capacity 67326K, committed 67584K, reserved 1107968K
  class space    used 8496K, capacity 9078K, committed 9216K, reserved 1048576K
}
Event: 2937.262 GC heap before
{Heap before GC invocations=28 (full 5):
 PSYoungGen      total 272384K, used 257856K [0x00000000eab00000, 0x00000000fd300000, 0x0000000100000000)
  eden space 251904K, 99% used [0x00000000eab00000,0x00000000f9fa4298,0x00000000fa100000)
  from space 20480K, 35% used [0x00000000fbf00000,0x00000000fc62c010,0x00000000fd300000)
  to   space 25600K, 0% used [0x00000000fa100000,0x00000000fa100000,0x00000000fba00000)
 ParOldGen       total 94720K, used 43185K [0x00000000c0000000, 0x00000000c5c80000, 0x00000000eab00000)
  object space 94720K, 45% used [0x00000000c0000000,0x00000000c2a2c530,0x00000000c5c80000)
 Metaspace       used 65142K, capacity 68548K, committed 68736K, reserved 1107968K
  class space    used 8628K, capacity 9268K, committed 9344K, reserved 1048576K
Event: 2937.286 GC heap after
Heap after GC invocations=28 (full 5):
 PSYoungGen      total 277504K, used 24240K [0x00000000eab00000, 0x00000000ff880000, 0x0000000100000000)
  eden space 251904K, 0% used [0x00000000eab00000,0x00000000eab00000,0x00000000fa100000)
  from space 25600K, 94% used [0x00000000fa100000,0x00000000fb8ac2a0,0x00000000fba00000)
  to   space 29184K, 0% used [0x00000000fdc00000,0x00000000fdc00000,0x00000000ff880000)
 ParOldGen       total 94720K, used 43193K [0x00000000c0000000, 0x00000000c5c80000, 0x00000000eab00000)
  object space 94720K, 45% used [0x00000000c0000000,0x00000000c2a2e530,0x00000000c5c80000)
 Metaspace       used 65142K, capacity 68548K, committed 68736K, reserved 1107968K
  class space    used 8628K, capacity 9268K, committed 9344K, reserved 1048576K
}
Event: 2958.548 GC heap before
{Heap before GC invocations=29 (full 5):
 PSYoungGen      total 277504K, used 276144K [0x00000000eab00000, 0x00000000ff880000, 0x0000000100000000)
  eden space 251904K, 100% used [0x00000000eab00000,0x00000000fa100000,0x00000000fa100000)
  from space 25600K, 94% used [0x00000000fa100000,0x00000000fb8ac2a0,0x00000000fba00000)
  to   space 29184K, 0% used [0x00000000fdc00000,0x00000000fdc00000,0x00000000ff880000)
 ParOldGen       total 94720K, used 43193K [0x00000000c0000000, 0x00000000c5c80000, 0x00000000eab00000)
  object space 94720K, 45% used [0x00000000c0000000,0x00000000c2a2e530,0x00000000c5c80000)
 Metaspace       used 66274K, capacity 70032K, committed 70272K, reserved 1110016K
  class space    used 8800K, capacity 9486K, committed 9600K, reserved 1048576K
Event: 2958.574 GC heap after
Heap after GC invocations=29 (full 5):
 PSYoungGen      total 303104K, used 13420K [0x00000000eab00000, 0x00000000ff300000, 0x0000000100000000)
  eden space 279552K, 0% used [0x00000000eab00000,0x00000000eab00000,0x00000000fbc00000)
  from space 23552K, 56% used [0x00000000fdc00000,0x00000000fe91b270,0x00000000ff300000)
  to   space 28160K, 0% used [0x00000000fbc00000,0x00000000fbc00000,0x00000000fd780000)
 ParOldGen       total 94720K, used 43201K [0x00000000c0000000, 0x00000000c5c80000, 0x00000000eab00000)
  object space 94720K, 45% used [0x00000000c0000000,0x00000000c2a30530,0x00000000c5c80000)
 Metaspace       used 66274K, capacity 70032K, committed 70272K, reserved 1110016K
  class space    used 8800K, capacity 9486K, committed 9600K, reserved 1048576K
}
Event: 6459.903 GC heap before
{Heap before GC invocations=30 (full 5):
 PSYoungGen      total 303104K, used 292972K [0x00000000eab00000, 0x00000000ff300000, 0x0000000100000000)
  eden space 279552K, 100% used [0x00000000eab00000,0x00000000fbc00000,0x00000000fbc00000)
  from space 23552K, 56% used [0x00000000fdc00000,0x00000000fe91b270,0x00000000ff300000)
  to   space 28160K, 0% used [0x00000000fbc00000,0x00000000fbc00000,0x00000000fd780000)
 ParOldGen       total 94720K, used 43201K [0x00000000c0000000, 0x00000000c5c80000, 0x00000000eab00000)
  object space 94720K, 45% used [0x00000000c0000000,0x00000000c2a30530,0x00000000c5c80000)
 Metaspace       used 66680K, capacity 70750K, committed 71040K, reserved 1110016K
  class space    used 8842K, capacity 9549K, committed 9600K, reserved 1048576K
Event: 6460.017 GC heap after
Heap after GC invocations=30 (full 5):
 PSYoungGen      total 284672K, used 15486K [0x00000000eab00000, 0x00000000fe780000, 0x0000000100000000)
  eden space 268800K, 0% used [0x00000000eab00000,0x00000000eab00000,0x00000000fb180000)
  from space 15872K, 97% used [0x00000000fbc00000,0x00000000fcb1f880,0x00000000fcb80000)
  to   space 27648K, 0% used [0x00000000fcc80000,0x00000000fcc80000,0x00000000fe780000)
 ParOldGen       total 94720K, used 43209K [0x00000000c0000000, 0x00000000c5c80000, 0x00000000eab00000)
  object space 94720K, 45% used [0x00000000c0000000,0x00000000c2a32530,0x00000000c5c80000)
 Metaspace       used 66680K, capacity 70750K, committed 71040K, reserved 1110016K
  class space    used 8842K, capacity 9549K, committed 9600K, reserved 1048576K
}
Event: 6475.795 GC heap before
{Heap before GC invocations=31 (full 5):
 PSYoungGen      total 284672K, used 284286K [0x00000000eab00000, 0x00000000fe780000, 0x0000000100000000)
  eden space 268800K, 100% used [0x00000000eab00000,0x00000000fb180000,0x00000000fb180000)
  from space 15872K, 97% used [0x00000000fbc00000,0x00000000fcb1f880,0x00000000fcb80000)
  to   space 27648K, 0% used [0x00000000fcc80000,0x00000000fcc80000,0x00000000fe780000)
 ParOldGen       total 94720K, used 43209K [0x00000000c0000000, 0x00000000c5c80000, 0x00000000eab00000)
  object space 94720K, 45% used [0x00000000c0000000,0x00000000c2a32530,0x00000000c5c80000)
 Metaspace       used 70747K, capacity 74922K, committed 75136K, reserved 1114112K
  class space    used 9372K, capacity 10105K, committed 10112K, reserved 1048576K
Event: 6475.851 GC heap after
Heap after GC invocations=31 (full 5):
 PSYoungGen      total 278016K, used 18443K [0x00000000eab00000, 0x00000000fdf80000, 0x0000000100000000)
  eden space 258560K, 0% used [0x00000000eab00000,0x00000000eab00000,0x00000000fa780000)
  from space 19456K, 94% used [0x00000000fcc80000,0x00000000fde82d50,0x00000000fdf80000)
  to   space 28672K, 0% used [0x00000000fa780000,0x00000000fa780000,0x00000000fc380000)
 ParOldGen       total 94720K, used 43217K [0x00000000c0000000, 0x00000000c5c80000, 0x00000000eab00000)
  object space 94720K, 45% used [0x00000000c0000000,0x00000000c2a34530,0x00000000c5c80000)
 Metaspace       used 70747K, capacity 74922K, committed 75136K, reserved 1114112K
  class space    used 9372K, capacity 10105K, committed 10112K, reserved 1048576K
}

Deoptimization events (10 events):
Event: 6473.091 Thread 0x000000001dff2800 Uncommon trap: reason=class_check action=maybe_recompile pc=0x0000000004f1dfac method=java.util.Collections$UnmodifiableList.get(I)Ljava/lang/Object; @ 5
Event: 6473.091 Thread 0x000000001dff2800 Uncommon trap: reason=class_check action=maybe_recompile pc=0x0000000004f1dfac method=java.util.Collections$UnmodifiableList.get(I)Ljava/lang/Object; @ 5
Event: 6475.214 Thread 0x000000001dff2800 Uncommon trap: reason=unstable_if action=reinterpret pc=0x000000000334cc40 method=java.lang.StringCoding$StringDecoder.decode([BII)[C @ 20
Event: 6475.236 Thread 0x000000001dff2800 Uncommon trap: reason=unstable_if action=reinterpret pc=0x00000000035b8c40 method=java.util.regex.Pattern.sequence(Ljava/util/regex/Pattern$Node;)Ljava/util/regex/Pattern$Node; @ 201
Event: 6475.460 Thread 0x000000001dff2800 Uncommon trap: reason=unstable_if action=reinterpret pc=0x0000000003bbede4 method=java.lang.CharacterDataLatin1.digit(II)I @ 60
Event: 6475.576 Thread 0x000000001dff2800 Uncommon trap: reason=unstable_if action=reinterpret pc=0x0000000003e07348 method=com.sun.tools.javac.parser.UnicodeReader.scanChar()V @ 37
Event: 6475.596 Thread 0x000000001dff2800 Uncommon trap: reason=unstable_if action=reinterpret pc=0x00000000035d0bd4 method=com.sun.tools.javac.parser.UnicodeReader.scanChar()V @ 37
Event: 6475.749 Thread 0x000000001dff2800 Uncommon trap: reason=unstable_if action=reinterpret pc=0x000000000504b10c method=com.sun.tools.javac.parser.JavaTokenizer.readToken()Lcom/sun/tools/javac/parser/Tokens$Token; @ 548
Event: 6475.870 Thread 0x000000001dff2800 Uncommon trap: reason=unstable_if action=reinterpret pc=0x0000000003e06fd4 method=com.sun.tools.javac.parser.UnicodeReader.scanChar()V @ 37
Event: 6476.257 Thread 0x000000001dff2800 Uncommon trap: reason=unstable_if action=reinterpret pc=0x00000000050707a8 method=com.sun.tools.javac.parser.UnicodeReader.scanCommentChar()V @ 10

Internal exceptions (10 events):
Event: 2962.702 Thread 0x000000001dff6000 Exception <a 'sun/nio/fs/WindowsException'> (0x00000000f65e4eb8) thrown at [C:\re\workspace\8-2-build-windows-amd64-cygwin\jdk8u60\4407\hotspot\src\share\vm\prims\jni.cpp, line 709]
Event: 3505.416 Thread 0x0000000017607800 Exception <a 'sun/nio/fs/WindowsException'> (0x00000000eb060830) thrown at [C:\re\workspace\8-2-build-windows-amd64-cygwin\jdk8u60\4407\hotspot\src\share\vm\prims\jni.cpp, line 709]
Event: 3513.651 Thread 0x0000000017607800 Exception <a 'sun/nio/fs/WindowsException'> (0x00000000eb061ce0) thrown at [C:\re\workspace\8-2-build-windows-amd64-cygwin\jdk8u60\4407\hotspot\src\share\vm\prims\jni.cpp, line 709]
Event: 3531.870 Thread 0x0000000017607800 Exception <a 'sun/nio/fs/WindowsException'> (0x00000000eb063190) thrown at [C:\re\workspace\8-2-build-windows-amd64-cygwin\jdk8u60\4407\hotspot\src\share\vm\prims\jni.cpp, line 709]
Event: 3536.075 Thread 0x0000000017607800 Exception <a 'sun/nio/fs/WindowsException'> (0x00000000eb064640) thrown at [C:\re\workspace\8-2-build-windows-amd64-cygwin\jdk8u60\4407\hotspot\src\share\vm\prims\jni.cpp, line 709]
Event: 3557.264 Thread 0x0000000017607800 Exception <a 'sun/nio/fs/WindowsException'> (0x00000000eb065ac8) thrown at [C:\re\workspace\8-2-build-windows-amd64-cygwin\jdk8u60\4407\hotspot\src\share\vm\prims\jni.cpp, line 709]
Event: 3560.521 Thread 0x0000000017607800 Exception <a 'sun/nio/fs/WindowsException'> (0x00000000eb066f78) thrown at [C:\re\workspace\8-2-build-windows-amd64-cygwin\jdk8u60\4407\hotspot\src\share\vm\prims\jni.cpp, line 709]
Event: 6458.055 Thread 0x000000001dff2800 Exception <a 'java/lang/ClassNotFoundException': asLocalRepo7714_77bg3dhseva1p606s4gptx0aqBeanInfo> (0x00000000f72fe5e0) thrown at [C:\re\workspace\8-2-build-windows-amd64-cygwin\jdk8u60\4407\hotspot\src\share\vm\classfile\systemDictionary.cpp, line 210]
Event: 6458.055 Thread 0x000000001dff2800 Exception <a 'java/lang/ClassNotFoundException': asLocalRepo7714_77bg3dhseva1p606s4gptx0aqCustomizer> (0x00000000f7308690) thrown at [C:\re\workspace\8-2-build-windows-amd64-cygwin\jdk8u60\4407\hotspot\src\share\vm\classfile\systemDictionary.cpp, line 210]óÏ­ŒÏ;¹@
Event: 6459.811 Thread 0x000000001dff2800 Exception <a 'sun/nio/fs/WindowsException'> (0x00000000fb8d0de8) thrown at [C:\re\workspace\8-2-build-windows-amd64-cygwin\jdk8u60\4407\hotspot\src\share\vm\prims\jni.cpp, line 709]

Events (10 events):
Event: 6476.269 Thread 0x000000001dff2800 DEOPT UNPACKING pc=0x00000000024d787f sp=0x000000002988b258 mode 0
Event: 6476.271 Thread 0x000000001dff2800 DEOPT PACKING pc=0x0000000002e0f4e8 sp=0x000000002988b510
Event: 6476.271 Thread 0x000000001dff2800 DEOPT UNPACKING pc=0x00000000024d787f sp=0x000000002988b258 mode 0
Event: 6476.272 Thread 0x000000001dff2800 DEOPT PACKING pc=0x0000000002e0f4e8 sp=0x000000002988b510
Event: 6476.272 Thread 0x000000001dff2800 DEOPT UNPACKING pc=0x00000000024d787f sp=0x000000002988b258 mode 0
Event: 6476.275 Thread 0x0000000014b5e800 flushing nmethod 0x000000000424b290
Event: 6476.276 Thread 0x0000000014b5e800 flushing nmethod 0x000000000424fc50
Event: 6476.276 Thread 0x0000000014b5e800 flushing nmethod 0x0000000004250a50
Event: 6476.276 Thread 0x0000000014b5e800 flushing nmethod 0x000000000425d390
Event: 6476.276 Thread 0x0000000014b5e800 flushing nmethod 0x000000000425e110


Dynamic libraries:
0x00007ff682ff0000 - 0x00007ff683027000 	C:\Program Files\Java\jdk1.8.0_60\bin\java.exe
0x00007ffd2eb00000 - 0x00007ffd2ecd1000 	C:\WINDOWS\SYSTEM32\ntdll.dll
0x00007ffd2cf70000 - 0x00007ffd2d01b000 	C:\WINDOWS\System32\KERNEL32.DLL
0x00007ffd2bc40000 - 0x00007ffd2be5d000 	C:\WINDOWS\System32\KERNELBASE.dll
0x00007ffd2c360000 - 0x00007ffd2c402000 	C:\WINDOWS\System32\ADVAPI32.dll
0x00007ffd2d420000 - 0x00007ffd2d4be000 	C:\WINDOWS\System32\msvcrt.dll
0x00007ffd2eaa0000 - 0x00007ffd2eaf9000 	C:\WINDOWS\System32\sechost.dll
0x00007ffd2c230000 - 0x00007ffd2c351000 	C:\WINDOWS\System32\RPCRT4.dll
0x00007ffd2ca40000 - 0x00007ffd2cba5000 	C:\WINDOWS\System32\USER32.dll
0x00007ffd2aff0000 - 0x00007ffd2b00e000 	C:\WINDOWS\System32\win32u.dll
0x00007ffd2cc10000 - 0x00007ffd2cc44000 	C:\WINDOWS\System32\GDI32.dll
0x00007ffd2b1d0000 - 0x00007ffd2b352000 	C:\WINDOWS\System32\gdi32full.dll
0x00007ffd1c7f0000 - 0x00007ffd1ca69000 	C:\WINDOWS\WinSxS\amd64_microsoft.windows.common-controls_6595b64144ccf1df_6.0.14393.447_none_42191651c6827bb3\COMCTL32.dll
0x00007ffd2d020000 - 0x00007ffd2d2e7000 	C:\WINDOWS\System32\combase.dll
0x00007ffd2b0d0000 - 0x00007ffd2b1c5000 	C:\WINDOWS\System32\ucrtbase.dll
0x00007ffd2b060000 - 0x00007ffd2b0ca000 	C:\WINDOWS\System32\bcryptPrimitives.dll
0x00007ffd2d4c0000 - 0x00007ffd2d4ee000 	C:\WINDOWS\System32\IMM32.DLL
0x0000000067e60000 - 0x0000000067f32000 	C:\Program Files\Java\jdk1.8.0_60\jre\bin\msvcr100.dll
0x0000000066360000 - 0x0000000066be9000 	C:\Program Files\Java\jdk1.8.0_60\jre\bin\server\jvm.dll
0x00007ffd2d370000 - 0x00007ffd2d378000 	C:\WINDOWS\System32\PSAPI.DLL
0x00007ffd1fcb0000 - 0x00007ffd1fcba000 	C:\WINDOWS\SYSTEM32\VERSION.dll
0x00007ffd1f840000 - 0x00007ffd1f849000 	C:\WINDOWS\SYSTEM32\WSOCK32.dll
0x00007ffd29310000 - 0x00007ffd29333000 	C:\WINDOWS\SYSTEM32\WINMM.dll
0x00007ffd2d300000 - 0x00007ffd2d36a000 	C:\WINDOWS\System32\WS2_32.dll
0x00007ffd292b0000 - 0x00007ffd292db000 	C:\WINDOWS\SYSTEM32\WINMMBASE.dll
0x00007ffd2b010000 - 0x00007ffd2b052000 	C:\WINDOWS\System32\cfgmgr32.dll
0x0000000066350000 - 0x000000006635f000 	C:\Program Files\Java\jdk1.8.0_60\jre\bin\verify.dll
0x0000000066320000 - 0x0000000066349000 	C:\Program Files\Java\jdk1.8.0_60\jre\bin\java.dll
0x0000000066300000 - 0x0000000066316000 	C:\Program Files\Java\jdk1.8.0_60\jre\bin\zip.dll
0x00007ffd2d4f0000 - 0x00007ffd2e9f9000 	C:\WINDOWS\System32\SHELL32.dll
0x00007ffd2b410000 - 0x00007ffd2baea000 	C:\WINDOWS\System32\windows.storage.dll
0x00007ffd2afa0000 - 0x00007ffd2afec000 	C:\WINDOWS\System32\powrprof.dll
0x00007ffd2cbb0000 - 0x00007ffd2cc02000 	C:\WINDOWS\System32\shlwapi.dll
0x00007ffd2af90000 - 0x00007ffd2af9f000 	C:\WINDOWS\System32\kernel.appcore.dll
0x00007ffd2b360000 - 0x00007ffd2b409000 	C:\WINDOWS\System32\shcore.dll
0x00007ffd2af60000 - 0x00007ffd2af74000 	C:\WINDOWS\System32\profapi.dll
0x00000000662e0000 - 0x00000000662fa000 	C:\Program Files\Java\jdk1.8.0_60\jre\bin\net.dll
0x00007ffd2a6e0000 - 0x00007ffd2a73c000 	C:\WINDOWS\system32\mswsock.dll
0x00000000662c0000 - 0x00000000662d1000 	C:\Program Files\Java\jdk1.8.0_60\jre\bin\nio.dll
0x00007ffd1dfc0000 - 0x00007ffd1dfd2000 	C:\Users\David\.gradle\native\19\windows-amd64\native-platform.dll
0x00007ffd2a9d0000 - 0x00007ffd2a9e7000 	C:\WINDOWS\SYSTEM32\CRYPTSP.dll
0x00007ffd2a8e0000 - 0x00007ffd2a913000 	C:\WINDOWS\system32\rsaenh.dll
0x00007ffd2aea0000 - 0x00007ffd2aecb000 	C:\WINDOWS\SYSTEM32\bcrypt.dll
0x00007ffd2a560000 - 0x00007ffd2a57f000 	C:\WINDOWS\SYSTEM32\USERENV.dll
0x00007ffd2a9f0000 - 0x00007ffd2a9fb000 	C:\WINDOWS\SYSTEM32\CRYPTBASE.dll
0x00007ffd2a470000 - 0x00007ffd2a4a8000 	C:\WINDOWS\SYSTEM32\IPHLPAPI.DLL
0x00007ffd2d2f0000 - 0x00007ffd2d2f8000 	C:\WINDOWS\System32\NSI.dll
0x00007ffd24610000 - 0x00007ffd24626000 	C:\WINDOWS\SYSTEM32\dhcpcsvc6.DLL
0x00007ffd268f0000 - 0x00007ffd2690a000 	C:\WINDOWS\SYSTEM32\dhcpcsvc.DLL
0x00000000662b0000 - 0x00000000662bd000 	C:\Program Files\Java\jdk1.8.0_60\jre\bin\management.dll
0x00007ffd29510000 - 0x00007ffd2958a000 	C:\WINDOWS\system32\apphelp.dll

VM Arguments:
jvm_args: -XX:MaxPermSize=256m -XX:+HeapDumpOnOutOfMemoryError -Xmx1024m -Dfile.encoding=windows-1252 -Duser.country=US -Duser.language=en -Duser.variant 
java_command: org.gradle.launcher.daemon.bootstrap.GradleDaemon 2.14.1
java_class_path (initial): C:\Users\David\AndroidStudioProjects\android-studio\gradle\gradle-2.14.1\lib\gradle-launcher-2.14.1.jar
Launcher Type: SUN_STANDARD

Environment Variables:
JAVA_HOME=C:\Program Files\Java\jdk1.8.0_60\
PATH=C:\Program Files (x86)\NVIDIA Corporation\PhysX\Common;C:\ProgramData\Oracle\Java\javapath;C:\Program Files (x86)\Lenovo\FusionEngine;C:\Program Files (x86)\Intel\iCLS Client\;C:\Program Files\Intel\iCLS Client\;C:\WINDOWS\system32;C:\WINDOWS;C:\WINDOWS\System32\Wbem;C:\WINDOWS\System32\WindowsPowerShell\v1.0\;C:\Program Files\Intel\Intel(R) Management Engine Components\DAL;C:\Program Files (x86)\Intel\Intel(R) Management Engine Components\DAL;C:\Program Files\Intel\Intel(R) Management Engine Components\IPT;C:\Program Files (x86)\Intel\Intel(R) Management Engine Components\IPT;C:\Program Files (x86)\ATI Technologies\ATI.ACE\Core-Static;C:\Program Files\Intel\WiFi\bin\;C:\Program Files\Common Files\Intel\WirelessCommon\;C:\Program Files (x86)\Windows Live\Shared;C:\Program Files (x86)\AMD\ATI.ACE\Core-Static;C:\Program Files\nodejs\;C:\Program Files\Git\cmd;C:\Program Files\nodejs\node_modules\npm\bin;C:\Users\David\AppData\Roaming\npm;C:\Program Files (x86)\Skype\Phone\;C:\Program Files\nodejs\node_modules\npm\bin;C:\Program Files\Java\jdk1.8.0_60\bin;C:\Users\David\AppData\Local\atom\bin;C:\Program Files\gradle\bin;C:\Users\David\AppData\Local\Android\sdk1\platform-tools;C:\Users\David\AppData\Local\Microsoft\WindowsApps;C:\Program Files\gradle-3.0\bin;C:\Users\David\AppData\Local\.meteor\;C:\Python27;C:\Users\David\AppData\Local\pip;C:\Python27\Scripts
USERNAME=David
OS=Windows_NT
PROCESSOR_IDENTIFIER=Intel64 Family 6 Model 61 Stepping 4, GenuineIntel



---------------  S Y S T E M  ---------------

OS: Windows 10.0 , 64 bit Build 14393 (10.0.14393.0)

CPU:total 4 (2 cores per cpu, 2 threads per core) family 6 model 61 stepping 4, cmov, cx8, fxsr, mmx, sse, sse2, sse3, ssse3, sse4.1, sse4.2, popcnt, avx, avx2, aes, clmul, erms, 3dnowpref, lzcnt, ht, tsc, tscinvbit, bmi1, bmi2, adx

Memory: 4k page, physical 8300384k(1302568k free), swap 10255200k(3680k free)

vm_info: Java HotSpot(TM) 64-Bit Server VM (25.60-b23) for windows-amd64 JRE (1.8.0_60-b27), built on Aug  4 2015 11:06:27 by "java_re" with MS VC++ 10.0 (VS2010)

time: Sun Nov 27 05:08:07 2016
elapsed time: 6476 seconds (0d 1h 47m 56s)

