#
# There is insufficient memory for the Java Runtime Environment to continue.
# Native memory allocation (malloc) failed to allocate 335696 bytes for Chunk::new
# Possible reasons:
#   The system is out of physical RAM or swap space
#   In 32 bit mode, the process size limit was hit
# Possible solutions:
#   Reduce memory load on the system
#   Increase physical memory or swap space
#   Check if swap backing store is full
#   Use 64 bit Java on a 64 bit OS
#   Decrease Java heap size (-Xmx/-Xms)
#   Decrease number of Java threads
#   Decrease Java thread stack sizes (-Xss)
#   Set larger code cache with -XX:ReservedCodeCacheSize=
# This output file may be truncated or incomplete.
#
#  Out of Memory Error (allocation.cpp:390), pid=11024, tid=14964
#
# JRE version: Java(TM) SE Runtime Environment (8.0_60-b27) (build 1.8.0_60-b27)
# Java VM: Java HotSpot(TM) 64-Bit Server VM (25.60-b23 mixed mode windows-amd64 compressed oops)
# Failed to write core dump. Minidumps are not enabled by default on client versions of Windows
#

---------------  T H R E A D  ---------------

Current thread (0x0000000014f01000):  JavaThread "C2 CompilerThread1" daemon [_thread_in_native, id=14964, stack(0x0000000016650000,0x0000000016750000)]

Stack: [0x0000000016650000,0x0000000016750000]
[error occurred during error reporting (printing stack bounds), id 0xc0000005]

Native frames: (J=compiled Java code, j=interpreted, Vv=VM code, C=native code)


Current CompileTask:
C2:   1447  596       4       com.android.dx.ssa.NormalSsaInsn::accept (25 bytes)


---------------  P R O C E S S  ---------------

Java Threads: ( => current thread )
  0x0000000016b0b800 JavaThread "pool-2-thread-4" [_thread_new, id=6924, stack(0x0000000000000000,0x0000000000000000)]
  0x0000000016acb000 JavaThread "pool-2-thread-3" [_thread_in_Java, id=14156, stack(0x0000000017150000,0x0000000017250000)]
  0x00000000169a2000 JavaThread "pool-2-thread-2" [_thread_in_Java, id=10284, stack(0x0000000017050000,0x0000000017150000)]
  0x000000001699f000 JavaThread "pool-3-thread-1" [_thread_blocked, id=13000, stack(0x0000000016f50000,0x0000000017050000)]
  0x0000000016998000 JavaThread "pool-2-thread-1" [_thread_blocked, id=5580, stack(0x0000000016e50000,0x0000000016f50000)]
  0x0000000016850800 JavaThread "Service Thread" daemon [_thread_blocked, id=8540, stack(0x0000000016c50000,0x0000000016d50000)]
  0x0000000014f5c800 JavaThread "C1 CompilerThread2" daemon [_thread_blocked, id=6328, stack(0x0000000016750000,0x0000000016850000)]
=>0x0000000014f01000 JavaThread "C2 CompilerThread1" daemon [_thread_in_native, id=14964, stack(0x0000000016650000,0x0000000016750000)]
  0x0000000014efa000 JavaThread "C2 CompilerThread0" daemon [_thread_blocked, id=5740, stack(0x0000000016550000,0x0000000016650000)]
  0x0000000014ef8000 JavaThread "Attach Listener" daemon [_thread_blocked, id=17476, stack(0x0000000016450000,0x0000000016550000)]
  0x0000000014ef7000 JavaThread "Signal Dispatcher" daemon [_thread_blocked, id=11184, stack(0x0000000016350000,0x0000000016450000)]
  0x0000000002821000 JavaThread "Finalizer" daemon [_thread_blocked, id=3804, stack(0x0000000016160000,0x0000000016260000)]
  0x000000000281e000 JavaThread "Reference Handler" daemon [_thread_blocked, id=7336, stack(0x0000000016060000,0x0000000016160000)]
  0x000000000252d800 JavaThread "main" [_thread_in_native, id=11336, stack(0x0000000002530000,0x0000000002630000)]

Other Threads:
  0x0000000014ec7800 VMThread [stack: 0x0000000015f60000,0x0000000016060000] [id=14352]
  0x0000000016855800 WatcherThread [stack: 0x0000000016d50000,0x0000000016e50000] [id=6584]

VM state:not at safepoint (normal execution)

VM Mutex/Monitor currently owned by a thread: None

Heap:
 PSYoungGen      total 38400K, used 12910K [0x00000000eab00000, 0x00000000ed580000, 0x0000000100000000)
  eden space 33280K, 38% used [0x00000000eab00000,0x00000000eb79b918,0x00000000ecb80000)
  from space 5120K, 0% used [0x00000000ed080000,0x00000000ed080000,0x00000000ed580000)
  to   space 5120K, 0% used [0x00000000ecb80000,0x00000000ecb80000,0x00000000ed080000)
 ParOldGen       total 87552K, used 0K [0x00000000c0000000, 0x00000000c5580000, 0x00000000eab00000)
  object space 87552K, 0% used [0x00000000c0000000,0x00000000c0000000,0x00000000c5580000)
 Metaspace       used 5433K, capacity 6576K, committed 6784K, reserved 1056768K
  class space    used 573K, capacity 616K, committed 640K, reserved 1048576K

Card table byte_map: [0x0000000011bf0000,0x0000000011e00000] byte_map_base: 0x00000000115f0000

Marking Bits: (ParMarkBitMap*) 0x000000005a35a5b0
 Begin Bits: [0x0000000012360000, 0x0000000013360000)
 End Bits:   [0x0000000013360000, 0x0000000014360000)

Polling page: 0x0000000000ca0000

CodeCache: size=245760Kb used=2637Kb max_used=2640Kb free=243123Kb
 bounds [0x0000000002830000, 0x0000000002ad0000, 0x0000000011830000]
 total_blobs=895 nmethods=634 adapters=174
 compilation: enabled

Compilation events (10 events):
Event: 1.442 Thread 0x0000000014efa000  626       4       java.util.BitSet::get (69 bytes)
Event: 1.442 Thread 0x0000000014f5c800 nmethod 620 0x0000000002ab4e10 code [0x0000000002ab4fa0, 0x0000000002ab5358]
Event: 1.442 Thread 0x0000000014f5c800  616       3       com.android.dx.rop.code.LocalVariableInfo::mutableCopyOfStarts (29 bytes)
Event: 1.443 Thread 0x0000000014f5c800 nmethod 616 0x0000000002ab4290 code [0x0000000002ab4440, 0x0000000002ab4a78]
Event: 1.443 Thread 0x0000000014f5c800  625       3       com.android.dx.ssa.back.RegisterAllocator::getDefinitionSpecForSsaReg (22 bytes)
Event: 1.443 Thread 0x0000000014f5c800 nmethod 625 0x0000000002ab3d10 code [0x0000000002ab3e80, 0x0000000002ab4188]
Event: 1.443 Thread 0x0000000014f5c800  623       3       com.android.dx.ssa.back.FirstFitLocalCombiningAllocator$1::processInsn (169 bytes)
Event: 1.443 Thread 0x0000000014efa000 nmethod 626 0x0000000002ab0550 code [0x0000000002ab0680, 0x0000000002ab0758]
Event: 1.443 Thread 0x0000000014efa000  627       4       com.android.dx.ssa.NormalSsaInsn::getOpcode (8 bytes)
Event: 1.444 Thread 0x0000000014efa000 nmethod 627 0x0000000002ab3ad0 code [0x0000000002ab3c00, 0x0000000002ab3c78]

GC Heap History (0 events):
No events

Deoptimization events (10 events):
Event: 1.335 Thread 0x0000000016998000 Uncommon trap: reason=class_check action=maybe_recompile pc=0x00000000029b673c method=com.android.dx.rop.cst.Constant.compareTo(Ljava/lang/Object;)I @ 2
Event: 1.335 Thread 0x0000000016998000 Uncommon trap: reason=class_check action=maybe_recompile pc=0x00000000029bc874 method=com.android.dx.rop.cst.CstMemberRef.compareTo0(Lcom/android/dx/rop/cst/Constant;)I @ 1
Event: 1.335 Thread 0x0000000016acb000 Uncommon trap: reason=class_check action=maybe_recompile pc=0x00000000029b673c method=com.android.dx.rop.cst.Constant.compareTo(Ljava/lang/Object;)I @ 2
Event: 1.335 Thread 0x0000000016acb000 Uncommon trap: reason=class_check action=maybe_recompile pc=0x00000000029bc874 method=com.android.dx.rop.cst.CstMemberRef.compareTo0(Lcom/android/dx/rop/cst/Constant;)I @ 1
Event: 1.335 Thread 0x0000000016acb000 Uncommon trap: reason=class_check action=maybe_recompile pc=0x00000000029b673c method=com.android.dx.rop.cst.Constant.compareTo(Ljava/lang/Object;)I @ 2
Event: 1.335 Thread 0x0000000016acb000 Uncommon trap: reason=class_check action=maybe_recompile pc=0x00000000029bc874 method=com.android.dx.rop.cst.CstMemberRef.compareTo0(Lcom/android/dx/rop/cst/Constant;)I @ 1
Event: 1.335 Thread 0x00000000169a2000 Uncommon trap: reason=class_check action=maybe_recompile pc=0x00000000029b673c method=com.android.dx.rop.cst.Constant.compareTo(Ljava/lang/Object;)I @ 2
Event: 1.335 Thread 0x00000000169a2000 Uncommon trap: reason=class_check action=maybe_recompile pc=0x00000000029bc874 method=com.android.dx.rop.cst.CstMemberRef.compareTo0(Lcom/android/dx/rop/cst/Constant;)I @ 1
Event: 1.369 Thread 0x00000000169a2000 Uncommon trap: reason=unstable_if action=reinterpret pc=0x0000000002a334e0 method=java.util.HashMap.getNode(ILjava/lang/Object;)Ljava/util/HashMap$Node; @ 129
Event: 1.419 Thread 0x0000000016acb000 Uncommon trap: reason=unstable_if action=reinterpret pc=0x00000000029b8838 method=com.android.dx.rop.cst.CstFieldRef.compareTo0(Lcom/android/dx/rop/cst/Constant;)I @ 7

Internal exceptions (2 events):
Event: 0.099 Thread 0x000000000252d800 Exception <a 'java/lang/NoSuchMethodError': Method sun.misc.Unsafe.defineClass(Ljava/lang/String;[BII)Ljava/lang/Class; name or signature does not match> (0x00000000eab0dba8) thrown at [C:\re\workspace\8-2-build-windows-amd64-cygwin\jdk8u60\4407\hotspot\sr½î3‰¼?
Event: 0.110 Thread 0x000000000252d800 Exception <a 'java/lang/NoSuchMethodError': Method sun.misc.Unsafe.prefetchRead(Ljava/lang/Object;J)V name or signature does not match> (0x00000000eab0de90) thrown at [C:\re\workspace\8-2-build-windows-amd64-cygwin\jdk8u60\4407\hotspot\src\share\vm\prims\j

Events (10 events):
Event: 1.361 loading class com/android/dx/ssa/back/FirstFitLocalCombiningAllocator$Multiset
Event: 1.361 loading class com/android/dx/ssa/back/FirstFitLocalCombiningAllocator$Multiset done
Event: 1.364 loading class java/util/DualPivotQuicksort
Event: 1.364 loading class java/util/DualPivotQuicksort done
Event: 1.369 Thread 0x00000000169a2000 Uncommon trap: trap_request=0xffffff65 fr.pc=0x0000000002a334e0
Event: 1.369 Thread 0x00000000169a2000 DEOPT PACKING pc=0x0000000002a334e0 sp=0x000000001714e830
Event: 1.369 Thread 0x00000000169a2000 DEOPT UNPACKING pc=0x000000000287582a sp=0x000000001714e7a8 mode 2
Event: 1.419 Thread 0x0000000016acb000 Uncommon trap: trap_request=0xffffff65 fr.pc=0x00000000029b8838
Event: 1.419 Thread 0x0000000016acb000 DEOPT PACKING pc=0x00000000029b8838 sp=0x000000001724f190
Event: 1.419 Thread 0x0000000016acb000 DEOPT UNPACKING pc=0x000000000287582a sp=0x000000001724f118 mode 2


Dynamic libraries:
0x00007ff7a0b80000 - 0x00007ff7a0bb7000 	C:\Program Files\Java\jdk1.8.0_60\bin\java.exe
0x00007ffa45090000 - 0x00007ffa45261000 	C:\WINDOWS\SYSTEM32\ntdll.dll
0x00007ffa44fe0000 - 0x00007ffa4508b000 	C:\WINDOWS\System32\KERNEL32.DLL
0x00007ffa416f0000 - 0x00007ffa4190d000 	C:\WINDOWS\System32\KERNELBASE.dll
0x00007ffa44ac0000 - 0x00007ffa44b62000 	C:\WINDOWS\System32\ADVAPI32.dll
0x00007ffa428c0000 - 0x00007ffa4295e000 	C:\WINDOWS\System32\msvcrt.dll
0x00007ffa42af0000 - 0x00007ffa42b49000 	C:\WINDOWS\System32\sechost.dll
0x00007ffa42790000 - 0x00007ffa428b1000 	C:\WINDOWS\System32\RPCRT4.dll
0x00007ffa42620000 - 0x00007ffa42785000 	C:\WINDOWS\System32\USER32.dll
0x00007ffa41970000 - 0x00007ffa4198e000 	C:\WINDOWS\System32\win32u.dll
0x00007ffa44b70000 - 0x00007ffa44ba4000 	C:\WINDOWS\System32\GDI32.dll
0x00007ffa41db0000 - 0x00007ffa41f32000 	C:\WINDOWS\System32\gdi32full.dll
0x00007ffa2e050000 - 0x00007ffa2e2c9000 	C:\WINDOWS\WinSxS\amd64_microsoft.windows.common-controls_6595b64144ccf1df_6.0.14393.447_none_42191651c6827bb3\COMCTL32.dll
0x00007ffa42b60000 - 0x00007ffa42e27000 	C:\WINDOWS\System32\combase.dll
0x00007ffa41990000 - 0x00007ffa41a85000 	C:\WINDOWS\System32\ucrtbase.dll
0x00007ffa41630000 - 0x00007ffa4169a000 	C:\WINDOWS\System32\bcryptPrimitives.dll
0x00007ffa42960000 - 0x00007ffa4298e000 	C:\WINDOWS\System32\IMM32.DLL
0x000000005ada0000 - 0x000000005ae72000 	C:\Program Files\Java\jdk1.8.0_60\jre\bin\msvcr100.dll
0x0000000059b50000 - 0x000000005a3d9000 	C:\Program Files\Java\jdk1.8.0_60\jre\bin\server\jvm.dll
0x00007ffa44cf0000 - 0x00007ffa44cf8000 	C:\WINDOWS\System32\PSAPI.DLL
0x00007ffa32f30000 - 0x00007ffa32f39000 	C:\WINDOWS\SYSTEM32\WSOCK32.dll
0x00007ffa445a0000 - 0x00007ffa4460a000 	C:\WINDOWS\System32\WS2_32.dll
0x00007ffa3f8a0000 - 0x00007ffa3f8c3000 	C:\WINDOWS\SYSTEM32\WINMM.dll
0x00007ffa341c0000 - 0x00007ffa341ca000 	C:\WINDOWS\SYSTEM32\VERSION.dll
0x00007ffa3f6b0000 - 0x00007ffa3f6db000 	C:\WINDOWS\SYSTEM32\WINMMBASE.dll
0x00007ffa416a0000 - 0x00007ffa416e2000 	C:\WINDOWS\System32\cfgmgr32.dll
0x000000005b870000 - 0x000000005b87f000 	C:\Program Files\Java\jdk1.8.0_60\jre\bin\verify.dll
0x000000005b840000 - 0x000000005b869000 	C:\Program Files\Java\jdk1.8.0_60\jre\bin\java.dll
0x000000005b820000 - 0x000000005b836000 	C:\Program Files\Java\jdk1.8.0_60\jre\bin\zip.dll
0x00007ffa42e30000 - 0x00007ffa44339000 	C:\WINDOWS\System32\SHELL32.dll
0x00007ffa41f40000 - 0x00007ffa4261a000 	C:\WINDOWS\System32\windows.storage.dll
0x00007ffa414f0000 - 0x00007ffa4153c000 	C:\WINDOWS\System32\powrprof.dll
0x00007ffa42a90000 - 0x00007ffa42ae2000 	C:\WINDOWS\System32\shlwapi.dll
0x00007ffa41570000 - 0x00007ffa4157f000 	C:\WINDOWS\System32\kernel.appcore.dll
0x00007ffa41d00000 - 0x00007ffa41da9000 	C:\WINDOWS\System32\shcore.dll
0x00007ffa41540000 - 0x00007ffa41554000 	C:\WINDOWS\System32\profapi.dll

VM Arguments:
jvm_args: -Djava.awt.headless=true -Xmx1024M -Dfile.encoding=windows-1252 -Duser.country=US -Duser.language=en -Duser.variant 
java_command: com.android.dx.command.Main --dex --force-jumbo --num-threads=4 --multi-dex --output C:\Users\David\AndroidStudioProjects\WaterResources\app\build\intermediates\transforms\dex\debug\folders\1000\5\slice_0 C:\Users\David\AndroidStudioProjects\WaterResources\app\build\intermediates\transforms\instantRunSlicer\debug\folders\1\5\slice_0
java_class_path (initial): C:\Users\David\AppData\Local\Android\sdk1\build-tools\25.0.0\lib\dx.jar
Launcher Type: SUN_STANDARD

Environment Variables:
JAVA_HOME=C:\Program Files\Java\jdk1.8.0_60\
PATH=C:\Program Files (x86)\NVIDIA Corporation\PhysX\Common;C:\ProgramData\Oracle\Java\javapath;C:\Program Files (x86)\Lenovo\FusionEngine;C:\Program Files (x86)\Intel\iCLS Client\;C:\Program Files\Intel\iCLS Client\;C:\WINDOWS\system32;C:\WINDOWS;C:\WINDOWS\System32\Wbem;C:\WINDOWS\System32\WindowsPowerShell\v1.0\;C:\Program Files\Intel\Intel(R) Management Engine Components\DAL;C:\Program Files (x86)\Intel\Intel(R) Management Engine Components\DAL;C:\Program Files\Intel\Intel(R) Management Engine Components\IPT;C:\Program Files (x86)\Intel\Intel(R) Management Engine Components\IPT;C:\Program Files (x86)\ATI Technologies\ATI.ACE\Core-Static;C:\Program Files\Intel\WiFi\bin\;C:\Program Files\Common Files\Intel\WirelessCommon\;C:\Program Files (x86)\Windows Live\Shared;C:\Program Files (x86)\AMD\ATI.ACE\Core-Static;C:\Program Files\nodejs\;C:\Program Files\Git\cmd;C:\Program Files\nodejs\node_modules\npm\bin;C:\Users\David\AppData\Roaming\npm;C:\Program Files (x86)\Skype\Phone\;C:\Program Files\nodejs\node_modules\npm\bin;C:\Program Files\Java\jdk1.8.0_60\bin;C:\Users\David\AppData\Local\atom\bin;C:\Program Files\gradle\bin;C:\Users\David\AppData\Local\Android\sdk1\platform-tools;C:\Users\David\AppData\Local\Microsoft\WindowsApps;C:\Program Files\gradle-3.0\bin;C:\Users\David\AppData\Local\.meteor\;C:\Python27;C:\Users\David\AppData\Local\pip;C:\Python27\Scripts
USERNAME=David
OS=Windows_NT
PROCESSOR_IDENTIFIER=Intel64 Family 6 Model 61 Stepping 4, GenuineIntel



---------------  S Y S T E M  ---------------

OS: Windows 10.0 , 64 bit Build 14393 (10.0.14393.0)

CPU:total 4 (2 cores per cpu, 2 threads per core) family 6 model 61 stepping 4, cmov, cx8, fxsr, mmx, sse, sse2, sse3, ssse3, sse4.1, sse4.2, popcnt, avx, avx2, aes, clmul, erms, 3dnowpref, lzcnt, ht, tsc, tscinvbit, bmi1, bmi2, adx

Memory: 4k page, physical 8300384k(1331472k free), swap 10255200k(2380k free)

vm_info: Java HotSpot(TM) 64-Bit Server VM (25.60-b23) for windows-amd64 JRE (1.8.0_60-b27), built on Aug  4 2015 11:06:27 by "java_re" with MS VC++ 10.0 (VS2010)

time: Wed Nov 23 23:46:17 2016
elapsed time: 1 seconds (0d 0h 0m 1s)

