#
# There is insufficient memory for the Java Runtime Environment to continue.
# Native memory allocation (malloc) failed to allocate 16384 bytes for AllocateHeap
# Possible reasons:
#   The system is out of physical RAM or swap space
#   In 32 bit mode, the process size limit was hit
# Possible solutions:
#   Reduce memory load on the system
#   Increase physical memory or swap space
#   Check if swap backing store is full
#   Use 64 bit Java on a 64 bit OS
#   Decrease Java heap size (-Xmx/-Xms)
#   Decrease number of Java threads
#   Decrease Java thread stack sizes (-Xss)
#   Set larger code cache with -XX:ReservedCodeCacheSize=
# This output file may be truncated or incomplete.
#
#  Out of Memory Error (memory/allocation.inline.hpp:61), pid=15896, tid=5760
#
# JRE version: Java(TM) SE Runtime Environment (8.0_60-b27) (build 1.8.0_60-b27)
# Java VM: Java HotSpot(TM) 64-Bit Server VM (25.60-b23 mixed mode windows-amd64 compressed oops)
# Failed to write core dump. Minidumps are not enabled by default on client versions of Windows
#

---------------  T H R E A D  ---------------

Current thread (0x0000000002d1d800):  JavaThread "main" [_thread_in_vm, id=5760, stack(0x0000000002c00000,0x0000000002d00000)]

Stack: [0x0000000002c00000,0x0000000002d00000]
[error occurred during error reporting (printing stack bounds), id 0xc0000005]

Native frames: (J=compiled Java code, j=interpreted, Vv=VM code, C=native code)

Java frames: (J=compiled Java code, j=interpreted, Vv=VM code)
j  java.lang.ClassLoader.defineClass1(Ljava/lang/String;[BIILjava/security/ProtectionDomain;Ljava/lang/String;)Ljava/lang/Class;+0
j  java.lang.ClassLoader.defineClass(Ljava/lang/String;[BIILjava/security/ProtectionDomain;)Ljava/lang/Class;+27
j  java.security.SecureClassLoader.defineClass(Ljava/lang/String;[BIILjava/security/CodeSource;)Ljava/lang/Class;+12
j  java.net.URLClassLoader.defineClass(Ljava/lang/String;Lsun/misc/Resource;)Ljava/lang/Class;+138
j  java.net.URLClassLoader.access$100(Ljava/net/URLClassLoader;Ljava/lang/String;Lsun/misc/Resource;)Ljava/lang/Class;+3
j  java.net.URLClassLoader$1.run()Ljava/lang/Class;+43
j  java.net.URLClassLoader$1.run()Ljava/lang/Object;+1
v  ~StubRoutines::call_stub
j  java.security.AccessController.doPrivileged(Ljava/security/PrivilegedExceptionAction;Ljava/security/AccessControlContext;)Ljava/lang/Object;+0
j  java.net.URLClassLoader.findClass(Ljava/lang/String;)Ljava/lang/Class;+13
j  java.lang.ClassLoader.loadClass(Ljava/lang/String;Z)Ljava/lang/Class;+70
j  sun.misc.Launcher$AppClassLoader.loadClass(Ljava/lang/String;Z)Ljava/lang/Class;+81
j  java.lang.ClassLoader.loadClass(Ljava/lang/String;)Ljava/lang/Class;+3
j  sun.launcher.LauncherHelper.checkAndLoadMain(ZILjava/lang/String;)Ljava/lang/Class;+93
v  ~StubRoutines::call_stub

---------------  P R O C E S S  ---------------

Java Threads: ( => current thread )
  0x00000000156ce800 JavaThread "Service Thread" daemon [_thread_blocked, id=4728, stack(0x00000000173b0000,0x00000000174b0000)]
  0x00000000156c9800 JavaThread "C1 CompilerThread2" daemon [_thread_blocked, id=17056, stack(0x0000000016eb0000,0x0000000016fb0000)]
  0x0000000015671000 JavaThread "C2 CompilerThread1" daemon [_thread_blocked, id=7716, stack(0x0000000016db0000,0x0000000016eb0000)]
  0x000000001566a000 JavaThread "C2 CompilerThread0" daemon [_thread_blocked, id=14584, stack(0x0000000016cb0000,0x0000000016db0000)]
  0x0000000015668000 JavaThread "Attach Listener" daemon [_thread_blocked, id=13476, stack(0x0000000016bb0000,0x0000000016cb0000)]
  0x0000000015667000 JavaThread "Signal Dispatcher" daemon [_thread_blocked, id=6240, stack(0x0000000016ab0000,0x0000000016bb0000)]
  0x0000000002f91000 JavaThread "Finalizer" daemon [_thread_blocked, id=13724, stack(0x00000000168c0000,0x00000000169c0000)]
  0x0000000015639800 JavaThread "Reference Handler" daemon [_thread_blocked, id=412, stack(0x00000000167c0000,0x00000000168c0000)]
=>0x0000000002d1d800 JavaThread "main" [_thread_in_vm, id=5760, stack(0x0000000002c00000,0x0000000002d00000)]

Other Threads:
  0x0000000015637800 VMThread [stack: 0x00000000166c0000,0x00000000167c0000] [id=13780]
  0x0000000016fbb800 WatcherThread [stack: 0x00000000174b0000,0x00000000175b0000] [id=12220]

VM state:not at safepoint (normal execution)

VM Mutex/Monitor currently owned by a thread:  ([mutex/lock_event])
[0x0000000002d1cca0] SystemDictionary_lock - owner thread: 0x0000000002d1d800

Heap:
 PSYoungGen      total 38400K, used 1996K [0x00000000eab00000, 0x00000000ed580000, 0x0000000100000000)
  eden space 33280K, 6% used [0x00000000eab00000,0x00000000eacf33f8,0x00000000ecb80000)
  from space 5120K, 0% used [0x00000000ed080000,0x00000000ed080000,0x00000000ed580000)
  to   space 5120K, 0% used [0x00000000ecb80000,0x00000000ecb80000,0x00000000ed080000)
 ParOldGen       total 87552K, used 0K [0x00000000c0000000, 0x00000000c5580000, 0x00000000eab00000)
  object space 87552K, 0% used [0x00000000c0000000,0x00000000c0000000,0x00000000c5580000)
 Metaspace       used 2773K, capacity 4486K, committed 4864K, reserved 1056768K
  class space    used 300K, capacity 386K, committed 512K, reserved 1048576K

Card table byte_map: [0x0000000012360000,0x0000000012570000] byte_map_base: 0x0000000011d60000

Marking Bits: (ParMarkBitMap*) 0x000000005a35a5b0
 Begin Bits: [0x0000000012ad0000, 0x0000000013ad0000)
 End Bits:   [0x0000000013ad0000, 0x0000000014ad0000)

Polling page: 0x0000000001450000

CodeCache: size=245760Kb used=1097Kb max_used=1102Kb free=244662Kb
 bounds [0x0000000002fa0000, 0x0000000003210000, 0x0000000011fa0000]
 total_blobs=257 nmethods=23 adapters=148
 compilation: enabled

Compilation events (10 events):
Event: 0.496 Thread 0x00000000156c9800   19       3       java.lang.String::getChars (62 bytes)
Event: 0.496 Thread 0x00000000156c9800 nmethod 19 0x00000000030b01d0 code [0x00000000030b0380, 0x00000000030b07b8]
Event: 0.497 Thread 0x000000001566a000   20       4       java.lang.String::charAt (29 bytes)
Event: 0.498 Thread 0x000000001566a000 nmethod 20 0x00000000030b3690 code [0x00000000030b37e0, 0x00000000030b3898]
Event: 0.499 Thread 0x00000000156c9800   21       3       java.lang.String::indexOf (7 bytes)
Event: 0.499 Thread 0x00000000156c9800 nmethod 21 0x00000000030b3290 code [0x00000000030b3400, 0x00000000030b3608]
Event: 0.526 Thread 0x00000000156c9800   22       3       java.util.jar.Attributes$Name::isValid (32 bytes)
Event: 0.527 Thread 0x00000000156c9800 nmethod 22 0x00000000030b21d0 code [0x00000000030b2340, 0x00000000030b25f8]
Event: 0.527 Thread 0x00000000156c9800   23       3       java.util.jar.Attributes$Name::isAlpha (30 bytes)
Event: 0.527 Thread 0x00000000156c9800 nmethod 23 0x00000000030b1dd0 code [0x00000000030b1f40, 0x00000000030b2170]

GC Heap History (0 events):
No events

Deoptimization events (0 events):
No events

Internal exceptions (2 events):
Event: 0.237 Thread 0x0000000002d1d800 Exception <a 'java/lang/NoSuchMethodError': Method sun.misc.Unsafe.defineClass(Ljava/lang/String;[BII)Ljava/lang/Class; name or signature does not match> (0x00000000eab0dba8) thrown at [C:\re\workspace\8-2-build-windows-amd64-cygwin\jdk8u60\4407\hotspot\srÜ:Ê½IÎ?
Event: 0.237 Thread 0x0000000002d1d800 Exception <a 'java/lang/NoSuchMethodError': Method sun.misc.Unsafe.prefetchRead(Ljava/lang/Object;J)V name or signature does not match> (0x00000000eab0de90) thrown at [C:\re\workspace\8-2-build-windows-amd64-cygwin\jdk8u60\4407\hotspot\src\share\vm\prims\j

Events (10 events):
Event: 0.564 loading class java/io/FilePermission$1
Event: 0.564 loading class java/io/FilePermission$1 done
Event: 0.564 loading class java/io/FilePermissionCollection
Event: 0.564 loading class java/io/FilePermissionCollection done
Event: 0.564 loading class java/security/AllPermission
Event: 0.564 loading class java/security/AllPermission done
Event: 0.564 loading class java/security/UnresolvedPermission
Event: 0.564 loading class java/security/UnresolvedPermission done
Event: 0.564 loading class java/security/BasicPermissionCollection
Event: 0.565 loading class java/security/BasicPermissionCollection done


Dynamic libraries:
0x00007ff63a0c0000 - 0x00007ff63a0f7000 	C:\Program Files\Java\jdk1.8.0_60\bin\java.exe
0x00007ffa45090000 - 0x00007ffa45261000 	C:\WINDOWS\SYSTEM32\ntdll.dll
0x00007ffa44fe0000 - 0x00007ffa4508b000 	C:\WINDOWS\System32\KERNEL32.DLL
0x00007ffa416f0000 - 0x00007ffa4190d000 	C:\WINDOWS\System32\KERNELBASE.dll
0x00007ffa44ac0000 - 0x00007ffa44b62000 	C:\WINDOWS\System32\ADVAPI32.dll
0x00007ffa428c0000 - 0x00007ffa4295e000 	C:\WINDOWS\System32\msvcrt.dll
0x00007ffa42af0000 - 0x00007ffa42b49000 	C:\WINDOWS\System32\sechost.dll
0x00007ffa42790000 - 0x00007ffa428b1000 	C:\WINDOWS\System32\RPCRT4.dll
0x00007ffa42620000 - 0x00007ffa42785000 	C:\WINDOWS\System32\USER32.dll
0x00007ffa41970000 - 0x00007ffa4198e000 	C:\WINDOWS\System32\win32u.dll
0x00007ffa44b70000 - 0x00007ffa44ba4000 	C:\WINDOWS\System32\GDI32.dll
0x00007ffa41db0000 - 0x00007ffa41f32000 	C:\WINDOWS\System32\gdi32full.dll
0x00007ffa2e050000 - 0x00007ffa2e2c9000 	C:\WINDOWS\WinSxS\amd64_microsoft.windows.common-controls_6595b64144ccf1df_6.0.14393.447_none_42191651c6827bb3\COMCTL32.dll
0x00007ffa42b60000 - 0x00007ffa42e27000 	C:\WINDOWS\System32\combase.dll
0x00007ffa41990000 - 0x00007ffa41a85000 	C:\WINDOWS\System32\ucrtbase.dll
0x00007ffa41630000 - 0x00007ffa4169a000 	C:\WINDOWS\System32\bcryptPrimitives.dll
0x00007ffa42960000 - 0x00007ffa4298e000 	C:\WINDOWS\System32\IMM32.DLL
0x000000005ada0000 - 0x000000005ae72000 	C:\Program Files\Java\jdk1.8.0_60\jre\bin\msvcr100.dll
0x0000000059b50000 - 0x000000005a3d9000 	C:\Program Files\Java\jdk1.8.0_60\jre\bin\server\jvm.dll
0x00007ffa44cf0000 - 0x00007ffa44cf8000 	C:\WINDOWS\System32\PSAPI.DLL
0x00007ffa32f30000 - 0x00007ffa32f39000 	C:\WINDOWS\SYSTEM32\WSOCK32.dll
0x00007ffa445a0000 - 0x00007ffa4460a000 	C:\WINDOWS\System32\WS2_32.dll
0x00007ffa3f8a0000 - 0x00007ffa3f8c3000 	C:\WINDOWS\SYSTEM32\WINMM.dll
0x00007ffa341c0000 - 0x00007ffa341ca000 	C:\WINDOWS\SYSTEM32\VERSION.dll
0x00007ffa3f6b0000 - 0x00007ffa3f6db000 	C:\WINDOWS\SYSTEM32\WINMMBASE.dll
0x00007ffa416a0000 - 0x00007ffa416e2000 	C:\WINDOWS\System32\cfgmgr32.dll
0x000000005b870000 - 0x000000005b87f000 	C:\Program Files\Java\jdk1.8.0_60\jre\bin\verify.dll
0x000000005b840000 - 0x000000005b869000 	C:\Program Files\Java\jdk1.8.0_60\jre\bin\java.dll
0x000000005b820000 - 0x000000005b836000 	C:\Program Files\Java\jdk1.8.0_60\jre\bin\zip.dll
0x00007ffa42e30000 - 0x00007ffa44339000 	C:\WINDOWS\System32\SHELL32.dll
0x00007ffa41f40000 - 0x00007ffa4261a000 	C:\WINDOWS\System32\windows.storage.dll
0x00007ffa414f0000 - 0x00007ffa4153c000 	C:\WINDOWS\System32\powrprof.dll
0x00007ffa42a90000 - 0x00007ffa42ae2000 	C:\WINDOWS\System32\shlwapi.dll
0x00007ffa41570000 - 0x00007ffa4157f000 	C:\WINDOWS\System32\kernel.appcore.dll
0x00007ffa41d00000 - 0x00007ffa41da9000 	C:\WINDOWS\System32\shcore.dll
0x00007ffa41540000 - 0x00007ffa41554000 	C:\WINDOWS\System32\profapi.dll

VM Arguments:
jvm_args: -Djava.awt.headless=true -Xmx1024M -Dfile.encoding=windows-1252 -Duser.country=US -Duser.language=en -Duser.variant 
java_command: com.android.dx.command.Main --dex --force-jumbo --num-threads=4 --multi-dex --output C:\Users\David\AndroidStudioProjects\WaterResources\app\build\intermediates\transforms\dex\debug\folders\1000\5\slice_2 C:\Users\David\AndroidStudioProjects\WaterResources\app\build\intermediates\transforms\instantRunSlicer\debug\folders\1\5\slice_2
java_class_path (initial): C:\Users\David\AppData\Local\Android\sdk1\build-tools\25.0.0\lib\dx.jar
Launcher Type: SUN_STANDARD

Environment Variables:
JAVA_HOME=C:\Program Files\Java\jdk1.8.0_60\
PATH=C:\Program Files (x86)\NVIDIA Corporation\PhysX\Common;C:\ProgramData\Oracle\Java\javapath;C:\Program Files (x86)\Lenovo\FusionEngine;C:\Program Files (x86)\Intel\iCLS Client\;C:\Program Files\Intel\iCLS Client\;C:\WINDOWS\system32;C:\WINDOWS;C:\WINDOWS\System32\Wbem;C:\WINDOWS\System32\WindowsPowerShell\v1.0\;C:\Program Files\Intel\Intel(R) Management Engine Components\DAL;C:\Program Files (x86)\Intel\Intel(R) Management Engine Components\DAL;C:\Program Files\Intel\Intel(R) Management Engine Components\IPT;C:\Program Files (x86)\Intel\Intel(R) Management Engine Components\IPT;C:\Program Files (x86)\ATI Technologies\ATI.ACE\Core-Static;C:\Program Files\Intel\WiFi\bin\;C:\Program Files\Common Files\Intel\WirelessCommon\;C:\Program Files (x86)\Windows Live\Shared;C:\Program Files (x86)\AMD\ATI.ACE\Core-Static;C:\Program Files\nodejs\;C:\Program Files\Git\cmd;C:\Program Files\nodejs\node_modules\npm\bin;C:\Users\David\AppData\Roaming\npm;C:\Program Files (x86)\Skype\Phone\;C:\Program Files\nodejs\node_modules\npm\bin;C:\Program Files\Java\jdk1.8.0_60\bin;C:\Users\David\AppData\Local\atom\bin;C:\Program Files\gradle\bin;C:\Users\David\AppData\Local\Android\sdk1\platform-tools;C:\Users\David\AppData\Local\Microsoft\WindowsApps;C:\Program Files\gradle-3.0\bin;C:\Users\David\AppData\Local\.meteor\;C:\Python27;C:\Users\David\AppData\Local\pip;C:\Python27\Scripts
USERNAME=David
OS=Windows_NT
PROCESSOR_IDENTIFIER=Intel64 Family 6 Model 61 Stepping 4, GenuineIntel



---------------  S Y S T E M  ---------------

OS: Windows 10.0 , 64 bit Build 14393 (10.0.14393.0)

CPU:total 4 (2 cores per cpu, 2 threads per core) family 6 model 61 stepping 4, cmov, cx8, fxsr, mmx, sse, sse2, sse3, ssse3, sse4.1, sse4.2, popcnt, avx, avx2, aes, clmul, erms, 3dnowpref, lzcnt, ht, tsc, tscinvbit, bmi1, bmi2, adx

Memory: 4k page, physical 8300384k(2029268k free), swap 10255200k(3464k free)

vm_info: Java HotSpot(TM) 64-Bit Server VM (25.60-b23) for windows-amd64 JRE (1.8.0_60-b27), built on Aug  4 2015 11:06:27 by "java_re" with MS VC++ 10.0 (VS2010)

time: Wed Nov 23 22:02:59 2016
elapsed time: 0 seconds (0d 0h 0m 0s)

