#
# There is insufficient memory for the Java Runtime Environment to continue.
# Native memory allocation (malloc) failed to allocate 924240 bytes for Chunk::new
# Possible reasons:
#   The system is out of physical RAM or swap space
#   In 32 bit mode, the process size limit was hit
# Possible solutions:
#   Reduce memory load on the system
#   Increase physical memory or swap space
#   Check if swap backing store is full
#   Use 64 bit Java on a 64 bit OS
#   Decrease Java heap size (-Xmx/-Xms)
#   Decrease number of Java threads
#   Decrease Java thread stack sizes (-Xss)
#   Set larger code cache with -XX:ReservedCodeCacheSize=
# This output file may be truncated or incomplete.
#
#  Out of Memory Error (allocation.cpp:390), pid=10832, tid=5724
#
# JRE version: Java(TM) SE Runtime Environment (8.0_60-b27) (build 1.8.0_60-b27)
# Java VM: Java HotSpot(TM) 64-Bit Server VM (25.60-b23 mixed mode windows-amd64 compressed oops)
# Failed to write core dump. Minidumps are not enabled by default on client versions of Windows
#

---------------  T H R E A D  ---------------

Current thread (0x0000000015541000):  JavaThread "C2 CompilerThread1" daemon [_thread_in_native, id=5724, stack(0x0000000016cb0000,0x0000000016db0000)]

Stack: [0x0000000016cb0000,0x0000000016db0000]
[error occurred during error reporting (printing stack bounds), id 0xc0000005]

Native frames: (J=compiled Java code, j=interpreted, Vv=VM code, C=native code)


Current CompileTask:
C2:   5949 1608   !   4       com.android.dx.cf.code.RopperMachine::run (1550 bytes)


---------------  P R O C E S S  ---------------

Java Threads: ( => current thread )
  0x000000001708e800 JavaThread "pool-2-thread-4" [_thread_in_Java, id=11020, stack(0x0000000019080000,0x0000000019180000)]
  0x0000000017b05800 JavaThread "pool-2-thread-3" [_thread_in_Java, id=8316, stack(0x0000000018f80000,0x0000000019080000)]
  0x0000000017911000 JavaThread "pool-2-thread-2" [_thread_blocked, id=6552, stack(0x0000000018e80000,0x0000000018f80000)]
  0x0000000017888800 JavaThread "pool-3-thread-1" [_thread_blocked, id=9996, stack(0x0000000018d80000,0x0000000018e80000)]
  0x00000000178a7000 JavaThread "pool-2-thread-1" [_thread_in_vm, id=672, stack(0x0000000018c80000,0x0000000018d80000)]
  0x0000000016dbd800 JavaThread "Service Thread" daemon [_thread_blocked, id=8744, stack(0x00000000172b0000,0x00000000173b0000)]
  0x0000000016db8800 JavaThread "C1 CompilerThread2" daemon [_thread_in_native, id=9828, stack(0x00000000171b0000,0x00000000172b0000)]
=>0x0000000015541000 JavaThread "C2 CompilerThread1" daemon [_thread_in_native, id=5724, stack(0x0000000016cb0000,0x0000000016db0000)]
  0x000000001553a800 JavaThread "C2 CompilerThread0" daemon [_thread_in_native, id=10332, stack(0x0000000016bb0000,0x0000000016cb0000)]
  0x0000000015538800 JavaThread "Attach Listener" daemon [_thread_blocked, id=9624, stack(0x0000000016ab0000,0x0000000016bb0000)]
  0x0000000015537800 JavaThread "Signal Dispatcher" daemon [_thread_blocked, id=832, stack(0x00000000169b0000,0x0000000016ab0000)]
  0x0000000002e61000 JavaThread "Finalizer" daemon [_thread_blocked, id=1436, stack(0x00000000167c0000,0x00000000168c0000)]
  0x0000000002e5e800 JavaThread "Reference Handler" daemon [_thread_blocked, id=5440, stack(0x00000000166c0000,0x00000000167c0000)]
  0x0000000002d6d800 JavaThread "main" [_thread_blocked, id=8056, stack(0x0000000002b00000,0x0000000002c00000)]

Other Threads:
  0x0000000015507800 VMThread [stack: 0x00000000165c0000,0x00000000166c0000] [id=7836]
  0x0000000016dcb800 WatcherThread [stack: 0x00000000173b0000,0x00000000174b0000] [id=1280]

VM state:not at safepoint (normal execution)

VM Mutex/Monitor currently owned by a thread: None

Heap:
 PSYoungGen      total 71680K, used 15536K [0x00000000eab00000, 0x00000000ef600000, 0x0000000100000000)
  eden space 66560K, 15% used [0x00000000eab00000,0x00000000eb531ee0,0x00000000eec00000)
  from space 5120K, 99% used [0x00000000eec00000,0x00000000ef0fa2d8,0x00000000ef100000)
  to   space 5120K, 0% used [0x00000000ef100000,0x00000000ef100000,0x00000000ef600000)
 ParOldGen       total 87552K, used 6964K [0x00000000c0000000, 0x00000000c5580000, 0x00000000eab00000)
  object space 87552K, 7% used [0x00000000c0000000,0x00000000c06cd020,0x00000000c5580000)
 Metaspace       used 6199K, capacity 7088K, committed 7296K, reserved 1056768K
  class space    used 600K, capacity 616K, committed 640K, reserved 1048576K

Card table byte_map: [0x0000000012230000,0x0000000012440000] byte_map_base: 0x0000000011c30000

Marking Bits: (ParMarkBitMap*) 0x000000006927a5b0
 Begin Bits: [0x00000000129a0000, 0x00000000139a0000)
 End Bits:   [0x00000000139a0000, 0x00000000149a0000)

Polling page: 0x0000000001360000

CodeCache: size=245760Kb used=6996Kb max_used=6996Kb free=238763Kb
 bounds [0x0000000002e70000, 0x0000000003550000, 0x0000000011e70000]
 total_blobs=1963 nmethods=1694 adapters=182
 compilation: enabled

Compilation events (10 events):
Event: 5.873 Thread 0x0000000016db8800 nmethod 1732 0x0000000003546290 code [0x00000000035463e0, 0x0000000003546570]
Event: 5.873 Thread 0x0000000016db8800 1733       2       com.android.dx.cf.code.LineNumberList::concat (92 bytes)
Event: 5.874 Thread 0x0000000016db8800 nmethod 1733 0x0000000003546610 code [0x0000000003546880, 0x0000000003547488]
Event: 5.876 Thread 0x0000000016db8800 1734       2       com.android.dx.rop.code.LocalVariableInfo::<init> (82 bytes)
Event: 5.877 Thread 0x0000000016db8800 nmethod 1734 0x00000000035485d0 code [0x00000000035487a0, 0x0000000003548d48]
Event: 5.878 Thread 0x0000000016db8800 1735       2       com.android.dx.cf.attrib.RawAttribute::<init> (17 bytes)
Event: 5.879 Thread 0x0000000016db8800 nmethod 1735 0x0000000003549050 code [0x00000000035491e0, 0x0000000003549548]
Event: 5.912 Thread 0x0000000016db8800 1736       2       com.android.dx.rop.cst.StdConstantPool::get0Ok (12 bytes)
Event: 5.916 Thread 0x0000000016db8800 nmethod 1736 0x0000000003549790 code [0x00000000035499a0, 0x000000000354a118]
Event: 5.943 Thread 0x0000000016db8800 1737       2       com.android.dx.dex.code.OutputFinisher::<init> (48 bytes)

GC Heap History (6 events):
Event: 0.769 GC heap before
{Heap before GC invocations=1 (full 0):
 PSYoungGen      total 38400K, used 33280K [0x00000000eab00000, 0x00000000ed580000, 0x0000000100000000)
  eden space 33280K, 100% used [0x00000000eab00000,0x00000000ecb80000,0x00000000ecb80000)
  from space 5120K, 0% used [0x00000000ed080000,0x00000000ed080000,0x00000000ed580000)
  to   space 5120K, 0% used [0x00000000ecb80000,0x00000000ecb80000,0x00000000ed080000)
 ParOldGen       total 87552K, used 0K [0x00000000c0000000, 0x00000000c5580000, 0x00000000eab00000)
  object space 87552K, 0% used [0x00000000c0000000,0x00000000c0000000,0x00000000c5580000)
 Metaspace       used 3393K, capacity 4720K, committed 4864K, reserved 1056768K
  class space    used 370K, capacity 424K, committed 512K, reserved 1048576K
Event: 0.804 GC heap after
Heap after GC invocations=1 (full 0):
 PSYoungGen      total 38400K, used 1437K [0x00000000eab00000, 0x00000000ef600000, 0x0000000100000000)
  eden space 33280K, 0% used [0x00000000eab00000,0x00000000eab00000,0x00000000ecb80000)
  from space 5120K, 28% used [0x00000000ecb80000,0x00000000ecce75d0,0x00000000ed080000)
  to   space 5120K, 0% used [0x00000000ef100000,0x00000000ef100000,0x00000000ef600000)
 ParOldGen       total 87552K, used 0K [0x00000000c0000000, 0x00000000c5580000, 0x00000000eab00000)
  object space 87552K, 0% used [0x00000000c0000000,0x00000000c0000000,0x00000000c5580000)
 Metaspace       used 3393K, capacity 4720K, committed 4864K, reserved 1056768K
  class space    used 370K, capacity 424K, committed 512K, reserved 1048576K
}
Event: 2.458 GC heap before
{Heap before GC invocations=2 (full 0):
 PSYoungGen      total 38400K, used 34717K [0x00000000eab00000, 0x00000000ef600000, 0x0000000100000000)
  eden space 33280K, 100% used [0x00000000eab00000,0x00000000ecb80000,0x00000000ecb80000)
  from space 5120K, 28% used [0x00000000ecb80000,0x00000000ecce75d0,0x00000000ed080000)
  to   space 5120K, 0% used [0x00000000ef100000,0x00000000ef100000,0x00000000ef600000)
 ParOldGen       total 87552K, used 0K [0x00000000c0000000, 0x00000000c5580000, 0x00000000eab00000)
  object space 87552K, 0% used [0x00000000c0000000,0x00000000c0000000,0x00000000c5580000)
 Metaspace       used 5594K, capacity 6576K, committed 6784K, reserved 1056768K
  class space    used 593K, capacity 616K, committed 640K, reserved 1048576K
Event: 2.541 GC heap after
Heap after GC invocations=2 (full 0):
 PSYoungGen      total 71680K, used 4837K [0x00000000eab00000, 0x00000000ef600000, 0x0000000100000000)
  eden space 66560K, 0% used [0x00000000eab00000,0x00000000eab00000,0x00000000eec00000)
  from space 5120K, 94% used [0x00000000ef100000,0x00000000ef5b9798,0x00000000ef600000)
  to   space 5120K, 0% used [0x00000000eec00000,0x00000000eec00000,0x00000000ef100000)
 ParOldGen       total 87552K, used 8K [0x00000000c0000000, 0x00000000c5580000, 0x00000000eab00000)
  object space 87552K, 0% used [0x00000000c0000000,0x00000000c0002000,0x00000000c5580000)
 Metaspace       used 5594K, capacity 6576K, committed 6784K, reserved 1056768K
  class space    used 593K, capacity 616K, committed 640K, reserved 1048576K
}
Event: 5.562 GC heap before
{Heap before GC invocations=3 (full 0):
 PSYoungGen      total 71680K, used 71397K [0x00000000eab00000, 0x00000000ef600000, 0x0000000100000000)
  eden space 66560K, 100% used [0x00000000eab00000,0x00000000eec00000,0x00000000eec00000)
  from space 5120K, 94% used [0x00000000ef100000,0x00000000ef5b9798,0x00000000ef600000)
  to   space 5120K, 0% used [0x00000000eec00000,0x00000000eec00000,0x00000000ef100000)
 ParOldGen       total 87552K, used 8K [0x00000000c0000000, 0x00000000c5580000, 0x00000000eab00000)
  object space 87552K, 0% used [0x00000000c0000000,0x00000000c0002000,0x00000000c5580000)
 Metaspace       used 6156K, capacity 7024K, committed 7296K, reserved 1056768K
  class space    used 600K, capacity 616K, committed 640K, reserved 1048576K
Event: 5.653 GC heap after
Heap after GC invocations=3 (full 0):
 PSYoungGen      total 71680K, used 5096K [0x00000000eab00000, 0x00000000ef600000, 0x0000000100000000)
  eden space 66560K, 0% used [0x00000000eab00000,0x00000000eab00000,0x00000000eec00000)
  from space 5120K, 99% used [0x00000000eec00000,0x00000000ef0fa2d8,0x00000000ef100000)
  to   space 5120K, 0% used [0x00000000ef100000,0x00000000ef100000,0x00000000ef600000)
 ParOldGen       total 87552K, used 6964K [0x00000000c0000000, 0x00000000c5580000, 0x00000000eab00000)
  object space 87552K, 7% used [0x00000000c0000000,0x00000000c06cd020,0x00000000c5580000)
 Metaspace       used 6156K, capacity 7024K, committed 7296K, reserved 1056768K
  class space    used 600K, capacity 616K, committed 640K, reserved 1048576K
}

Deoptimization events (10 events):
Event: 4.306 Thread 0x000000001708e800 Uncommon trap: reason=bimorphic action=maybe_recompile pc=0x000000000344e94c method=com.android.dx.cf.code.BytecodeArray.parseInstruction(ILcom/android/dx/cf/code/BytecodeArray$Visitor;)I @ 2281
Event: 4.307 Thread 0x000000001708e800 Uncommon trap: reason=bimorphic action=maybe_recompile pc=0x000000000344e94c method=com.android.dx.cf.code.BytecodeArray.parseInstruction(ILcom/android/dx/cf/code/BytecodeArray$Visitor;)I @ 2281
Event: 4.312 Thread 0x000000001708e800 Uncommon trap: reason=bimorphic action=maybe_recompile pc=0x000000000336b5dc method=com.android.dx.ssa.LiteralOpUpgrader.tryReplacingWithConstant(Lcom/android/dx/ssa/NormalSsaInsn;)Z @ 52
Event: 4.894 Thread 0x00000000178a7000 Uncommon trap: reason=bimorphic action=maybe_recompile pc=0x000000000336b5dc method=com.android.dx.ssa.LiteralOpUpgrader.tryReplacingWithConstant(Lcom/android/dx/ssa/NormalSsaInsn;)Z @ 52
Event: 4.899 Thread 0x00000000178a7000 Uncommon trap: reason=bimorphic action=maybe_recompile pc=0x000000000336b5dc method=com.android.dx.ssa.LiteralOpUpgrader.tryReplacingWithConstant(Lcom/android/dx/ssa/NormalSsaInsn;)Z @ 52
Event: 4.906 Thread 0x00000000178a7000 Uncommon trap: reason=unstable_if action=reinterpret pc=0x0000000003483890 method=com.android.dx.rop.code.RegisterSpecSet.put(Lcom/android/dx/rop/code/RegisterSpec;)V @ 77
Event: 4.906 Thread 0x00000000178a7000 Uncommon trap: reason=unstable_if action=reinterpret pc=0x00000000031d062c method=com.android.dx.rop.code.RegisterSpecSet.put(Lcom/android/dx/rop/code/RegisterSpec;)V @ 77
Event: 4.906 Thread 0x00000000178a7000 Uncommon trap: reason=unstable_if action=reinterpret pc=0x000000000320f26c method=com.android.dx.rop.code.RegisterSpecSet.put(Lcom/android/dx/rop/code/RegisterSpec;)V @ 77
Event: 5.458 Thread 0x0000000017911000 Uncommon trap: reason=bimorphic action=maybe_recompile pc=0x000000000336b5dc method=com.android.dx.ssa.LiteralOpUpgrader.tryReplacingWithConstant(Lcom/android/dx/ssa/NormalSsaInsn;)Z @ 52
Event: 5.461 Thread 0x0000000017911000 Uncommon trap: reason=bimorphic action=maybe_recompile pc=0x000000000336479c method=com.android.dx.ssa.LiteralOpUpgrader.tryReplacingWithConstant(Lcom/android/dx/ssa/NormalSsaInsn;)Z @ 52

Internal exceptions (2 events):
Event: 0.144 Thread 0x0000000002d6d800 Exception <a 'java/lang/NoSuchMethodError': Method sun.misc.Unsafe.defineClass(Ljava/lang/String;[BII)Ljava/lang/Class; name or signature does not match> (0x00000000eab0dad8) thrown at [C:\re\workspace\8-2-build-windows-amd64-cygwin\jdk8u60\4407\hotspot\sr	SœpÍtÂ?
Event: 0.144 Thread 0x0000000002d6d800 Exception <a 'java/lang/NoSuchMethodError': Method sun.misc.Unsafe.prefetchRead(Ljava/lang/Object;J)V name or signature does not match> (0x00000000eab0ddc0) thrown at [C:\re\workspace\8-2-build-windows-amd64-cygwin\jdk8u60\4407\hotspot\src\share\vm\prims\j

Events (10 events):
Event: 5.458 Thread 0x0000000017911000 Uncommon trap: trap_request=0xffffffc6 fr.pc=0x000000000336b5dc
Event: 5.458 Thread 0x0000000017911000 DEOPT PACKING pc=0x000000000336b5dc sp=0x0000000018f7eaa0
Event: 5.458 Thread 0x0000000017911000 DEOPT UNPACKING pc=0x0000000002eb582a sp=0x0000000018f7e978 mode 2
Event: 5.461 Thread 0x0000000017911000 Uncommon trap: trap_request=0xffffffc6 fr.pc=0x000000000336479c
Event: 5.461 Thread 0x0000000017911000 DEOPT PACKING pc=0x000000000336479c sp=0x0000000018f7e950
Event: 5.461 Thread 0x0000000017911000 DEOPT UNPACKING pc=0x0000000002eb582a sp=0x0000000018f7e8e0 mode 2
Event: 5.558 Executing VM operation: ParallelGCFailedAllocation
Event: 5.653 Executing VM operation: ParallelGCFailedAllocation done
Event: 5.828 Thread 0x000000001708e800 DEOPT PACKING pc=0x00000000034afacd sp=0x000000001917e820
Event: 5.828 Thread 0x000000001708e800 DEOPT UNPACKING pc=0x0000000002eb787f sp=0x000000001917e5f8 mode 0


Dynamic libraries:
0x00007ff6b9080000 - 0x00007ff6b90b7000 	C:\Program Files\Java\jdk1.8.0_60\bin\java.exe
0x00007ff9adfa0000 - 0x00007ff9ae171000 	C:\WINDOWS\SYSTEM32\ntdll.dll
0x00007ff9ad520000 - 0x00007ff9ad5cb000 	C:\WINDOWS\System32\KERNEL32.DLL
0x00007ff9aa710000 - 0x00007ff9aa92d000 	C:\WINDOWS\System32\KERNELBASE.dll
0x00007ff9adc10000 - 0x00007ff9adcb2000 	C:\WINDOWS\System32\ADVAPI32.dll
0x00007ff9ab870000 - 0x00007ff9ab90e000 	C:\WINDOWS\System32\msvcrt.dll
0x00007ff9adec0000 - 0x00007ff9adf19000 	C:\WINDOWS\System32\sechost.dll
0x00007ff9ada20000 - 0x00007ff9adb41000 	C:\WINDOWS\System32\RPCRT4.dll
0x00007ff9ab970000 - 0x00007ff9abad5000 	C:\WINDOWS\System32\USER32.dll
0x00007ff9aa490000 - 0x00007ff9aa4ae000 	C:\WINDOWS\System32\win32u.dll
0x00007ff9ad340000 - 0x00007ff9ad374000 	C:\WINDOWS\System32\GDI32.dll
0x00007ff9aac50000 - 0x00007ff9aadd2000 	C:\WINDOWS\System32\gdi32full.dll
0x00007ff99eca0000 - 0x00007ff99ef19000 	C:\WINDOWS\WinSxS\amd64_microsoft.windows.common-controls_6595b64144ccf1df_6.0.14393.447_none_42191651c6827bb3\COMCTL32.dll
0x00007ff9ab590000 - 0x00007ff9ab857000 	C:\WINDOWS\System32\combase.dll
0x00007ff9aa610000 - 0x00007ff9aa705000 	C:\WINDOWS\System32\ucrtbase.dll
0x00007ff9aade0000 - 0x00007ff9aae4a000 	C:\WINDOWS\System32\bcryptPrimitives.dll
0x00007ff9ad000000 - 0x00007ff9ad02e000 	C:\WINDOWS\System32\IMM32.DLL
0x00000000698f0000 - 0x00000000699c2000 	C:\Program Files\Java\jdk1.8.0_60\jre\bin\msvcr100.dll
0x0000000068a70000 - 0x00000000692f9000 	C:\Program Files\Java\jdk1.8.0_60\jre\bin\server\jvm.dll
0x00007ff9adf90000 - 0x00007ff9adf98000 	C:\WINDOWS\System32\PSAPI.DLL
0x00007ff99cc10000 - 0x00007ff99cc19000 	C:\WINDOWS\SYSTEM32\WSOCK32.dll
0x00007ff9adf20000 - 0x00007ff9adf8a000 	C:\WINDOWS\System32\WS2_32.dll
0x00007ff9a8830000 - 0x00007ff9a8853000 	C:\WINDOWS\SYSTEM32\WINMM.dll
0x00007ff99daf0000 - 0x00007ff99dafa000 	C:\WINDOWS\SYSTEM32\VERSION.dll
0x00007ff9a87d0000 - 0x00007ff9a87fb000 	C:\WINDOWS\SYSTEM32\WINMMBASE.dll
0x00007ff9aa4b0000 - 0x00007ff9aa4f2000 	C:\WINDOWS\System32\cfgmgr32.dll
0x00000000698e0000 - 0x00000000698ef000 	C:\Program Files\Java\jdk1.8.0_60\jre\bin\verify.dll
0x00000000698b0000 - 0x00000000698d9000 	C:\Program Files\Java\jdk1.8.0_60\jre\bin\java.dll
0x0000000069890000 - 0x00000000698a6000 	C:\Program Files\Java\jdk1.8.0_60\jre\bin\zip.dll
0x00007ff9abaf0000 - 0x00007ff9acff9000 	C:\WINDOWS\System32\SHELL32.dll
0x00007ff9aae50000 - 0x00007ff9ab52a000 	C:\WINDOWS\System32\windows.storage.dll
0x00007ff9aa430000 - 0x00007ff9aa47c000 	C:\WINDOWS\System32\powrprof.dll
0x00007ff9adcc0000 - 0x00007ff9add12000 	C:\WINDOWS\System32\shlwapi.dll
0x00007ff9aa480000 - 0x00007ff9aa48f000 	C:\WINDOWS\System32\kernel.appcore.dll
0x00007ff9aa930000 - 0x00007ff9aa9d9000 	C:\WINDOWS\System32\shcore.dll
0x00007ff9aa410000 - 0x00007ff9aa424000 	C:\WINDOWS\System32\profapi.dll

VM Arguments:
jvm_args: -Djava.awt.headless=true -Xmx1024M -Dfile.encoding=windows-1252 -Duser.country=US -Duser.language=en -Duser.variant 
java_command: com.android.dx.command.Main --dex --force-jumbo --num-threads=4 --multi-dex --output C:\Users\David\AndroidStudioProjects\WaterResources\app\build\intermediates\transforms\dex\debug\folders\1000\1a\dependencies_bd16c075e5f78fe076e679d306df4d9281103ba1 C:\Users\David\AndroidStudioProjects\WaterResources\app\build\intermediates\transforms\instantRunSlicer\debug\jars\1\1a\dependencies.jar
java_class_path (initial): C:\Users\David\AppData\Local\Android\sdk1\build-tools\25.0.0\lib\dx.jar
Launcher Type: SUN_STANDARD

Environment Variables:
JAVA_HOME=C:\Program Files\Java\jdk1.8.0_60\
PATH=C:\Program Files (x86)\NVIDIA Corporation\PhysX\Common;C:\ProgramData\Oracle\Java\javapath;C:\Program Files (x86)\Lenovo\FusionEngine;C:\Program Files (x86)\Intel\iCLS Client\;C:\Program Files\Intel\iCLS Client\;C:\WINDOWS\system32;C:\WINDOWS;C:\WINDOWS\System32\Wbem;C:\WINDOWS\System32\WindowsPowerShell\v1.0\;C:\Program Files\Intel\Intel(R) Management Engine Components\DAL;C:\Program Files (x86)\Intel\Intel(R) Management Engine Components\DAL;C:\Program Files\Intel\Intel(R) Management Engine Components\IPT;C:\Program Files (x86)\Intel\Intel(R) Management Engine Components\IPT;C:\Program Files (x86)\ATI Technologies\ATI.ACE\Core-Static;C:\Program Files\Intel\WiFi\bin\;C:\Program Files\Common Files\Intel\WirelessCommon\;C:\Program Files (x86)\Windows Live\Shared;C:\Program Files (x86)\AMD\ATI.ACE\Core-Static;C:\Program Files\nodejs\;C:\Program Files\Git\cmd;C:\Program Files\nodejs\node_modules\npm\bin;C:\Users\David\AppData\Roaming\npm;C:\Program Files (x86)\Skype\Phone\;C:\Program Files\nodejs\node_modules\npm\bin;C:\Program Files\Java\jdk1.8.0_60\bin;C:\Users\David\AppData\Local\atom\bin;C:\Program Files\gradle\bin;C:\Users\David\AppData\Local\Android\sdk1\platform-tools;C:\Users\David\AppData\Local\Microsoft\WindowsApps;C:\Program Files\gradle-3.0\bin;C:\Users\David\AppData\Local\.meteor\;C:\Python27;C:\Users\David\AppData\Local\pip;C:\Python27\Scripts
USERNAME=David
OS=Windows_NT
PROCESSOR_IDENTIFIER=Intel64 Family 6 Model 61 Stepping 4, GenuineIntel



---------------  S Y S T E M  ---------------

OS: Windows 10.0 , 64 bit Build 14393 (10.0.14393.0)

CPU:total 4 (2 cores per cpu, 2 threads per core) family 6 model 61 stepping 4, cmov, cx8, fxsr, mmx, sse, sse2, sse3, ssse3, sse4.1, sse4.2, popcnt, avx, avx2, aes, clmul, erms, 3dnowpref, lzcnt, ht, tsc, tscinvbit, bmi1, bmi2, adx

Memory: 4k page, physical 8300384k(1753424k free), swap 10255200k(4780k free)

vm_info: Java HotSpot(TM) 64-Bit Server VM (25.60-b23) for windows-amd64 JRE (1.8.0_60-b27), built on Aug  4 2015 11:06:27 by "java_re" with MS VC++ 10.0 (VS2010)

time: Tue Dec 06 04:38:51 2016
elapsed time: 5 seconds (0d 0h 0m 5s)

