#
# There is insufficient memory for the Java Runtime Environment to continue.
# Native memory allocation (malloc) failed to allocate 604976 bytes for Chunk::new
# Possible reasons:
#   The system is out of physical RAM or swap space
#   In 32 bit mode, the process size limit was hit
# Possible solutions:
#   Reduce memory load on the system
#   Increase physical memory or swap space
#   Check if swap backing store is full
#   Use 64 bit Java on a 64 bit OS
#   Decrease Java heap size (-Xmx/-Xms)
#   Decrease number of Java threads
#   Decrease Java thread stack sizes (-Xss)
#   Set larger code cache with -XX:ReservedCodeCacheSize=
# This output file may be truncated or incomplete.
#
#  Out of Memory Error (allocation.cpp:390), pid=16944, tid=940
#
# JRE version: Java(TM) SE Runtime Environment (8.0_60-b27) (build 1.8.0_60-b27)
# Java VM: Java HotSpot(TM) 64-Bit Server VM (25.60-b23 mixed mode windows-amd64 compressed oops)
# Failed to write core dump. Minidumps are not enabled by default on client versions of Windows
#

---------------  T H R E A D  ---------------

Current thread (0x0000000014a9a000):  JavaThread "C2 CompilerThread1" daemon [_thread_in_native, id=940, stack(0x00000000161a0000,0x00000000162a0000)]

Stack: [0x00000000161a0000,0x00000000162a0000]
[error occurred during error reporting (printing stack bounds), id 0xc0000005]

Native frames: (J=compiled Java code, j=interpreted, Vv=VM code, C=native code)


Current CompileTask:
C2:   3642 1288       4       com.android.dx.ssa.back.LivenessAnalyzer::run (231 bytes)


---------------  P R O C E S S  ---------------

Java Threads: ( => current thread )
  0x0000000016760000 JavaThread "pool-2-thread-4" [_thread_in_Java, id=14508, stack(0x0000000016da0000,0x0000000016ea0000)]
  0x000000001675f000 JavaThread "pool-2-thread-3" [_thread_in_Java, id=14524, stack(0x0000000016ca0000,0x0000000016da0000)]
  0x0000000016614800 JavaThread "pool-2-thread-2" [_thread_in_Java, id=5552, stack(0x0000000016ba0000,0x0000000016ca0000)]
  0x0000000016612000 JavaThread "pool-3-thread-1" [_thread_blocked, id=17480, stack(0x0000000016aa0000,0x0000000016ba0000)]
  0x000000001661e800 JavaThread "pool-2-thread-1" [_thread_in_Java, id=12728, stack(0x00000000169a0000,0x0000000016aa0000)]
  0x00000000163a6800 JavaThread "Service Thread" daemon [_thread_blocked, id=13964, stack(0x00000000167a0000,0x00000000168a0000)]
  0x0000000014a9d000 JavaThread "C1 CompilerThread2" daemon [_thread_blocked, id=6444, stack(0x00000000162a0000,0x00000000163a0000)]
=>0x0000000014a9a000 JavaThread "C2 CompilerThread1" daemon [_thread_in_native, id=940, stack(0x00000000161a0000,0x00000000162a0000)]
  0x0000000014a3b000 JavaThread "C2 CompilerThread0" daemon [_thread_blocked, id=4556, stack(0x00000000160a0000,0x00000000161a0000)]
  0x0000000014a39800 JavaThread "Attach Listener" daemon [_thread_blocked, id=11176, stack(0x0000000015fa0000,0x00000000160a0000)]
  0x0000000014a38800 JavaThread "Signal Dispatcher" daemon [_thread_blocked, id=17648, stack(0x0000000015ea0000,0x0000000015fa0000)]
  0x0000000002361000 JavaThread "Finalizer" daemon [_thread_blocked, id=4264, stack(0x0000000015cb0000,0x0000000015db0000)]
  0x000000000235e800 JavaThread "Reference Handler" daemon [_thread_blocked, id=17828, stack(0x0000000015bb0000,0x0000000015cb0000)]
  0x000000000225d800 JavaThread "main" [_thread_in_Java, id=7136, stack(0x00000000020e0000,0x00000000021e0000)]

Other Threads:
  0x0000000014a07800 VMThread [stack: 0x0000000015ab0000,0x0000000015bb0000] [id=12080]
  0x00000000163c5800 WatcherThread [stack: 0x00000000168a0000,0x00000000169a0000] [id=2148]

VM state:not at safepoint (normal execution)

VM Mutex/Monitor currently owned by a thread: None

Heap:
 PSYoungGen      total 38400K, used 32115K [0x00000000eab00000, 0x00000000ed580000, 0x0000000100000000)
  eden space 33280K, 81% used [0x00000000eab00000,0x00000000ec55fa30,0x00000000ecb80000)
  from space 5120K, 99% used [0x00000000ecb80000,0x00000000ed07d248,0x00000000ed080000)
  to   space 5120K, 0% used [0x00000000ed080000,0x00000000ed080000,0x00000000ed580000)
 ParOldGen       total 87552K, used 957K [0x00000000c0000000, 0x00000000c5580000, 0x00000000eab00000)
  object space 87552K, 1% used [0x00000000c0000000,0x00000000c00ef770,0x00000000c5580000)
 Metaspace       used 6125K, capacity 7024K, committed 7296K, reserved 1056768K
  class space    used 598K, capacity 616K, committed 640K, reserved 1048576K

Card table byte_map: [0x0000000011730000,0x0000000011940000] byte_map_base: 0x0000000011130000

Marking Bits: (ParMarkBitMap*) 0x000000005a35a5b0
 Begin Bits: [0x0000000011ea0000, 0x0000000012ea0000)
 End Bits:   [0x0000000012ea0000, 0x0000000013ea0000)

Polling page: 0x00000000001f0000

CodeCache: size=245760Kb used=5399Kb max_used=5416Kb free=240360Kb
 bounds [0x0000000002370000, 0x00000000028c0000, 0x0000000011370000]
 total_blobs=1593 nmethods=1324 adapters=181
 compilation: disabled (not enough contiguous free space left)

Compilation events (10 events):
Event: 3.035 Thread 0x0000000014a9d000 1320       3       java.util.HashMap$HashIterator::hasNext (13 bytes)
Event: 3.035 Thread 0x0000000014a9d000 nmethod 1320 0x00000000028b4bd0 code [0x00000000028b4d20, 0x00000000028b4ed0]
Event: 3.036 Thread 0x0000000014a9d000 1321  s    3       com.android.dx.dex.file.TypeIdsSection::intern (60 bytes)
Event: 3.037 Thread 0x0000000014a9d000 nmethod 1321 0x00000000028b4f50 code [0x00000000028b5180, 0x00000000028b5e48]
Event: 3.038 Thread 0x0000000014a9d000 1322       3       com.android.dx.rop.cst.CstString::<init> (42 bytes)
Event: 3.038 Thread 0x0000000014a9d000 nmethod 1322 0x00000000028b64d0 code [0x00000000028b66a0, 0x00000000028b6c38]
Event: 3.039 Thread 0x0000000014a9d000 1323       3       java.util.concurrent.locks.AbstractOwnableSynchronizer::setExclusiveOwnerThread (6 bytes)
Event: 3.039 Thread 0x0000000014a9d000 nmethod 1323 0x00000000028b6ed0 code [0x00000000028b7020, 0x00000000028b7190]
Event: 3.040 Thread 0x0000000014a9d000 1324       1       com.android.dx.cf.attrib.InnerClassList$Item::getInnerClass (5 bytes)
Event: 3.040 Thread 0x0000000014a9d000 nmethod 1324 0x00000000028b7210 code [0x00000000028b7360, 0x00000000028b7470]

GC Heap History (2 events):
Event: 2.623 GC heap before
{Heap before GC invocations=1 (full 0):
 PSYoungGen      total 38400K, used 33280K [0x00000000eab00000, 0x00000000ed580000, 0x0000000100000000)
  eden space 33280K, 100% used [0x00000000eab00000,0x00000000ecb80000,0x00000000ecb80000)
  from space 5120K, 0% used [0x00000000ed080000,0x00000000ed080000,0x00000000ed580000)
  to   space 5120K, 0% used [0x00000000ecb80000,0x00000000ecb80000,0x00000000ed080000)
 ParOldGen       total 87552K, used 0K [0x00000000c0000000, 0x00000000c5580000, 0x00000000eab00000)
  object space 87552K, 0% used [0x00000000c0000000,0x00000000c0000000,0x00000000c5580000)
 Metaspace       used 5991K, capacity 6896K, committed 7040K, reserved 1056768K
  class space    used 598K, capacity 616K, committed 640K, reserved 1048576K
Event: 2.898 GC heap after
Heap after GC invocations=1 (full 0):
 PSYoungGen      total 38400K, used 5108K [0x00000000eab00000, 0x00000000ed580000, 0x0000000100000000)
  eden space 33280K, 0% used [0x00000000eab00000,0x00000000eab00000,0x00000000ecb80000)
  from space 5120K, 99% used [0x00000000ecb80000,0x00000000ed07d248,0x00000000ed080000)
  to   space 5120K, 0% used [0x00000000ed080000,0x00000000ed080000,0x00000000ed580000)
 ParOldGen       total 87552K, used 957K [0x00000000c0000000, 0x00000000c5580000, 0x00000000eab00000)
  object space 87552K, 1% used [0x00000000c0000000,0x00000000c00ef770,0x00000000c5580000)
 Metaspace       used 5991K, capacity 6896K, committed 7040K, reserved 1056768K
  class space    used 598K, capacity 616K, committed 640K, reserved 1048576K
}

Deoptimization events (6 events):
Event: 1.180 Thread 0x000000001675f000 Uncommon trap: reason=unstable_if action=reinterpret pc=0x0000000002581a30 method=java.util.HashMap.getNode(ILjava/lang/Object;)Ljava/util/HashMap$Node; @ 62
Event: 1.308 Thread 0x0000000016614800 Uncommon trap: reason=unstable_if action=reinterpret pc=0x00000000026032f4 method=java.util.HashMap.getNode(ILjava/lang/Object;)Ljava/util/HashMap$Node; @ 129
Event: 1.691 Thread 0x000000001675f000 Uncommon trap: reason=unstable_if action=reinterpret pc=0x00000000025e29b4 method=java.util.BitSet.ensureCapacity(I)V @ 6
Event: 1.930 Thread 0x0000000016614800 Uncommon trap: reason=null_check action=make_not_entrant pc=0x00000000027741e8 method=com.android.dx.rop.type.Type.equals(Ljava/lang/Object;)Z @ 8
Event: 3.016 Thread 0x0000000016614800 Uncommon trap: reason=class_check action=maybe_recompile pc=0x000000000283ce44 method=com.android.dx.cf.code.BytecodeArray.parseInstruction(ILcom/android/dx/cf/code/BytecodeArray$Visitor;)I @ 2062
Event: 3.016 Thread 0x0000000016614800 Uncommon trap: reason=class_check action=maybe_recompile pc=0x000000000283ce44 method=com.android.dx.cf.code.BytecodeArray.parseInstruction(ILcom/android/dx/cf/code/BytecodeArray$Visitor;)I @ 2062

Internal exceptions (3 events):
Event: 0.099 Thread 0x000000000225d800 Exception <a 'java/lang/NoSuchMethodError': Method sun.misc.Unsafe.defineClass(Ljava/lang/String;[BII)Ljava/lang/Class; name or signature does not match> (0x00000000eab0dd40) thrown at [C:\re\workspace\8-2-build-windows-amd64-cygwin\jdk8u60\4407\hotspot\srÿ£¿¡ÒU¹?
Event: 0.099 Thread 0x000000000225d800 Exception <a 'java/lang/NoSuchMethodError': Method sun.misc.Unsafe.prefetchRead(Ljava/lang/Object;J)V name or signature does not match> (0x00000000eab0e028) thrown at [C:\re\workspace\8-2-build-windows-amd64-cygwin\jdk8u60\4407\hotspot\src\share\vm\prims\jvÓÔ¼âþ?
Event: 1.930 Thread 0x0000000016614800 Implicit null exception at 0x00000000027740e2 to 0x00000000027741da

Events (10 events):
Event: 2.232 Executing VM operation: ForceSafepoint
Event: 2.234 Executing VM operation: ForceSafepoint done
Event: 2.324 Executing VM operation: ParallelGCFailedAllocation
Event: 2.898 Executing VM operation: ParallelGCFailedAllocation done
Event: 3.016 Thread 0x0000000016614800 Uncommon trap: trap_request=0xffffffde fr.pc=0x000000000283ce44
Event: 3.016 Thread 0x0000000016614800 DEOPT PACKING pc=0x000000000283ce44 sp=0x0000000016c9eba0
Event: 3.016 Thread 0x0000000016614800 DEOPT UNPACKING pc=0x00000000023b582a sp=0x0000000016c9eb18 mode 2
Event: 3.016 Thread 0x0000000016614800 Uncommon trap: trap_request=0xffffffde fr.pc=0x000000000283ce44
Event: 3.016 Thread 0x0000000016614800 DEOPT PACKING pc=0x000000000283ce44 sp=0x0000000016c9eba0
Event: 3.016 Thread 0x0000000016614800 DEOPT UNPACKING pc=0x00000000023b582a sp=0x0000000016c9eb18 mode 2


Dynamic libraries:
0x00007ff63a0c0000 - 0x00007ff63a0f7000 	C:\Program Files\Java\jdk1.8.0_60\bin\java.exe
0x00007ffa45090000 - 0x00007ffa45261000 	C:\WINDOWS\SYSTEM32\ntdll.dll
0x00007ffa44fe0000 - 0x00007ffa4508b000 	C:\WINDOWS\System32\KERNEL32.DLL
0x00007ffa416f0000 - 0x00007ffa4190d000 	C:\WINDOWS\System32\KERNELBASE.dll
0x00007ffa44ac0000 - 0x00007ffa44b62000 	C:\WINDOWS\System32\ADVAPI32.dll
0x00007ffa428c0000 - 0x00007ffa4295e000 	C:\WINDOWS\System32\msvcrt.dll
0x00007ffa42af0000 - 0x00007ffa42b49000 	C:\WINDOWS\System32\sechost.dll
0x00007ffa42790000 - 0x00007ffa428b1000 	C:\WINDOWS\System32\RPCRT4.dll
0x00007ffa42620000 - 0x00007ffa42785000 	C:\WINDOWS\System32\USER32.dll
0x00007ffa41970000 - 0x00007ffa4198e000 	C:\WINDOWS\System32\win32u.dll
0x00007ffa44b70000 - 0x00007ffa44ba4000 	C:\WINDOWS\System32\GDI32.dll
0x00007ffa41db0000 - 0x00007ffa41f32000 	C:\WINDOWS\System32\gdi32full.dll
0x00007ffa2e050000 - 0x00007ffa2e2c9000 	C:\WINDOWS\WinSxS\amd64_microsoft.windows.common-controls_6595b64144ccf1df_6.0.14393.447_none_42191651c6827bb3\COMCTL32.dll
0x00007ffa42b60000 - 0x00007ffa42e27000 	C:\WINDOWS\System32\combase.dll
0x00007ffa41990000 - 0x00007ffa41a85000 	C:\WINDOWS\System32\ucrtbase.dll
0x00007ffa41630000 - 0x00007ffa4169a000 	C:\WINDOWS\System32\bcryptPrimitives.dll
0x00007ffa42960000 - 0x00007ffa4298e000 	C:\WINDOWS\System32\IMM32.DLL
0x000000005ada0000 - 0x000000005ae72000 	C:\Program Files\Java\jdk1.8.0_60\jre\bin\msvcr100.dll
0x0000000059b50000 - 0x000000005a3d9000 	C:\Program Files\Java\jdk1.8.0_60\jre\bin\server\jvm.dll
0x00007ffa44cf0000 - 0x00007ffa44cf8000 	C:\WINDOWS\System32\PSAPI.DLL
0x00007ffa32f30000 - 0x00007ffa32f39000 	C:\WINDOWS\SYSTEM32\WSOCK32.dll
0x00007ffa445a0000 - 0x00007ffa4460a000 	C:\WINDOWS\System32\WS2_32.dll
0x00007ffa3f8a0000 - 0x00007ffa3f8c3000 	C:\WINDOWS\SYSTEM32\WINMM.dll
0x00007ffa341c0000 - 0x00007ffa341ca000 	C:\WINDOWS\SYSTEM32\VERSION.dll
0x00007ffa3f6b0000 - 0x00007ffa3f6db000 	C:\WINDOWS\SYSTEM32\WINMMBASE.dll
0x00007ffa416a0000 - 0x00007ffa416e2000 	C:\WINDOWS\System32\cfgmgr32.dll
0x000000005b870000 - 0x000000005b87f000 	C:\Program Files\Java\jdk1.8.0_60\jre\bin\verify.dll
0x000000005b840000 - 0x000000005b869000 	C:\Program Files\Java\jdk1.8.0_60\jre\bin\java.dll
0x000000005b820000 - 0x000000005b836000 	C:\Program Files\Java\jdk1.8.0_60\jre\bin\zip.dll
0x00007ffa42e30000 - 0x00007ffa44339000 	C:\WINDOWS\System32\SHELL32.dll
0x00007ffa41f40000 - 0x00007ffa4261a000 	C:\WINDOWS\System32\windows.storage.dll
0x00007ffa414f0000 - 0x00007ffa4153c000 	C:\WINDOWS\System32\powrprof.dll
0x00007ffa42a90000 - 0x00007ffa42ae2000 	C:\WINDOWS\System32\shlwapi.dll
0x00007ffa41570000 - 0x00007ffa4157f000 	C:\WINDOWS\System32\kernel.appcore.dll
0x00007ffa41d00000 - 0x00007ffa41da9000 	C:\WINDOWS\System32\shcore.dll
0x00007ffa41540000 - 0x00007ffa41554000 	C:\WINDOWS\System32\profapi.dll

VM Arguments:
jvm_args: -Djava.awt.headless=true -Xmx1024M -Dfile.encoding=windows-1252 -Duser.country=US -Duser.language=en -Duser.variant 
java_command: com.android.dx.command.Main --dex --force-jumbo --num-threads=4 --multi-dex --output C:\Users\David\AndroidStudioProjects\WaterResources\app\build\intermediates\transforms\dex\debug\folders\1000\10\classes_12153dbd7b482a9a6b7c5b934ac4fe0bf87bfb1c C:\Users\David\.android\build-cache\9978a15ce2c100492a87f1f2841ed0536e8e9c26\output\jars\classes.jar
java_class_path (initial): C:\Users\David\AppData\Local\Android\sdk1\build-tools\25.0.0\lib\dx.jar
Launcher Type: SUN_STANDARD

Environment Variables:
JAVA_HOME=C:\Program Files\Java\jdk1.8.0_60\
PATH=C:\Program Files (x86)\NVIDIA Corporation\PhysX\Common;C:\ProgramData\Oracle\Java\javapath;C:\Program Files (x86)\Lenovo\FusionEngine;C:\Program Files (x86)\Intel\iCLS Client\;C:\Program Files\Intel\iCLS Client\;C:\WINDOWS\system32;C:\WINDOWS;C:\WINDOWS\System32\Wbem;C:\WINDOWS\System32\WindowsPowerShell\v1.0\;C:\Program Files\Intel\Intel(R) Management Engine Components\DAL;C:\Program Files (x86)\Intel\Intel(R) Management Engine Components\DAL;C:\Program Files\Intel\Intel(R) Management Engine Components\IPT;C:\Program Files (x86)\Intel\Intel(R) Management Engine Components\IPT;C:\Program Files (x86)\ATI Technologies\ATI.ACE\Core-Static;C:\Program Files\Intel\WiFi\bin\;C:\Program Files\Common Files\Intel\WirelessCommon\;C:\Program Files (x86)\Windows Live\Shared;C:\Program Files (x86)\AMD\ATI.ACE\Core-Static;C:\Program Files\nodejs\;C:\Program Files\Git\cmd;C:\Program Files\nodejs\node_modules\npm\bin;C:\Users\David\AppData\Roaming\npm;C:\Program Files (x86)\Skype\Phone\;C:\Program Files\nodejs\node_modules\npm\bin;C:\Program Files\Java\jdk1.8.0_60\bin;C:\Users\David\AppData\Local\atom\bin;C:\Program Files\gradle\bin;C:\Users\David\AppData\Local\Android\sdk1\platform-tools;C:\Users\David\AppData\Local\Microsoft\WindowsApps;C:\Program Files\gradle-3.0\bin;C:\Users\David\AppData\Local\.meteor\;C:\Python27;C:\Users\David\AppData\Local\pip;C:\Python27\Scripts
USERNAME=David
OS=Windows_NT
PROCESSOR_IDENTIFIER=Intel64 Family 6 Model 61 Stepping 4, GenuineIntel



---------------  S Y S T E M  ---------------

OS: Windows 10.0 , 64 bit Build 14393 (10.0.14393.0)

CPU:total 4 (2 cores per cpu, 2 threads per core) family 6 model 61 stepping 4, cmov, cx8, fxsr, mmx, sse, sse2, sse3, ssse3, sse4.1, sse4.2, popcnt, avx, avx2, aes, clmul, erms, 3dnowpref, lzcnt, ht, tsc, tscinvbit, bmi1, bmi2, adx

Memory: 4k page, physical 8300384k(1970492k free), swap 10255200k(6204k free)

vm_info: Java HotSpot(TM) 64-Bit Server VM (25.60-b23) for windows-amd64 JRE (1.8.0_60-b27), built on Aug  4 2015 11:06:27 by "java_re" with MS VC++ 10.0 (VS2010)

time: Wed Nov 23 22:03:08 2016
elapsed time: 3 seconds (0d 0h 0m 3s)

