#
# There is insufficient memory for the Java Runtime Environment to continue.
# Native memory allocation (malloc) failed to allocate 370576 bytes for Chunk::new
# Possible reasons:
#   The system is out of physical RAM or swap space
#   In 32 bit mode, the process size limit was hit
# Possible solutions:
#   Reduce memory load on the system
#   Increase physical memory or swap space
#   Check if swap backing store is full
#   Use 64 bit Java on a 64 bit OS
#   Decrease Java heap size (-Xmx/-Xms)
#   Decrease number of Java threads
#   Decrease Java thread stack sizes (-Xss)
#   Set larger code cache with -XX:ReservedCodeCacheSize=
# This output file may be truncated or incomplete.
#
#  Out of Memory Error (allocation.cpp:390), pid=16792, tid=5204
#
# JRE version: Java(TM) SE Runtime Environment (8.0_60-b27) (build 1.8.0_60-b27)
# Java VM: Java HotSpot(TM) 64-Bit Server VM (25.60-b23 mixed mode windows-amd64 compressed oops)
# Failed to write core dump. Minidumps are not enabled by default on client versions of Windows
#

---------------  T H R E A D  ---------------

Current thread (0x0000000014daa000):  JavaThread "C2 CompilerThread0" daemon [_thread_in_native, id=5204, stack(0x0000000016400000,0x0000000016500000)]

Stack: [0x0000000016400000,0x0000000016500000]
[error occurred during error reporting (printing stack bounds), id 0xc0000005]

Native frames: (J=compiled Java code, j=interpreted, Vv=VM code, C=native code)


Current CompileTask:
C2:   3373 1203       4       com.android.dx.ssa.SCCP::simulateBranch (666 bytes)


---------------  P R O C E S S  ---------------

Java Threads: ( => current thread )
  0x0000000016996000 JavaThread "pool-2-thread-4" [_thread_in_Java, id=10256, stack(0x0000000017100000,0x0000000017200000)]
  0x000000001698f800 JavaThread "pool-2-thread-3" [_thread_in_Java, id=5212, stack(0x0000000017000000,0x0000000017100000)]
  0x000000001686e800 JavaThread "pool-2-thread-2" [_thread_blocked, id=17588, stack(0x0000000016f00000,0x0000000017000000)]
  0x0000000016863800 JavaThread "pool-3-thread-1" [_thread_blocked, id=4864, stack(0x0000000016e00000,0x0000000016f00000)]
  0x000000001685e000 JavaThread "pool-2-thread-1" [_thread_blocked, id=6084, stack(0x0000000016d00000,0x0000000016e00000)]
  0x0000000014e0e800 JavaThread "Service Thread" daemon [_thread_blocked, id=15960, stack(0x0000000016b00000,0x0000000016c00000)]
  0x0000000014e0a000 JavaThread "C1 CompilerThread2" daemon [_thread_blocked, id=6692, stack(0x0000000016600000,0x0000000016700000)]
  0x0000000014dff000 JavaThread "C2 CompilerThread1" daemon [_thread_in_native, id=9224, stack(0x0000000016500000,0x0000000016600000)]
=>0x0000000014daa000 JavaThread "C2 CompilerThread0" daemon [_thread_in_native, id=5204, stack(0x0000000016400000,0x0000000016500000)]
  0x0000000014da8000 JavaThread "Attach Listener" daemon [_thread_blocked, id=4648, stack(0x0000000016300000,0x0000000016400000)]
  0x0000000014da7000 JavaThread "Signal Dispatcher" daemon [_thread_blocked, id=8416, stack(0x0000000016200000,0x0000000016300000)]
  0x00000000026d1000 JavaThread "Finalizer" daemon [_thread_blocked, id=7228, stack(0x0000000016010000,0x0000000016110000)]
  0x0000000014d79800 JavaThread "Reference Handler" daemon [_thread_blocked, id=14436, stack(0x0000000015f10000,0x0000000016010000)]
  0x00000000024ad800 JavaThread "main" [_thread_in_native, id=13632, stack(0x00000000024e0000,0x00000000025e0000)]

Other Threads:
  0x0000000014d77800 VMThread [stack: 0x0000000015e10000,0x0000000015f10000] [id=12996]
  0x000000001670b800 WatcherThread [stack: 0x0000000016c00000,0x0000000016d00000] [id=5364]

VM state:not at safepoint (normal execution)

VM Mutex/Monitor currently owned by a thread: None

Heap:
 PSYoungGen      total 38400K, used 19676K [0x00000000eab00000, 0x00000000ef600000, 0x0000000100000000)
  eden space 33280K, 43% used [0x00000000eab00000,0x00000000eb939ca8,0x00000000ecb80000)
  from space 5120K, 99% used [0x00000000ecb80000,0x00000000ed07d630,0x00000000ed080000)
  to   space 5120K, 0% used [0x00000000ef100000,0x00000000ef100000,0x00000000ef600000)
 ParOldGen       total 87552K, used 5391K [0x00000000c0000000, 0x00000000c5580000, 0x00000000eab00000)
  object space 87552K, 6% used [0x00000000c0000000,0x00000000c0543c50,0x00000000c5580000)
 Metaspace       used 5767K, capacity 6896K, committed 7040K, reserved 1056768K
  class space    used 586K, capacity 616K, committed 640K, reserved 1048576K

Card table byte_map: [0x0000000011aa0000,0x0000000011cb0000] byte_map_base: 0x00000000114a0000

Marking Bits: (ParMarkBitMap*) 0x000000005a35a5b0
 Begin Bits: [0x0000000012210000, 0x0000000013210000)
 End Bits:   [0x0000000013210000, 0x0000000014210000)

Polling page: 0x0000000000970000

CodeCache: size=245760Kb used=4952Kb max_used=4963Kb free=240807Kb
 bounds [0x00000000026e0000, 0x0000000002bc0000, 0x00000000116e0000]
 total_blobs=1457 nmethods=1195 adapters=175
 compilation: enabled

Compilation events (10 events):
Event: 3.332 Thread 0x0000000014e0a000 nmethod 1198 0x0000000002bb5050 code [0x0000000002bb5220, 0x0000000002bb5968]
Event: 3.333 Thread 0x0000000014daa000 1199       4       java.util.Arrays::hashCode (56 bytes)
Event: 3.338 Thread 0x0000000014daa000 nmethod 1199 0x0000000002bbc7d0 code [0x0000000002bbc920, 0x0000000002bbcb58]
Event: 3.338 Thread 0x0000000014e0a000 1200   !   3       com.android.dx.cf.code.OneLocalsArray::set (106 bytes)
Event: 3.339 Thread 0x0000000014e0a000 nmethod 1200 0x0000000002bbb0d0 code [0x0000000002bbb320, 0x0000000002bbc158]
Event: 3.339 Thread 0x0000000014e0a000 1201       3       java.lang.String::<init> (15 bytes)
Event: 3.339 Thread 0x0000000014e0a000 nmethod 1201 0x0000000002bad850 code [0x0000000002bad9e0, 0x0000000002baddc8]
Event: 3.340 Thread 0x0000000014daa000 1202       4       com.android.dx.ssa.MoveParamCombiner$1::visitNonMoveInsn (213 bytes)
Event: 3.342 Thread 0x0000000014daa000 nmethod 1202 0x0000000002bad310 code [0x0000000002bad460, 0x0000000002bad5c8]
Event: 3.350 Thread 0x0000000014daa000 1203       4       com.android.dx.ssa.SCCP::simulateBranch (666 bytes)

GC Heap History (2 events):
Event: 2.092 GC heap before
{Heap before GC invocations=1 (full 0):
 PSYoungGen      total 38400K, used 33280K [0x00000000eab00000, 0x00000000ed580000, 0x0000000100000000)
  eden space 33280K, 100% used [0x00000000eab00000,0x00000000ecb80000,0x00000000ecb80000)
  from space 5120K, 0% used [0x00000000ed080000,0x00000000ed080000,0x00000000ed580000)
  to   space 5120K, 0% used [0x00000000ecb80000,0x00000000ecb80000,0x00000000ed080000)
 ParOldGen       total 87552K, used 0K [0x00000000c0000000, 0x00000000c5580000, 0x00000000eab00000)
  object space 87552K, 0% used [0x00000000c0000000,0x00000000c0000000,0x00000000c5580000)
 Metaspace       used 5734K, capacity 6832K, committed 7040K, reserved 1056768K
  class space    used 585K, capacity 616K, committed 640K, reserved 1048576K
Event: 2.126 GC heap after
Heap after GC invocations=1 (full 0):
 PSYoungGen      total 38400K, used 5109K [0x00000000eab00000, 0x00000000ef600000, 0x0000000100000000)
  eden space 33280K, 0% used [0x00000000eab00000,0x00000000eab00000,0x00000000ecb80000)
  from space 5120K, 99% used [0x00000000ecb80000,0x00000000ed07d630,0x00000000ed080000)
  to   space 5120K, 0% used [0x00000000ef100000,0x00000000ef100000,0x00000000ef600000)
 ParOldGen       total 87552K, used 5391K [0x00000000c0000000, 0x00000000c5580000, 0x00000000eab00000)
  object space 87552K, 6% used [0x00000000c0000000,0x00000000c0543c50,0x00000000c5580000)
 Metaspace       used 5734K, capacity 6832K, committed 7040K, reserved 1056768K
  class space    used 585K, capacity 616K, committed 640K, reserved 1048576K
}

Deoptimization events (10 events):
Event: 1.784 Thread 0x000000001698f800 Uncommon trap: reason=unstable_if action=reinterpret pc=0x00000000029c8444 method=com.android.dx.rop.code.RegisterSpec.equals(ILcom/android/dx/rop/type/TypeBearer;Lcom/android/dx/rop/code/LocalItem;)Z @ 16
Event: 1.785 Thread 0x000000001698f800 Uncommon trap: reason=null_check action=make_not_entrant pc=0x00000000029da5f8 method=com.android.dx.rop.type.Type.equals(Ljava/lang/Object;)Z @ 8
Event: 1.786 Thread 0x000000001698f800 Uncommon trap: reason=unstable_if action=reinterpret pc=0x00000000028d9da4 method=java.util.HashMap.getNode(ILjava/lang/Object;)Ljava/util/HashMap$Node; @ 129
Event: 1.793 Thread 0x000000001698f800 Uncommon trap: reason=class_check action=maybe_recompile pc=0x00000000029bc3f8 method=com.android.dx.ssa.NormalSsaInsn.accept(Lcom/android/dx/ssa/SsaInsn$Visitor;)V @ 9
Event: 1.985 Thread 0x000000001685e000 Uncommon trap: reason=unstable_if action=reinterpret pc=0x0000000002a3d1f8 method=com.android.dx.cf.code.Ropper.labelToResultIndex(I)I @ 34
Event: 1.986 Thread 0x000000001685e000 Uncommon trap: reason=class_check action=maybe_recompile pc=0x0000000002a3c678 method=com.android.dx.rop.type.Type.equals(Ljava/lang/Object;)Z @ 8
Event: 1.987 Thread 0x000000001685e000 Uncommon trap: reason=class_check action=maybe_recompile pc=0x0000000002a3c678 method=com.android.dx.rop.type.Type.equals(Ljava/lang/Object;)Z @ 8
Event: 3.277 Thread 0x000000001698f800 Uncommon trap: reason=class_check action=maybe_recompile pc=0x00000000029bc3f8 method=com.android.dx.ssa.NormalSsaInsn.accept(Lcom/android/dx/ssa/SsaInsn$Visitor;)V @ 9
Event: 3.277 Thread 0x000000001698f800 Uncommon trap: reason=class_check action=maybe_recompile pc=0x00000000029bc3f8 method=com.android.dx.ssa.NormalSsaInsn.accept(Lcom/android/dx/ssa/SsaInsn$Visitor;)V @ 9
Event: 3.278 Thread 0x000000001698f800 Uncommon trap: reason=class_check action=maybe_recompile pc=0x00000000029bc3f8 method=com.android.dx.ssa.NormalSsaInsn.accept(Lcom/android/dx/ssa/SsaInsn$Visitor;)V @ 9

Internal exceptions (3 events):
Event: 0.189 Thread 0x00000000024ad800 Exception <a 'java/lang/NoSuchMethodError': Method sun.misc.Unsafe.defineClass(Ljava/lang/String;[BII)Ljava/lang/Class; name or signature does not match> (0x00000000eab0dba8) thrown at [C:\re\workspace\8-2-build-windows-amd64-cygwin\jdk8u60\4407\hotspot\sr«»¨Ùi@È?
Event: 0.189 Thread 0x00000000024ad800 Exception <a 'java/lang/NoSuchMethodError': Method sun.misc.Unsafe.prefetchRead(Ljava/lang/Object;J)V name or signature does not match> (0x00000000eab0de90) thrown at [C:\re\workspace\8-2-build-windows-amd64-cygwin\jdk8u60\4407\hotspot\src\share\vm\prims\jÑ$S'ÿŽü?
Event: 1.785 Thread 0x000000001698f800 Implicit null exception at 0x00000000029da4e2 to 0x00000000029da5e9

Events (10 events):
Event: 3.125 Thread 0x000000001698f800 DEOPT UNPACKING pc=0x000000000272787f sp=0x00000000170feb70 mode 0
Event: 3.276 Thread 0x000000001698f800 Uncommon trap: trap_request=0xffffffde fr.pc=0x00000000029bc3f8
Event: 3.277 Thread 0x000000001698f800 DEOPT PACKING pc=0x00000000029bc3f8 sp=0x00000000170fea10
Event: 3.277 Thread 0x000000001698f800 DEOPT UNPACKING pc=0x000000000272582a sp=0x00000000170fea30 mode 2
Event: 3.277 Thread 0x000000001698f800 Uncommon trap: trap_request=0xffffffde fr.pc=0x00000000029bc3f8
Event: 3.277 Thread 0x000000001698f800 DEOPT PACKING pc=0x00000000029bc3f8 sp=0x00000000170fea10
Event: 3.277 Thread 0x000000001698f800 DEOPT UNPACKING pc=0x000000000272582a sp=0x00000000170fea30 mode 2
Event: 3.278 Thread 0x000000001698f800 Uncommon trap: trap_request=0xffffffde fr.pc=0x00000000029bc3f8
Event: 3.278 Thread 0x000000001698f800 DEOPT PACKING pc=0x00000000029bc3f8 sp=0x00000000170fea10
Event: 3.278 Thread 0x000000001698f800 DEOPT UNPACKING pc=0x000000000272582a sp=0x00000000170fea30 mode 2


Dynamic libraries:
0x00007ff7a0b80000 - 0x00007ff7a0bb7000 	C:\Program Files\Java\jdk1.8.0_60\bin\java.exe
0x00007ffa45090000 - 0x00007ffa45261000 	C:\WINDOWS\SYSTEM32\ntdll.dll
0x00007ffa44fe0000 - 0x00007ffa4508b000 	C:\WINDOWS\System32\KERNEL32.DLL
0x00007ffa416f0000 - 0x00007ffa4190d000 	C:\WINDOWS\System32\KERNELBASE.dll
0x00007ffa44ac0000 - 0x00007ffa44b62000 	C:\WINDOWS\System32\ADVAPI32.dll
0x00007ffa428c0000 - 0x00007ffa4295e000 	C:\WINDOWS\System32\msvcrt.dll
0x00007ffa42af0000 - 0x00007ffa42b49000 	C:\WINDOWS\System32\sechost.dll
0x00007ffa42790000 - 0x00007ffa428b1000 	C:\WINDOWS\System32\RPCRT4.dll
0x00007ffa42620000 - 0x00007ffa42785000 	C:\WINDOWS\System32\USER32.dll
0x00007ffa41970000 - 0x00007ffa4198e000 	C:\WINDOWS\System32\win32u.dll
0x00007ffa44b70000 - 0x00007ffa44ba4000 	C:\WINDOWS\System32\GDI32.dll
0x00007ffa41db0000 - 0x00007ffa41f32000 	C:\WINDOWS\System32\gdi32full.dll
0x00007ffa2e050000 - 0x00007ffa2e2c9000 	C:\WINDOWS\WinSxS\amd64_microsoft.windows.common-controls_6595b64144ccf1df_6.0.14393.447_none_42191651c6827bb3\COMCTL32.dll
0x00007ffa42b60000 - 0x00007ffa42e27000 	C:\WINDOWS\System32\combase.dll
0x00007ffa41990000 - 0x00007ffa41a85000 	C:\WINDOWS\System32\ucrtbase.dll
0x00007ffa41630000 - 0x00007ffa4169a000 	C:\WINDOWS\System32\bcryptPrimitives.dll
0x00007ffa42960000 - 0x00007ffa4298e000 	C:\WINDOWS\System32\IMM32.DLL
0x000000005ada0000 - 0x000000005ae72000 	C:\Program Files\Java\jdk1.8.0_60\jre\bin\msvcr100.dll
0x0000000059b50000 - 0x000000005a3d9000 	C:\Program Files\Java\jdk1.8.0_60\jre\bin\server\jvm.dll
0x00007ffa44cf0000 - 0x00007ffa44cf8000 	C:\WINDOWS\System32\PSAPI.DLL
0x00007ffa32f30000 - 0x00007ffa32f39000 	C:\WINDOWS\SYSTEM32\WSOCK32.dll
0x00007ffa445a0000 - 0x00007ffa4460a000 	C:\WINDOWS\System32\WS2_32.dll
0x00007ffa3f8a0000 - 0x00007ffa3f8c3000 	C:\WINDOWS\SYSTEM32\WINMM.dll
0x00007ffa341c0000 - 0x00007ffa341ca000 	C:\WINDOWS\SYSTEM32\VERSION.dll
0x00007ffa3f6b0000 - 0x00007ffa3f6db000 	C:\WINDOWS\SYSTEM32\WINMMBASE.dll
0x00007ffa416a0000 - 0x00007ffa416e2000 	C:\WINDOWS\System32\cfgmgr32.dll
0x000000005b870000 - 0x000000005b87f000 	C:\Program Files\Java\jdk1.8.0_60\jre\bin\verify.dll
0x000000005b840000 - 0x000000005b869000 	C:\Program Files\Java\jdk1.8.0_60\jre\bin\java.dll
0x000000005b820000 - 0x000000005b836000 	C:\Program Files\Java\jdk1.8.0_60\jre\bin\zip.dll
0x00007ffa42e30000 - 0x00007ffa44339000 	C:\WINDOWS\System32\SHELL32.dll
0x00007ffa41f40000 - 0x00007ffa4261a000 	C:\WINDOWS\System32\windows.storage.dll
0x00007ffa414f0000 - 0x00007ffa4153c000 	C:\WINDOWS\System32\powrprof.dll
0x00007ffa42a90000 - 0x00007ffa42ae2000 	C:\WINDOWS\System32\shlwapi.dll
0x00007ffa41570000 - 0x00007ffa4157f000 	C:\WINDOWS\System32\kernel.appcore.dll
0x00007ffa41d00000 - 0x00007ffa41da9000 	C:\WINDOWS\System32\shcore.dll
0x00007ffa41540000 - 0x00007ffa41554000 	C:\WINDOWS\System32\profapi.dll

VM Arguments:
jvm_args: -Djava.awt.headless=true -Xmx1024M -Dfile.encoding=windows-1252 -Duser.country=US -Duser.language=en -Duser.variant 
java_command: com.android.dx.command.Main --dex --force-jumbo --num-threads=4 --multi-dex --output C:\Users\David\AndroidStudioProjects\WaterResources\app\build\intermediates\transforms\dex\debug\folders\1000\5\slice_1 C:\Users\David\AndroidStudioProjects\WaterResources\app\build\intermediates\transforms\instantRunSlicer\debug\folders\1\5\slice_1
java_class_path (initial): C:\Users\David\AppData\Local\Android\sdk1\build-tools\25.0.0\lib\dx.jar
Launcher Type: SUN_STANDARD

Environment Variables:
JAVA_HOME=C:\Program Files\Java\jdk1.8.0_60\
PATH=C:\Program Files (x86)\NVIDIA Corporation\PhysX\Common;C:\ProgramData\Oracle\Java\javapath;C:\Program Files (x86)\Lenovo\FusionEngine;C:\Program Files (x86)\Intel\iCLS Client\;C:\Program Files\Intel\iCLS Client\;C:\WINDOWS\system32;C:\WINDOWS;C:\WINDOWS\System32\Wbem;C:\WINDOWS\System32\WindowsPowerShell\v1.0\;C:\Program Files\Intel\Intel(R) Management Engine Components\DAL;C:\Program Files (x86)\Intel\Intel(R) Management Engine Components\DAL;C:\Program Files\Intel\Intel(R) Management Engine Components\IPT;C:\Program Files (x86)\Intel\Intel(R) Management Engine Components\IPT;C:\Program Files (x86)\ATI Technologies\ATI.ACE\Core-Static;C:\Program Files\Intel\WiFi\bin\;C:\Program Files\Common Files\Intel\WirelessCommon\;C:\Program Files (x86)\Windows Live\Shared;C:\Program Files (x86)\AMD\ATI.ACE\Core-Static;C:\Program Files\nodejs\;C:\Program Files\Git\cmd;C:\Program Files\nodejs\node_modules\npm\bin;C:\Users\David\AppData\Roaming\npm;C:\Program Files (x86)\Skype\Phone\;C:\Program Files\nodejs\node_modules\npm\bin;C:\Program Files\Java\jdk1.8.0_60\bin;C:\Users\David\AppData\Local\atom\bin;C:\Program Files\gradle\bin;C:\Users\David\AppData\Local\Android\sdk1\platform-tools;C:\Users\David\AppData\Local\Microsoft\WindowsApps;C:\Program Files\gradle-3.0\bin;C:\Users\David\AppData\Local\.meteor\;C:\Python27;C:\Users\David\AppData\Local\pip;C:\Python27\Scripts
USERNAME=David
OS=Windows_NT
PROCESSOR_IDENTIFIER=Intel64 Family 6 Model 61 Stepping 4, GenuineIntel



---------------  S Y S T E M  ---------------

OS: Windows 10.0 , 64 bit Build 14393 (10.0.14393.0)

CPU:total 4 (2 cores per cpu, 2 threads per core) family 6 model 61 stepping 4, cmov, cx8, fxsr, mmx, sse, sse2, sse3, ssse3, sse4.1, sse4.2, popcnt, avx, avx2, aes, clmul, erms, 3dnowpref, lzcnt, ht, tsc, tscinvbit, bmi1, bmi2, adx

Memory: 4k page, physical 8300384k(1415388k free), swap 10255200k(4448k free)

vm_info: Java HotSpot(TM) 64-Bit Server VM (25.60-b23) for windows-amd64 JRE (1.8.0_60-b27), built on Aug  4 2015 11:06:27 by "java_re" with MS VC++ 10.0 (VS2010)

time: Wed Nov 23 23:56:37 2016
elapsed time: 3 seconds (0d 0h 0m 3s)

