#
# There is insufficient memory for the Java Runtime Environment to continue.
# Native memory allocation (malloc) failed to allocate 1048576 bytes for AllocateHeap
# Possible reasons:
#   The system is out of physical RAM or swap space
#   In 32 bit mode, the process size limit was hit
# Possible solutions:
#   Reduce memory load on the system
#   Increase physical memory or swap space
#   Check if swap backing store is full
#   Use 64 bit Java on a 64 bit OS
#   Decrease Java heap size (-Xmx/-Xms)
#   Decrease number of Java threads
#   Decrease Java thread stack sizes (-Xss)
#   Set larger code cache with -XX:ReservedCodeCacheSize=
# This output file may be truncated or incomplete.
#
#  Out of Memory Error (memory/allocation.inline.hpp:61), pid=13824, tid=16484
#
# JRE version:  (8.0_60-b27) (build )
# Java VM: Java HotSpot(TM) 64-Bit Server VM (25.60-b23 mixed mode windows-amd64 compressed oops)
# Failed to write core dump. Minidumps are not enabled by default on client versions of Windows
#

---------------  T H R E A D  ---------------

Current thread (0x00000000023fd800):  JavaThread "Unknown thread" [_thread_in_vm, id=16484, stack(0x0000000002400000,0x0000000002500000)]

Stack: [0x0000000002400000,0x0000000002500000]
[error occurred during error reporting (printing stack bounds), id 0xc0000005]

Native frames: (J=compiled Java code, j=interpreted, Vv=VM code, C=native code)


---------------  P R O C E S S  ---------------

Java Threads: ( => current thread )

Other Threads:

=>0x00000000023fd800 (exited) JavaThread "Unknown thread" [_thread_in_vm, id=16484, stack(0x0000000002400000,0x0000000002500000)]

VM state:not at safepoint (normal execution)

VM Mutex/Monitor currently owned by a thread: None

Heap:
 PSYoungGen      total 38400K, used 665K [0x00000000eab00000, 0x00000000ed580000, 0x0000000100000000)
  eden space 33280K, 2% used [0x00000000eab00000,0x00000000eaba6670,0x00000000ecb80000)
  from space 5120K, 0% used [0x00000000ed080000,0x00000000ed080000,0x00000000ed580000)
  to   space 5120K, 0% used [0x00000000ecb80000,0x00000000ecb80000,0x00000000ed080000)
 ParOldGen       total 87552K, used 0K [0x00000000c0000000, 0x00000000c5580000, 0x00000000eab00000)
  object space 87552K, 0% used [0x00000000c0000000,0x00000000c0000000,0x00000000c5580000)
 Metaspace       used 767K, capacity 4480K, committed 4480K, reserved 1056768K
  class space    used 75K, capacity 384K, committed 384K, reserved 1048576K

Card table byte_map: [0x00000000119c0000,0x0000000011bd0000] byte_map_base: 0x00000000113c0000

Marking Bits: (ParMarkBitMap*) 0x000000005a35a5b0
 Begin Bits: [0x0000000012130000, 0x0000000013130000)
 End Bits:   [0x0000000013130000, 0x0000000014130000)

Polling page: 0x0000000000aa0000

CodeCache: size=245760Kb used=328Kb max_used=328Kb free=245431Kb
 bounds [0x0000000002600000, 0x0000000002870000, 0x0000000011600000]
 total_blobs=57 nmethods=0 adapters=37
 compilation: enabled

Compilation events (0 events):
No events

GC Heap History (0 events):
No events

Deoptimization events (0 events):
No events

Internal exceptions (0 events):
No events

Events (10 events):
Event: 0.136 loading class java/lang/Short
Event: 0.136 loading class java/lang/Short done
Event: 0.136 loading class java/lang/Integer
Event: 0.136 loading class java/lang/Integer done
Event: 0.136 loading class java/lang/Long
Event: 0.136 loading class java/lang/Long done
Event: 0.138 loading class java/lang/NullPointerException
Event: 0.138 loading class java/lang/NullPointerException done
Event: 0.138 loading class java/lang/ArithmeticException
Event: 0.138 loading class java/lang/ArithmeticException done


Dynamic libraries:
0x00007ff63a0c0000 - 0x00007ff63a0f7000 	C:\Program Files\Java\jdk1.8.0_60\bin\java.exe
0x00007ffa45090000 - 0x00007ffa45261000 	C:\WINDOWS\SYSTEM32\ntdll.dll
0x00007ffa44fe0000 - 0x00007ffa4508b000 	C:\WINDOWS\System32\KERNEL32.DLL
0x00007ffa416f0000 - 0x00007ffa4190d000 	C:\WINDOWS\System32\KERNELBASE.dll
0x00007ffa44ac0000 - 0x00007ffa44b62000 	C:\WINDOWS\System32\ADVAPI32.dll
0x00007ffa428c0000 - 0x00007ffa4295e000 	C:\WINDOWS\System32\msvcrt.dll
0x00007ffa42af0000 - 0x00007ffa42b49000 	C:\WINDOWS\System32\sechost.dll
0x00007ffa42790000 - 0x00007ffa428b1000 	C:\WINDOWS\System32\RPCRT4.dll
0x00007ffa42620000 - 0x00007ffa42785000 	C:\WINDOWS\System32\USER32.dll
0x00007ffa41970000 - 0x00007ffa4198e000 	C:\WINDOWS\System32\win32u.dll
0x00007ffa44b70000 - 0x00007ffa44ba4000 	C:\WINDOWS\System32\GDI32.dll
0x00007ffa41db0000 - 0x00007ffa41f32000 	C:\WINDOWS\System32\gdi32full.dll
0x00007ffa2e050000 - 0x00007ffa2e2c9000 	C:\WINDOWS\WinSxS\amd64_microsoft.windows.common-controls_6595b64144ccf1df_6.0.14393.447_none_42191651c6827bb3\COMCTL32.dll
0x00007ffa42b60000 - 0x00007ffa42e27000 	C:\WINDOWS\System32\combase.dll
0x00007ffa41990000 - 0x00007ffa41a85000 	C:\WINDOWS\System32\ucrtbase.dll
0x00007ffa41630000 - 0x00007ffa4169a000 	C:\WINDOWS\System32\bcryptPrimitives.dll
0x00007ffa42960000 - 0x00007ffa4298e000 	C:\WINDOWS\System32\IMM32.DLL
0x000000005ada0000 - 0x000000005ae72000 	C:\Program Files\Java\jdk1.8.0_60\jre\bin\msvcr100.dll
0x0000000059b50000 - 0x000000005a3d9000 	C:\Program Files\Java\jdk1.8.0_60\jre\bin\server\jvm.dll
0x00007ffa44cf0000 - 0x00007ffa44cf8000 	C:\WINDOWS\System32\PSAPI.DLL
0x00007ffa32f30000 - 0x00007ffa32f39000 	C:\WINDOWS\SYSTEM32\WSOCK32.dll
0x00007ffa445a0000 - 0x00007ffa4460a000 	C:\WINDOWS\System32\WS2_32.dll
0x00007ffa3f8a0000 - 0x00007ffa3f8c3000 	C:\WINDOWS\SYSTEM32\WINMM.dll
0x00007ffa341c0000 - 0x00007ffa341ca000 	C:\WINDOWS\SYSTEM32\VERSION.dll
0x00007ffa3f6b0000 - 0x00007ffa3f6db000 	C:\WINDOWS\SYSTEM32\WINMMBASE.dll
0x00007ffa416a0000 - 0x00007ffa416e2000 	C:\WINDOWS\System32\cfgmgr32.dll
0x000000005b870000 - 0x000000005b87f000 	C:\Program Files\Java\jdk1.8.0_60\jre\bin\verify.dll
0x000000005b840000 - 0x000000005b869000 	C:\Program Files\Java\jdk1.8.0_60\jre\bin\java.dll
0x000000005b820000 - 0x000000005b836000 	C:\Program Files\Java\jdk1.8.0_60\jre\bin\zip.dll

VM Arguments:
jvm_args: -Djava.awt.headless=true -Xmx1024M -Dfile.encoding=windows-1252 -Duser.country=US -Duser.language=en -Duser.variant 
java_command: com.android.dx.command.Main --dex --force-jumbo --num-threads=4 --multi-dex --output C:\Users\David\AndroidStudioProjects\WaterResources\app\build\intermediates\transforms\dex\debug\folders\1000\5\slice_3 C:\Users\David\AndroidStudioProjects\WaterResources\app\build\intermediates\transforms\instantRunSlicer\debug\folders\1\5\slice_3
java_class_path (initial): C:\Users\David\AppData\Local\Android\sdk1\build-tools\25.0.0\lib\dx.jar
Launcher Type: SUN_STANDARD

Environment Variables:
JAVA_HOME=C:\Program Files\Java\jdk1.8.0_60\
PATH=C:\Program Files (x86)\NVIDIA Corporation\PhysX\Common;C:\ProgramData\Oracle\Java\javapath;C:\Program Files (x86)\Lenovo\FusionEngine;C:\Program Files (x86)\Intel\iCLS Client\;C:\Program Files\Intel\iCLS Client\;C:\WINDOWS\system32;C:\WINDOWS;C:\WINDOWS\System32\Wbem;C:\WINDOWS\System32\WindowsPowerShell\v1.0\;C:\Program Files\Intel\Intel(R) Management Engine Components\DAL;C:\Program Files (x86)\Intel\Intel(R) Management Engine Components\DAL;C:\Program Files\Intel\Intel(R) Management Engine Components\IPT;C:\Program Files (x86)\Intel\Intel(R) Management Engine Components\IPT;C:\Program Files (x86)\ATI Technologies\ATI.ACE\Core-Static;C:\Program Files\Intel\WiFi\bin\;C:\Program Files\Common Files\Intel\WirelessCommon\;C:\Program Files (x86)\Windows Live\Shared;C:\Program Files (x86)\AMD\ATI.ACE\Core-Static;C:\Program Files\nodejs\;C:\Program Files\Git\cmd;C:\Program Files\nodejs\node_modules\npm\bin;C:\Users\David\AppData\Roaming\npm;C:\Program Files (x86)\Skype\Phone\;C:\Program Files\nodejs\node_modules\npm\bin;C:\Program Files\Java\jdk1.8.0_60\bin;C:\Users\David\AppData\Local\atom\bin;C:\Program Files\gradle\bin;C:\Users\David\AppData\Local\Android\sdk1\platform-tools;C:\Users\David\AppData\Local\Microsoft\WindowsApps;C:\Program Files\gradle-3.0\bin;C:\Users\David\AppData\Local\.meteor\;C:\Python27;C:\Users\David\AppData\Local\pip;C:\Python27\Scripts
USERNAME=David
OS=Windows_NT
PROCESSOR_IDENTIFIER=Intel64 Family 6 Model 61 Stepping 4, GenuineIntel



---------------  S Y S T E M  ---------------

OS: Windows 10.0 , 64 bit Build 14393 (10.0.14393.0)

CPU:total 4 (2 cores per cpu, 2 threads per core) family 6 model 61 stepping 4, cmov, cx8, fxsr, mmx, sse, sse2, sse3, ssse3, sse4.1, sse4.2, popcnt, avx, avx2, aes, clmul, erms, 3dnowpref, lzcnt, ht, tsc, tscinvbit, bmi1, bmi2, adx

Memory: 4k page, physical 8300384k(2402236k free), swap 10255200k(4784k free)

vm_info: Java HotSpot(TM) 64-Bit Server VM (25.60-b23) for windows-amd64 JRE (1.8.0_60-b27), built on Aug  4 2015 11:06:27 by "java_re" with MS VC++ 10.0 (VS2010)

time: Wed Nov 23 22:05:27 2016
elapsed time: 0 seconds (0d 0h 0m 0s)

