#
# There is insufficient memory for the Java Runtime Environment to continue.
# Native memory allocation (malloc) failed to allocate 494576 bytes for Chunk::new
# Possible reasons:
#   The system is out of physical RAM or swap space
#   In 32 bit mode, the process size limit was hit
# Possible solutions:
#   Reduce memory load on the system
#   Increase physical memory or swap space
#   Check if swap backing store is full
#   Use 64 bit Java on a 64 bit OS
#   Decrease Java heap size (-Xmx/-Xms)
#   Decrease number of Java threads
#   Decrease Java thread stack sizes (-Xss)
#   Set larger code cache with -XX:ReservedCodeCacheSize=
# This output file may be truncated or incomplete.
#
#  Out of Memory Error (allocation.cpp:390), pid=8700, tid=14320
#
# JRE version: Java(TM) SE Runtime Environment (8.0_60-b27) (build 1.8.0_60-b27)
# Java VM: Java HotSpot(TM) 64-Bit Server VM (25.60-b23 mixed mode windows-amd64 compressed oops)
# Failed to write core dump. Minidumps are not enabled by default on client versions of Windows
#

---------------  T H R E A D  ---------------

Current thread (0x0000000014a01000):  JavaThread "C2 CompilerThread1" daemon [_thread_in_native, id=14320, stack(0x0000000016150000,0x0000000016250000)]

Stack: [0x0000000016150000,0x0000000016250000]
[error occurred during error reporting (printing stack bounds), id 0xc0000005]

Native frames: (J=compiled Java code, j=interpreted, Vv=VM code, C=native code)


Current CompileTask:
C2:  21501 3301       4       com.android.dx.dex.code.LocalList$MakeState::snapshot (110 bytes)


---------------  P R O C E S S  ---------------

Java Threads: ( => current thread )
  0x000000001660e000 JavaThread "pool-1-thread-1" [_thread_in_Java, id=4144, stack(0x0000000018620000,0x0000000018720000)]
  0x0000000016354800 JavaThread "Service Thread" daemon [_thread_blocked, id=724, stack(0x0000000016750000,0x0000000016850000)]
  0x0000000014a5c800 JavaThread "C1 CompilerThread2" daemon [_thread_blocked, id=17680, stack(0x0000000016250000,0x0000000016350000)]
=>0x0000000014a01000 JavaThread "C2 CompilerThread1" daemon [_thread_in_native, id=14320, stack(0x0000000016150000,0x0000000016250000)]
  0x00000000149fa000 JavaThread "C2 CompilerThread0" daemon [_thread_in_native, id=13400, stack(0x0000000016050000,0x0000000016150000)]
  0x00000000149f8000 JavaThread "Attach Listener" daemon [_thread_blocked, id=5524, stack(0x0000000015f50000,0x0000000016050000)]
  0x00000000149f6800 JavaThread "Signal Dispatcher" daemon [_thread_blocked, id=13020, stack(0x0000000015e50000,0x0000000015f50000)]
  0x0000000002320800 JavaThread "Finalizer" daemon [_thread_blocked, id=13008, stack(0x0000000015c60000,0x0000000015d60000)]
  0x00000000149c9000 JavaThread "Reference Handler" daemon [_thread_blocked, id=12596, stack(0x0000000015b60000,0x0000000015c60000)]
  0x0000000001fed800 JavaThread "main" [_thread_blocked, id=11624, stack(0x0000000002030000,0x0000000002130000)]

Other Threads:
  0x00000000149c7800 VMThread [stack: 0x0000000015a60000,0x0000000015b60000] [id=10860]
  0x0000000016358000 WatcherThread [stack: 0x0000000016850000,0x0000000016950000] [id=10928]

VM state:not at safepoint (normal execution)

VM Mutex/Monitor currently owned by a thread: None

Heap:
 PSYoungGen      total 228352K, used 116068K [0x00000000eab00000, 0x0000000100000000, 0x0000000100000000)
  eden space 116736K, 10% used [0x00000000eab00000,0x00000000eb7566a0,0x00000000f1d00000)
  from space 111616K, 92% used [0x00000000f9300000,0x00000000ff8029a0,0x0000000100000000)
  to   space 116224K, 0% used [0x00000000f1d00000,0x00000000f1d00000,0x00000000f8e80000)
 ParOldGen       total 286720K, used 193838K [0x00000000c0000000, 0x00000000d1800000, 0x00000000eab00000)
  object space 286720K, 67% used [0x00000000c0000000,0x00000000cbd4bb38,0x00000000d1800000)
 Metaspace       used 6954K, capacity 7608K, committed 7936K, reserved 1056768K
  class space    used 644K, capacity 688K, committed 768K, reserved 1048576K

Card table byte_map: [0x00000000116f0000,0x0000000011900000] byte_map_base: 0x00000000110f0000

Marking Bits: (ParMarkBitMap*) 0x000000005a35a5b0
 Begin Bits: [0x0000000011e60000, 0x0000000012e60000)
 End Bits:   [0x0000000012e60000, 0x0000000013e60000)

Polling page: 0x0000000001f80000

CodeCache: size=245760Kb used=12295Kb max_used=12295Kb free=233464Kb
 bounds [0x0000000002330000, 0x0000000002f40000, 0x0000000011330000]
 total_blobs=3015 nmethods=2745 adapters=182
 compilation: enabled

Compilation events (10 events):
Event: 21.461 Thread 0x0000000014a5c800 3314       3       java.util.Arrays::sort (24 bytes)
Event: 21.461 Thread 0x0000000014a5c800 nmethod 3314 0x0000000002f3ae90 code [0x0000000002f3b000, 0x0000000002f3b208]
Event: 21.461 Thread 0x0000000014a5c800 3315       3       com.android.dx.dex.code.LocalList::<init> (6 bytes)
Event: 21.461 Thread 0x0000000014a5c800 nmethod 3315 0x0000000002f3b2d0 code [0x0000000002f3b440, 0x0000000002f3b5c8]
Event: 21.464 Thread 0x0000000014a5c800 3316       3       com.android.dx.dex.code.CatchHandlerList::catchesAll (30 bytes)
Event: 21.465 Thread 0x0000000014a5c800 nmethod 3316 0x0000000002f3b650 code [0x0000000002f3b800, 0x0000000002f3bfc8]
Event: 21.465 Thread 0x0000000014a5c800 3317       3       com.android.dx.util.ByteArrayAnnotatedOutput::writeSleb128 (34 bytes)
Event: 21.465 Thread 0x0000000014a5c800 nmethod 3317 0x0000000002f3c1d0 code [0x0000000002f3c340, 0x0000000002f3c578]
Event: 21.466 Thread 0x0000000014a5c800 3318       3       com.android.dx.dex.code.LocalList$MakeState::finish (151 bytes)
Event: 21.468 Thread 0x0000000014a5c800 nmethod 3318 0x0000000002f3c650 code [0x0000000002f3c920, 0x0000000002f3de48]

GC Heap History (10 events):
Event: 13.897 GC heap before
{Heap before GC invocations=12 (full 1):
 PSYoungGen      total 242176K, used 242171K [0x00000000eab00000, 0x0000000100000000, 0x0000000100000000)
  eden space 167936K, 100% used [0x00000000eab00000,0x00000000f4f00000,0x00000000f4f00000)
  from space 74240K, 99% used [0x00000000fb780000,0x00000000ffffecc8,0x0000000100000000)
  to   space 90624K, 0% used [0x00000000f4f00000,0x00000000f4f00000,0x00000000fa780000)
 ParOldGen       total 171008K, used 132397K [0x00000000c0000000, 0x00000000ca700000, 0x00000000eab00000)
  object space 171008K, 77% used [0x00000000c0000000,0x00000000c814b5b0,0x00000000ca700000)
 Metaspace       used 6592K, capacity 7320K, committed 7680K, reserved 1056768K
  class space    used 625K, capacity 656K, committed 768K, reserved 1048576K
Event: 14.070 GC heap after
Heap after GC invocations=12 (full 1):
 PSYoungGen      total 250880K, used 82680K [0x00000000eab00000, 0x0000000100000000, 0x0000000100000000)
  eden space 167936K, 0% used [0x00000000eab00000,0x00000000eab00000,0x00000000f4f00000)
  from space 82944K, 99% used [0x00000000f4f00000,0x00000000f9fbe340,0x00000000fa000000)
  to   space 98304K, 0% used [0x00000000fa000000,0x00000000fa000000,0x0000000100000000)
 ParOldGen       total 171008K, used 153445K [0x00000000c0000000, 0x00000000ca700000, 0x00000000eab00000)
  object space 171008K, 89% used [0x00000000c0000000,0x00000000c95d9400,0x00000000ca700000)
 Metaspace       used 6592K, capacity 7320K, committed 7680K, reserved 1056768K
  class space    used 625K, capacity 656K, committed 768K, reserved 1048576K
}
Event: 14.071 GC heap before
{Heap before GC invocations=13 (full 2):
 PSYoungGen      total 250880K, used 82680K [0x00000000eab00000, 0x0000000100000000, 0x0000000100000000)
  eden space 167936K, 0% used [0x00000000eab00000,0x00000000eab00000,0x00000000f4f00000)
  from space 82944K, 99% used [0x00000000f4f00000,0x00000000f9fbe340,0x00000000fa000000)
  to   space 98304K, 0% used [0x00000000fa000000,0x00000000fa000000,0x0000000100000000)
 ParOldGen       total 171008K, used 153445K [0x00000000c0000000, 0x00000000ca700000, 0x00000000eab00000)
  object space 171008K, 89% used [0x00000000c0000000,0x00000000c95d9400,0x00000000ca700000)
 Metaspace       used 6592K, capacity 7320K, committed 7680K, reserved 1056768K
  class space    used 625K, capacity 656K, committed 768K, reserved 1048576K
Event: 15.784 GC heap after
Heap after GC invocations=13 (full 2):
 PSYoungGen      total 250880K, used 57779K [0x00000000eab00000, 0x0000000100000000, 0x0000000100000000)
  eden space 167936K, 0% used [0x00000000eab00000,0x00000000eab00000,0x00000000f4f00000)
  from space 82944K, 69% used [0x00000000f4f00000,0x00000000f876ccc8,0x00000000fa000000)
  to   space 98304K, 0% used [0x00000000fa000000,0x00000000fa000000,0x0000000100000000)
 ParOldGen       total 286720K, used 170613K [0x00000000c0000000, 0x00000000d1800000, 0x00000000eab00000)
  object space 286720K, 59% used [0x00000000c0000000,0x00000000ca69d4b0,0x00000000d1800000)
 Metaspace       used 6592K, capacity 7320K, committed 7680K, reserved 1056768K
  class space    used 625K, capacity 656K, committed 768K, reserved 1048576K
}
Event: 16.897 GC heap before
{Heap before GC invocations=14 (full 2):
 PSYoungGen      total 250880K, used 225715K [0x00000000eab00000, 0x0000000100000000, 0x0000000100000000)
  eden space 167936K, 100% used [0x00000000eab00000,0x00000000f4f00000,0x00000000f4f00000)
  from space 82944K, 69% used [0x00000000f4f00000,0x00000000f876ccc8,0x00000000fa000000)
  to   space 98304K, 0% used [0x00000000fa000000,0x00000000fa000000,0x0000000100000000)
 ParOldGen       total 286720K, used 170613K [0x00000000c0000000, 0x00000000d1800000, 0x00000000eab00000)
  object space 286720K, 59% used [0x00000000c0000000,0x00000000ca69d4b0,0x00000000d1800000)
 Metaspace       used 6602K, capacity 7320K, committed 7680K, reserved 1056768K
  class space    used 625K, capacity 656K, committed 768K, reserved 1048576K
Event: 17.017 GC heap after
Heap after GC invocations=14 (full 2):
 PSYoungGen      total 239616K, used 58235K [0x00000000eab00000, 0x0000000100000000, 0x0000000100000000)
  eden space 141312K, 0% used [0x00000000eab00000,0x00000000eab00000,0x00000000f3500000)
  from space 98304K, 59% used [0x00000000fa000000,0x00000000fd8dece8,0x0000000100000000)
  to   space 103936K, 0% used [0x00000000f3500000,0x00000000f3500000,0x00000000f9a80000)
 ParOldGen       total 286720K, used 193838K [0x00000000c0000000, 0x00000000d1800000, 0x00000000eab00000)
  object space 286720K, 67% used [0x00000000c0000000,0x00000000cbd4bb38,0x00000000d1800000)
 Metaspace       used 6602K, capacity 7320K, committed 7680K, reserved 1056768K
  class space    used 625K, capacity 656K, committed 768K, reserved 1048576K
}
Event: 18.394 GC heap before
{Heap before GC invocations=15 (full 2):
 PSYoungGen      total 239616K, used 199547K [0x00000000eab00000, 0x0000000100000000, 0x0000000100000000)
  eden space 141312K, 100% used [0x00000000eab00000,0x00000000f3500000,0x00000000f3500000)
  from space 98304K, 59% used [0x00000000fa000000,0x00000000fd8dece8,0x0000000100000000)
  to   space 103936K, 0% used [0x00000000f3500000,0x00000000f3500000,0x00000000f9a80000)
 ParOldGen       total 286720K, used 193838K [0x00000000c0000000, 0x00000000d1800000, 0x00000000eab00000)
  object space 286720K, 67% used [0x00000000c0000000,0x00000000cbd4bb38,0x00000000d1800000)
 Metaspace       used 6615K, capacity 7320K, committed 7680K, reserved 1056768K
  class space    used 625K, capacity 656K, committed 768K, reserved 1048576K
Event: 18.611 GC heap after
Heap after GC invocations=15 (full 2):
 PSYoungGen      total 221184K, used 79479K [0x00000000eab00000, 0x0000000100000000, 0x0000000100000000)
  eden space 141312K, 0% used [0x00000000eab00000,0x00000000eab00000,0x00000000f3500000)
  from space 79872K, 99% used [0x00000000f3500000,0x00000000f829dc50,0x00000000f8300000)
  to   space 111616K, 0% used [0x00000000f9300000,0x00000000f9300000,0x0000000100000000)
 ParOldGen       total 286720K, used 193838K [0x00000000c0000000, 0x00000000d1800000, 0x00000000eab00000)
  object space 286720K, 67% used [0x00000000c0000000,0x00000000cbd4bb38,0x00000000d1800000)
 Metaspace       used 6615K, capacity 7320K, committed 7680K, reserved 1056768K
  class space    used 625K, capacity 656K, committed 768K, reserved 1048576K
}
Event: 20.753 GC heap before
{Heap before GC invocations=16 (full 2):
 PSYoungGen      total 221184K, used 220791K [0x00000000eab00000, 0x0000000100000000, 0x0000000100000000)
  eden space 141312K, 100% used [0x00000000eab00000,0x00000000f3500000,0x00000000f3500000)
  from space 79872K, 99% used [0x00000000f3500000,0x00000000f829dc50,0x00000000f8300000)
  to   space 111616K, 0% used [0x00000000f9300000,0x00000000f9300000,0x0000000100000000)
 ParOldGen       total 286720K, used 193838K [0x00000000c0000000, 0x00000000d1800000, 0x00000000eab00000)
  object space 286720K, 67% used [0x00000000c0000000,0x00000000cbd4bb38,0x00000000d1800000)
 Metaspace       used 6938K, capacity 7608K, committed 7936K, reserved 1056768K
  class space    used 644K, capacity 688K, committed 768K, reserved 1048576K
Event: 20.936 GC heap after
Heap after GC invocations=16 (full 2):
 PSYoungGen      total 228352K, used 103434K [0x00000000eab00000, 0x0000000100000000, 0x0000000100000000)
  eden space 116736K, 0% used [0x00000000eab00000,0x00000000eab00000,0x00000000f1d00000)
  from space 111616K, 92% used [0x00000000f9300000,0x00000000ff8029a0,0x0000000100000000)
  to   space 116224K, 0% used [0x00000000f1d00000,0x00000000f1d00000,0x00000000f8e80000)
 ParOldGen       total 286720K, used 193838K [0x00000000c0000000, 0x00000000d1800000, 0x00000000eab00000)
  object space 286720K, 67% used [0x00000000c0000000,0x00000000cbd4bb38,0x00000000d1800000)
 Metaspace       used 6938K, capacity 7608K, committed 7936K, reserved 1056768K
  class space    used 644K, capacity 688K, committed 768K, reserved 1048576K
}

Deoptimization events (10 events):
Event: 21.208 Thread 0x000000001660e000 Uncommon trap: reason=array_check action=maybe_recompile pc=0x0000000002ef0b08 method=java.util.ComparableTimSort.binarySort([Ljava/lang/Object;III)V @ 183
Event: 21.238 Thread 0x000000001660e000 Uncommon trap: reason=array_check action=maybe_recompile pc=0x0000000002ef09e4 method=java.util.ComparableTimSort.binarySort([Ljava/lang/Object;III)V @ 215
Event: 21.238 Thread 0x000000001660e000 Uncommon trap: reason=unstable_if action=reinterpret pc=0x0000000002ee6c78 method=com.android.dx.dex.code.form.Form35c.wordCount(Lcom/android/dx/rop/code/RegisterSpecList;)I @ 65
Event: 21.273 Thread 0x000000001660e000 Uncommon trap: reason=unstable_if action=reinterpret pc=0x0000000002ed93f8 method=com.android.dx.dex.code.OutputFinisher.align64bits([Lcom/android/dx/dex/code/Dop;)V @ 205
Event: 21.278 Thread 0x000000001660e000 Uncommon trap: reason=unstable_if action=reinterpret pc=0x0000000002ecff74 method=com.android.dx.dex.code.OutputFinisher.align64bits([Lcom/android/dx/dex/code/Dop;)V @ 205
Event: 21.312 Thread 0x000000001660e000 Uncommon trap: reason=unstable_if action=reinterpret pc=0x0000000002e80714 method=com.android.dx.dex.code.LocalList$MakeState.filterSpec(Lcom/android/dx/rop/code/RegisterSpec;)Lcom/android/dx/rop/code/RegisterSpec; @ 11
Event: 21.312 Thread 0x000000001660e000 Uncommon trap: reason=unstable_if action=reinterpret pc=0x0000000002e49178 method=com.android.dx.dex.code.LocalList$MakeState.filterSpec(Lcom/android/dx/rop/code/RegisterSpec;)Lcom/android/dx/rop/code/RegisterSpec; @ 11
Event: 21.403 Thread 0x000000001660e000 Uncommon trap: reason=unstable_if action=reinterpret pc=0x0000000002f31fd8 method=com.android.dx.dex.code.LocalList$MakeState.snapshot(ILcom/android/dx/rop/code/RegisterSpecSet;)V @ 86
Event: 21.458 Thread 0x000000001660e000 Uncommon trap: reason=unstable_if action=reinterpret pc=0x0000000002f2a27c method=com.android.dx.dex.code.LocalList$MakeState.aboutToProcess(II)V @ 54
Event: 21.460 Thread 0x000000001660e000 Uncommon trap: reason=unstable_if action=reinterpret pc=0x0000000002f26970 method=com.android.dx.dex.code.LocalList$MakeState.aboutToProcess(II)V @ 54

Internal exceptions (8 events):
Event: 0.076 Thread 0x0000000001fed800 Exception <a 'java/lang/NoSuchMethodError': Method sun.misc.Unsafe.defineClass(Ljava/lang/String;[BII)Ljava/lang/Class; name or signature does not match> (0x00000000eab0dc10) thrown at [C:\re\workspace\8-2-build-windows-amd64-cygwin\jdk8u60\4407\hotspot\srã`~ÌZp≥?
Event: 0.076 Thread 0x0000000001fed800 Exception <a 'java/lang/NoSuchMethodError': Method sun.misc.Unsafe.prefetchRead(Ljava/lang/Object;J)V name or signature does not match> (0x00000000eab0def8) thrown at [C:\re\workspace\8-2-build-windows-amd64-cygwin\jdk8u60\4407\hotspot\src\share\vm\prims\jôY√ˇêı?
Event: 1.348 Thread 0x0000000016d43800 Implicit null exception at 0x000000000265d162 to 0x000000000265d25a
Event: 6.034 Thread 0x0000000016d43800 Implicit null exception at 0x00000000028ecf3f to 0x00000000028ee2b9
Event: 6.932 Thread 0x0000000016cc8800 Exception <a 'java/lang/ArrayIndexOutOfBoundsException': 18> (0x00000000f8b4a260) thrown at [C:\re\workspace\8-2-build-windows-amd64-cygwin\jdk8u60\4407\hotspot\src\share\vm\interpreter\interpreterRuntime.cpp, line 366]
Event: 6.933 Thread 0x0000000016cc8800 Exception <a 'java/lang/ArrayIndexOutOfBoundsException': 145> (0x00000000f8b4bde0) thrown at [C:\re\workspace\8-2-build-windows-amd64-cygwin\jdk8u60\4407\hotspot\src\share\vm\interpreter\interpreterRuntime.cpp, line 366]
Event: 6.948 Thread 0x0000000016cc8800 Exception <a 'java/lang/ArrayIndexOutOfBoundsException'> (0x00000000f8b4d0c8) thrown at [C:\re\workspace\8-2-build-windows-amd64-cygwin\jdk8u60\4407\hotspot\src\share\vm\runtime\sharedRuntime.cpp, line 605]
Event: 12.784 Thread 0x0000000016cc7000 Implicit null exception at 0x00000000026477d0 to 0x000000000264b8e5

Events (10 events):
Event: 21.403 Thread 0x000000001660e000 DEOPT PACKING pc=0x0000000002f31fd8 sp=0x000000001871e7a0
Event: 21.403 Thread 0x000000001660e000 DEOPT UNPACKING pc=0x000000000237582a sp=0x000000001871e7a0 mode 2
Event: 21.458 Thread 0x000000001660e000 Uncommon trap: trap_request=0xffffff65 fr.pc=0x0000000002f2a27c
Event: 21.458 Thread 0x000000001660e000 DEOPT PACKING pc=0x0000000002f2a27c sp=0x000000001871e860
Event: 21.458 Thread 0x000000001660e000 DEOPT UNPACKING pc=0x000000000237582a sp=0x000000001871e760 mode 2
Event: 21.460 Thread 0x000000001660e000 Uncommon trap: trap_request=0xffffff65 fr.pc=0x0000000002f26970
Event: 21.460 Thread 0x000000001660e000 DEOPT PACKING pc=0x0000000002f26970 sp=0x000000001871e820
Event: 21.460 Thread 0x000000001660e000 DEOPT UNPACKING pc=0x000000000237582a sp=0x000000001871e750 mode 2
Event: 21.469 Thread 0x000000001660e000 DEOPT PACKING pc=0x0000000002f3a719 sp=0x000000001871e720
Event: 21.469 Thread 0x000000001660e000 DEOPT UNPACKING pc=0x000000000237787f sp=0x000000001871e470 mode 0


Dynamic libraries:
0x00007ff7a0b80000 - 0x00007ff7a0bb7000 	C:\Program Files\Java\jdk1.8.0_60\bin\java.exe
0x00007ffa45090000 - 0x00007ffa45261000 	C:\WINDOWS\SYSTEM32\ntdll.dll
0x00007ffa44fe0000 - 0x00007ffa4508b000 	C:\WINDOWS\System32\KERNEL32.DLL
0x00007ffa416f0000 - 0x00007ffa4190d000 	C:\WINDOWS\System32\KERNELBASE.dll
0x00007ffa44ac0000 - 0x00007ffa44b62000 	C:\WINDOWS\System32\ADVAPI32.dll
0x00007ffa428c0000 - 0x00007ffa4295e000 	C:\WINDOWS\System32\msvcrt.dll
0x00007ffa42af0000 - 0x00007ffa42b49000 	C:\WINDOWS\System32\sechost.dll
0x00007ffa42790000 - 0x00007ffa428b1000 	C:\WINDOWS\System32\RPCRT4.dll
0x00007ffa42620000 - 0x00007ffa42785000 	C:\WINDOWS\System32\USER32.dll
0x00007ffa41970000 - 0x00007ffa4198e000 	C:\WINDOWS\System32\win32u.dll
0x00007ffa44b70000 - 0x00007ffa44ba4000 	C:\WINDOWS\System32\GDI32.dll
0x00007ffa41db0000 - 0x00007ffa41f32000 	C:\WINDOWS\System32\gdi32full.dll
0x00007ffa2e050000 - 0x00007ffa2e2c9000 	C:\WINDOWS\WinSxS\amd64_microsoft.windows.common-controls_6595b64144ccf1df_6.0.14393.447_none_42191651c6827bb3\COMCTL32.dll
0x00007ffa42b60000 - 0x00007ffa42e27000 	C:\WINDOWS\System32\combase.dll
0x00007ffa41990000 - 0x00007ffa41a85000 	C:\WINDOWS\System32\ucrtbase.dll
0x00007ffa41630000 - 0x00007ffa4169a000 	C:\WINDOWS\System32\bcryptPrimitives.dll
0x00007ffa42960000 - 0x00007ffa4298e000 	C:\WINDOWS\System32\IMM32.DLL
0x000000005ada0000 - 0x000000005ae72000 	C:\Program Files\Java\jdk1.8.0_60\jre\bin\msvcr100.dll
0x0000000059b50000 - 0x000000005a3d9000 	C:\Program Files\Java\jdk1.8.0_60\jre\bin\server\jvm.dll
0x00007ffa44cf0000 - 0x00007ffa44cf8000 	C:\WINDOWS\System32\PSAPI.DLL
0x00007ffa32f30000 - 0x00007ffa32f39000 	C:\WINDOWS\SYSTEM32\WSOCK32.dll
0x00007ffa445a0000 - 0x00007ffa4460a000 	C:\WINDOWS\System32\WS2_32.dll
0x00007ffa3f8a0000 - 0x00007ffa3f8c3000 	C:\WINDOWS\SYSTEM32\WINMM.dll
0x00007ffa341c0000 - 0x00007ffa341ca000 	C:\WINDOWS\SYSTEM32\VERSION.dll
0x00007ffa3f6b0000 - 0x00007ffa3f6db000 	C:\WINDOWS\SYSTEM32\WINMMBASE.dll
0x00007ffa416a0000 - 0x00007ffa416e2000 	C:\WINDOWS\System32\cfgmgr32.dll
0x000000005b870000 - 0x000000005b87f000 	C:\Program Files\Java\jdk1.8.0_60\jre\bin\verify.dll
0x000000005b840000 - 0x000000005b869000 	C:\Program Files\Java\jdk1.8.0_60\jre\bin\java.dll
0x000000005b820000 - 0x000000005b836000 	C:\Program Files\Java\jdk1.8.0_60\jre\bin\zip.dll
0x00007ffa42e30000 - 0x00007ffa44339000 	C:\WINDOWS\System32\SHELL32.dll
0x00007ffa41f40000 - 0x00007ffa4261a000 	C:\WINDOWS\System32\windows.storage.dll
0x00007ffa414f0000 - 0x00007ffa4153c000 	C:\WINDOWS\System32\powrprof.dll
0x00007ffa42a90000 - 0x00007ffa42ae2000 	C:\WINDOWS\System32\shlwapi.dll
0x00007ffa41570000 - 0x00007ffa4157f000 	C:\WINDOWS\System32\kernel.appcore.dll
0x00007ffa41d00000 - 0x00007ffa41da9000 	C:\WINDOWS\System32\shcore.dll
0x00007ffa41540000 - 0x00007ffa41554000 	C:\WINDOWS\System32\profapi.dll

VM Arguments:
jvm_args: -Djava.awt.headless=true -Xmx1024M -Dfile.encoding=windows-1252 -Duser.country=US -Duser.language=en -Duser.variant 
java_command: com.android.dx.command.Main --dex --force-jumbo --num-threads=4 --multi-dex --output C:\Users\David\AndroidStudioProjects\WaterResources\app\build\intermediates\transforms\dex\debug\folders\1000\1a\dependencies_bd16c075e5f78fe076e679d306df4d9281103ba1 C:\Users\David\AndroidStudioProjects\WaterResources\app\build\intermediates\transforms\instantRunSlicer\debug\jars\1\1a\dependencies.jar
java_class_path (initial): C:\Users\David\AppData\Local\Android\sdk1\build-tools\25.0.0\lib\dx.jar
Launcher Type: SUN_STANDARD

Environment Variables:
JAVA_HOME=C:\Program Files\Java\jdk1.8.0_60\
PATH=C:\Program Files (x86)\NVIDIA Corporation\PhysX\Common;C:\ProgramData\Oracle\Java\javapath;C:\Program Files (x86)\Lenovo\FusionEngine;C:\Program Files (x86)\Intel\iCLS Client\;C:\Program Files\Intel\iCLS Client\;C:\WINDOWS\system32;C:\WINDOWS;C:\WINDOWS\System32\Wbem;C:\WINDOWS\System32\WindowsPowerShell\v1.0\;C:\Program Files\Intel\Intel(R) Management Engine Components\DAL;C:\Program Files (x86)\Intel\Intel(R) Management Engine Components\DAL;C:\Program Files\Intel\Intel(R) Management Engine Components\IPT;C:\Program Files (x86)\Intel\Intel(R) Management Engine Components\IPT;C:\Program Files (x86)\ATI Technologies\ATI.ACE\Core-Static;C:\Program Files\Intel\WiFi\bin\;C:\Program Files\Common Files\Intel\WirelessCommon\;C:\Program Files (x86)\Windows Live\Shared;C:\Program Files (x86)\AMD\ATI.ACE\Core-Static;C:\Program Files\nodejs\;C:\Program Files\Git\cmd;C:\Program Files\nodejs\node_modules\npm\bin;C:\Users\David\AppData\Roaming\npm;C:\Program Files (x86)\Skype\Phone\;C:\Program Files\nodejs\node_modules\npm\bin;C:\Program Files\Java\jdk1.8.0_60\bin;C:\Users\David\AppData\Local\atom\bin;C:\Program Files\gradle\bin;C:\Users\David\AppData\Local\Android\sdk1\platform-tools;C:\Users\David\AppData\Local\Microsoft\WindowsApps;C:\Program Files\gradle-3.0\bin;C:\Users\David\AppData\Local\.meteor\;C:\Python27;C:\Users\David\AppData\Local\pip;C:\Python27\Scripts
USERNAME=David
OS=Windows_NT
PROCESSOR_IDENTIFIER=Intel64 Family 6 Model 61 Stepping 4, GenuineIntel



---------------  S Y S T E M  ---------------

OS: Windows 10.0 , 64 bit Build 14393 (10.0.14393.0)

CPU:total 4 (2 cores per cpu, 2 threads per core) family 6 model 61 stepping 4, cmov, cx8, fxsr, mmx, sse, sse2, sse3, ssse3, sse4.1, sse4.2, popcnt, avx, avx2, aes, clmul, erms, 3dnowpref, lzcnt, ht, tsc, tscinvbit, bmi1, bmi2, adx

Memory: 4k page, physical 8300384k(1408664k free), swap 10255200k(4844k free)

vm_info: Java HotSpot(TM) 64-Bit Server VM (25.60-b23) for windows-amd64 JRE (1.8.0_60-b27), built on Aug  4 2015 11:06:27 by "java_re" with MS VC++ 10.0 (VS2010)

time: Wed Nov 23 23:49:38 2016
elapsed time: 21 seconds (0d 0h 0m 21s)

