#
# There is insufficient memory for the Java Runtime Environment to continue.
# Native memory allocation (malloc) failed to allocate 1129936 bytes for Chunk::new
# Possible reasons:
#   The system is out of physical RAM or swap space
#   In 32 bit mode, the process size limit was hit
# Possible solutions:
#   Reduce memory load on the system
#   Increase physical memory or swap space
#   Check if swap backing store is full
#   Use 64 bit Java on a 64 bit OS
#   Decrease Java heap size (-Xmx/-Xms)
#   Decrease number of Java threads
#   Decrease Java thread stack sizes (-Xss)
#   Set larger code cache with -XX:ReservedCodeCacheSize=
# This output file may be truncated or incomplete.
#
#  Out of Memory Error (allocation.cpp:390), pid=6400, tid=11564
#
# JRE version: Java(TM) SE Runtime Environment (8.0_60-b27) (build 1.8.0_60-b27)
# Java VM: Java HotSpot(TM) 64-Bit Server VM (25.60-b23 mixed mode windows-amd64 compressed oops)
# Failed to write core dump. Minidumps are not enabled by default on client versions of Windows
#

---------------  T H R E A D  ---------------

Current thread (0x0000000014e3a000):  JavaThread "C2 CompilerThread0" daemon [_thread_in_native, id=11564, stack(0x0000000016480000,0x0000000016580000)]

Stack: [0x0000000016480000,0x0000000016580000]
[error occurred during error reporting (printing stack bounds), id 0xc0000005]

Native frames: (J=compiled Java code, j=interpreted, Vv=VM code, C=native code)


Current CompileTask:
C2:   2148  817   !   4       com.android.dx.cf.code.BytecodeArray::parseInstruction (2764 bytes)


---------------  P R O C E S S  ---------------

Java Threads: ( => current thread )
  0x00000000169f2000 JavaThread "pool-2-thread-4" [_thread_in_vm, id=3416, stack(0x0000000017180000,0x0000000017280000)]
  0x00000000169e4000 JavaThread "pool-2-thread-3" [_thread_in_vm, id=8492, stack(0x0000000017080000,0x0000000017180000)]
  0x000000001691d000 JavaThread "pool-2-thread-2" [_thread_in_Java, id=11956, stack(0x0000000016f80000,0x0000000017080000)]
  0x00000000168d7000 JavaThread "pool-3-thread-1" [_thread_blocked, id=496, stack(0x0000000016e80000,0x0000000016f80000)]
  0x00000000168ad000 JavaThread "pool-2-thread-1" [_thread_in_vm, id=1020, stack(0x0000000016d80000,0x0000000016e80000)]
  0x0000000016787000 JavaThread "Service Thread" daemon [_thread_blocked, id=3580, stack(0x0000000016b80000,0x0000000016c80000)]
  0x0000000014e9d000 JavaThread "C1 CompilerThread2" daemon [_thread_blocked, id=2856, stack(0x0000000016680000,0x0000000016780000)]
  0x0000000014e41000 JavaThread "C2 CompilerThread1" daemon [_thread_blocked, id=11060, stack(0x0000000016580000,0x0000000016680000)]
=>0x0000000014e3a000 JavaThread "C2 CompilerThread0" daemon [_thread_in_native, id=11564, stack(0x0000000016480000,0x0000000016580000)]
  0x0000000014e38000 JavaThread "Attach Listener" daemon [_thread_blocked, id=1368, stack(0x0000000016380000,0x0000000016480000)]
  0x0000000014e37000 JavaThread "Signal Dispatcher" daemon [_thread_blocked, id=2024, stack(0x0000000016280000,0x0000000016380000)]
  0x0000000002761000 JavaThread "Finalizer" daemon [_thread_blocked, id=6016, stack(0x0000000016090000,0x0000000016190000)]
  0x000000000275e000 JavaThread "Reference Handler" daemon [_thread_blocked, id=7780, stack(0x0000000015f90000,0x0000000016090000)]
  0x00000000024cd800 JavaThread "main" [_thread_in_Java, id=7696, stack(0x0000000002570000,0x0000000002670000)]

Other Threads:
  0x0000000014e07800 VMThread [stack: 0x0000000015e90000,0x0000000015f90000] [id=5460]
  0x00000000167ac800 WatcherThread [stack: 0x0000000016c80000,0x0000000016d80000] [id=11208]

VM state:not at safepoint (normal execution)

VM Mutex/Monitor currently owned by a thread: None

Heap:
 PSYoungGen      total 38400K, used 22061K [0x00000000eab00000, 0x00000000ed580000, 0x0000000100000000)
  eden space 33280K, 66% used [0x00000000eab00000,0x00000000ec08b5d8,0x00000000ecb80000)
  from space 5120K, 0% used [0x00000000ed080000,0x00000000ed080000,0x00000000ed580000)
  to   space 5120K, 0% used [0x00000000ecb80000,0x00000000ecb80000,0x00000000ed080000)
 ParOldGen       total 87552K, used 0K [0x00000000c0000000, 0x00000000c5580000, 0x00000000eab00000)
  object space 87552K, 0% used [0x00000000c0000000,0x00000000c0000000,0x00000000c5580000)
 Metaspace       used 5588K, capacity 6768K, committed 7040K, reserved 1056768K
  class space    used 576K, capacity 616K, committed 640K, reserved 1048576K

Card table byte_map: [0x0000000011b30000,0x0000000011d40000] byte_map_base: 0x0000000011530000

Marking Bits: (ParMarkBitMap*) 0x000000006927a5b0
 Begin Bits: [0x00000000122a0000, 0x00000000132a0000)
 End Bits:   [0x00000000132a0000, 0x00000000142a0000)

Polling page: 0x0000000000860000

CodeCache: size=245760Kb used=3751Kb max_used=3762Kb free=242008Kb
 bounds [0x0000000002770000, 0x0000000002b20000, 0x0000000011770000]
 total_blobs=1178 nmethods=916 adapters=175
 compilation: enabled

Compilation events (10 events):
Event: 2.075 Thread 0x0000000014e9d000 nmethod 917 0x0000000002b196d0 code [0x0000000002b19840, 0x0000000002b19c68]
Event: 2.078 Thread 0x0000000014e41000 nmethod 910 0x0000000002b1d050 code [0x0000000002b1d1e0, 0x0000000002b1d8a8]
Event: 2.078 Thread 0x0000000014e41000  905       4       com.android.dx.cf.code.BasicBlocker::addWorkIfNecessary (32 bytes)
Event: 2.080 Thread 0x0000000014e41000 nmethod 905 0x0000000002b19e90 code [0x0000000002b19fe0, 0x0000000002b1a118]
Event: 2.080 Thread 0x0000000014e41000  864  s    4       java.util.Vector::add (39 bytes)
Event: 2.083 Thread 0x0000000014e41000 nmethod 864 0x0000000002b1b490 code [0x0000000002b1b5e0, 0x0000000002b1b9a8]
Event: 2.083 Thread 0x0000000014e41000  914       4       com.android.dx.util.BitIntSet::add (15 bytes)
Event: 2.094 Thread 0x0000000014e41000 nmethod 914 0x0000000002b1af50 code [0x0000000002b1b0a0, 0x0000000002b1b2d8]
Event: 2.094 Thread 0x0000000014e41000  912       4       com.android.dx.rop.code.Rop::isCommutative (60 bytes)
Event: 2.095 Thread 0x0000000014e41000 nmethod 912 0x0000000002b1e010 code [0x0000000002b1e140, 0x0000000002b1e1d8]

GC Heap History (0 events):
No events

Deoptimization events (7 events):
Event: 1.213 Thread 0x000000001691d000 Uncommon trap: reason=unstable_if action=reinterpret pc=0x0000000002923db8 method=java.util.HashMap.getNode(ILjava/lang/Object;)Ljava/util/HashMap$Node; @ 62
Event: 1.703 Thread 0x00000000169f2000 Uncommon trap: reason=unstable_if action=reinterpret pc=0x00000000029d340c method=java.util.HashMap.getNode(ILjava/lang/Object;)Ljava/util/HashMap$Node; @ 129
Event: 2.055 Thread 0x00000000169f2000 Uncommon trap: reason=class_check action=maybe_recompile pc=0x0000000002a9a6a8 method=com.android.dx.rop.type.Type.equals(Ljava/lang/Object;)Z @ 8
Event: 2.055 Thread 0x00000000169f2000 Uncommon trap: reason=unstable_if action=reinterpret pc=0x0000000002a8a8b8 method=com.android.dx.rop.code.RegisterSpec.equals(ILcom/android/dx/rop/type/TypeBearer;Lcom/android/dx/rop/code/LocalItem;)Z @ 16
Event: 2.055 Thread 0x00000000169f2000 Uncommon trap: reason=unstable_if action=reinterpret pc=0x0000000002a508e4 method=com.android.dx.rop.code.RegisterSpec.equals(ILcom/android/dx/rop/type/TypeBearer;Lcom/android/dx/rop/code/LocalItem;)Z @ 16
Event: 2.056 Thread 0x00000000169f2000 Uncommon trap: reason=class_check action=maybe_recompile pc=0x0000000002a9a6a8 method=com.android.dx.rop.type.Type.equals(Ljava/lang/Object;)Z @ 8
Event: 2.056 Thread 0x00000000169f2000 Uncommon trap: reason=unstable_if action=reinterpret pc=0x000000000295d928 method=java.util.HashMap.getNode(ILjava/lang/Object;)Ljava/util/HashMap$Node; @ 62

Internal exceptions (2 events):
Event: 0.164 Thread 0x00000000024cd800 Exception <a 'java/lang/NoSuchMethodError': Method sun.misc.Unsafe.defineClass(Ljava/lang/String;[BII)Ljava/lang/Class; name or signature does not match> (0x00000000eab0dba8) thrown at [C:\re\workspace\8-2-build-windows-amd64-cygwin\jdk8u60\4407\hotspot\srÑÂtÛVÅ?
Event: 0.165 Thread 0x00000000024cd800 Exception <a 'java/lang/NoSuchMethodError': Method sun.misc.Unsafe.prefetchRead(Ljava/lang/Object;J)V name or signature does not match> (0x00000000eab0de90) thrown at [C:\re\workspace\8-2-build-windows-amd64-cygwin\jdk8u60\4407\hotspot\src\share\vm\prims\j

Events (10 events):
Event: 2.055 Thread 0x00000000169f2000 DEOPT UNPACKING pc=0x00000000027b582a sp=0x000000001727e6f8 mode 2
Event: 2.055 Thread 0x00000000169f2000 Uncommon trap: trap_request=0xffffff65 fr.pc=0x0000000002a508e4
Event: 2.055 Thread 0x00000000169f2000 DEOPT PACKING pc=0x0000000002a508e4 sp=0x000000001727e790
Event: 2.055 Thread 0x00000000169f2000 DEOPT UNPACKING pc=0x00000000027b582a sp=0x000000001727e718 mode 2
Event: 2.056 Thread 0x00000000169f2000 Uncommon trap: trap_request=0xffffffde fr.pc=0x0000000002a9a6a8
Event: 2.056 Thread 0x00000000169f2000 DEOPT PACKING pc=0x0000000002a9a6a8 sp=0x000000001727e690
Event: 2.056 Thread 0x00000000169f2000 DEOPT UNPACKING pc=0x00000000027b582a sp=0x000000001727e638 mode 2
Event: 2.056 Thread 0x00000000169f2000 Uncommon trap: trap_request=0xffffff65 fr.pc=0x000000000295d928
Event: 2.056 Thread 0x00000000169f2000 DEOPT PACKING pc=0x000000000295d928 sp=0x000000001727e7c0
Event: 2.056 Thread 0x00000000169f2000 DEOPT UNPACKING pc=0x00000000027b582a sp=0x000000001727e6e0 mode 2


Dynamic libraries:
0x00007ff6b9080000 - 0x00007ff6b90b7000 	C:\Program Files\Java\jdk1.8.0_60\bin\java.exe
0x00007ff9adfa0000 - 0x00007ff9ae171000 	C:\WINDOWS\SYSTEM32\ntdll.dll
0x00007ff9ad520000 - 0x00007ff9ad5cb000 	C:\WINDOWS\System32\KERNEL32.DLL
0x00007ff9aa710000 - 0x00007ff9aa92d000 	C:\WINDOWS\System32\KERNELBASE.dll
0x00007ff9adc10000 - 0x00007ff9adcb2000 	C:\WINDOWS\System32\ADVAPI32.dll
0x00007ff9ab870000 - 0x00007ff9ab90e000 	C:\WINDOWS\System32\msvcrt.dll
0x00007ff9adec0000 - 0x00007ff9adf19000 	C:\WINDOWS\System32\sechost.dll
0x00007ff9ada20000 - 0x00007ff9adb41000 	C:\WINDOWS\System32\RPCRT4.dll
0x00007ff9ab970000 - 0x00007ff9abad5000 	C:\WINDOWS\System32\USER32.dll
0x00007ff9aa490000 - 0x00007ff9aa4ae000 	C:\WINDOWS\System32\win32u.dll
0x00007ff9ad340000 - 0x00007ff9ad374000 	C:\WINDOWS\System32\GDI32.dll
0x00007ff9aac50000 - 0x00007ff9aadd2000 	C:\WINDOWS\System32\gdi32full.dll
0x00007ff99eca0000 - 0x00007ff99ef19000 	C:\WINDOWS\WinSxS\amd64_microsoft.windows.common-controls_6595b64144ccf1df_6.0.14393.447_none_42191651c6827bb3\COMCTL32.dll
0x00007ff9ab590000 - 0x00007ff9ab857000 	C:\WINDOWS\System32\combase.dll
0x00007ff9aa610000 - 0x00007ff9aa705000 	C:\WINDOWS\System32\ucrtbase.dll
0x00007ff9aade0000 - 0x00007ff9aae4a000 	C:\WINDOWS\System32\bcryptPrimitives.dll
0x00007ff9ad000000 - 0x00007ff9ad02e000 	C:\WINDOWS\System32\IMM32.DLL
0x00000000698f0000 - 0x00000000699c2000 	C:\Program Files\Java\jdk1.8.0_60\jre\bin\msvcr100.dll
0x0000000068a70000 - 0x00000000692f9000 	C:\Program Files\Java\jdk1.8.0_60\jre\bin\server\jvm.dll
0x00007ff9adf90000 - 0x00007ff9adf98000 	C:\WINDOWS\System32\PSAPI.DLL
0x00007ff99cc10000 - 0x00007ff99cc19000 	C:\WINDOWS\SYSTEM32\WSOCK32.dll
0x00007ff9adf20000 - 0x00007ff9adf8a000 	C:\WINDOWS\System32\WS2_32.dll
0x00007ff9a8830000 - 0x00007ff9a8853000 	C:\WINDOWS\SYSTEM32\WINMM.dll
0x00007ff99daf0000 - 0x00007ff99dafa000 	C:\WINDOWS\SYSTEM32\VERSION.dll
0x00007ff9a87d0000 - 0x00007ff9a87fb000 	C:\WINDOWS\SYSTEM32\WINMMBASE.dll
0x00007ff9aa4b0000 - 0x00007ff9aa4f2000 	C:\WINDOWS\System32\cfgmgr32.dll
0x00000000698e0000 - 0x00000000698ef000 	C:\Program Files\Java\jdk1.8.0_60\jre\bin\verify.dll
0x00000000698b0000 - 0x00000000698d9000 	C:\Program Files\Java\jdk1.8.0_60\jre\bin\java.dll
0x0000000069890000 - 0x00000000698a6000 	C:\Program Files\Java\jdk1.8.0_60\jre\bin\zip.dll
0x00007ff9abaf0000 - 0x00007ff9acff9000 	C:\WINDOWS\System32\SHELL32.dll
0x00007ff9aae50000 - 0x00007ff9ab52a000 	C:\WINDOWS\System32\windows.storage.dll
0x00007ff9aa430000 - 0x00007ff9aa47c000 	C:\WINDOWS\System32\powrprof.dll
0x00007ff9adcc0000 - 0x00007ff9add12000 	C:\WINDOWS\System32\shlwapi.dll
0x00007ff9aa480000 - 0x00007ff9aa48f000 	C:\WINDOWS\System32\kernel.appcore.dll
0x00007ff9aa930000 - 0x00007ff9aa9d9000 	C:\WINDOWS\System32\shcore.dll
0x00007ff9aa410000 - 0x00007ff9aa424000 	C:\WINDOWS\System32\profapi.dll

VM Arguments:
jvm_args: -Djava.awt.headless=true -Xmx1024M -Dfile.encoding=windows-1252 -Duser.country=US -Duser.language=en -Duser.variant 
java_command: com.android.dx.command.Main --dex --force-jumbo --num-threads=4 --multi-dex --output C:\Users\David\AndroidStudioProjects\WaterResources\app\build\intermediates\transforms\dex\debug\folders\1000\5\slice_1 C:\Users\David\AndroidStudioProjects\WaterResources\app\build\intermediates\transforms\instantRunSlicer\debug\folders\1\5\slice_1
java_class_path (initial): C:\Users\David\AppData\Local\Android\sdk1\build-tools\25.0.0\lib\dx.jar
Launcher Type: SUN_STANDARD

Environment Variables:
JAVA_HOME=C:\Program Files\Java\jdk1.8.0_60\
PATH=C:\Program Files (x86)\NVIDIA Corporation\PhysX\Common;C:\ProgramData\Oracle\Java\javapath;C:\Program Files (x86)\Lenovo\FusionEngine;C:\Program Files (x86)\Intel\iCLS Client\;C:\Program Files\Intel\iCLS Client\;C:\WINDOWS\system32;C:\WINDOWS;C:\WINDOWS\System32\Wbem;C:\WINDOWS\System32\WindowsPowerShell\v1.0\;C:\Program Files\Intel\Intel(R) Management Engine Components\DAL;C:\Program Files (x86)\Intel\Intel(R) Management Engine Components\DAL;C:\Program Files\Intel\Intel(R) Management Engine Components\IPT;C:\Program Files (x86)\Intel\Intel(R) Management Engine Components\IPT;C:\Program Files (x86)\ATI Technologies\ATI.ACE\Core-Static;C:\Program Files\Intel\WiFi\bin\;C:\Program Files\Common Files\Intel\WirelessCommon\;C:\Program Files (x86)\Windows Live\Shared;C:\Program Files (x86)\AMD\ATI.ACE\Core-Static;C:\Program Files\nodejs\;C:\Program Files\Git\cmd;C:\Program Files\nodejs\node_modules\npm\bin;C:\Users\David\AppData\Roaming\npm;C:\Program Files (x86)\Skype\Phone\;C:\Program Files\nodejs\node_modules\npm\bin;C:\Program Files\Java\jdk1.8.0_60\bin;C:\Users\David\AppData\Local\atom\bin;C:\Program Files\gradle\bin;C:\Users\David\AppData\Local\Android\sdk1\platform-tools;C:\Users\David\AppData\Local\Microsoft\WindowsApps;C:\Program Files\gradle-3.0\bin;C:\Users\David\AppData\Local\.meteor\;C:\Python27;C:\Users\David\AppData\Local\pip;C:\Python27\Scripts
USERNAME=David
OS=Windows_NT
PROCESSOR_IDENTIFIER=Intel64 Family 6 Model 61 Stepping 4, GenuineIntel



---------------  S Y S T E M  ---------------

OS: Windows 10.0 , 64 bit Build 14393 (10.0.14393.0)

CPU:total 4 (2 cores per cpu, 2 threads per core) family 6 model 61 stepping 4, cmov, cx8, fxsr, mmx, sse, sse2, sse3, ssse3, sse4.1, sse4.2, popcnt, avx, avx2, aes, clmul, erms, 3dnowpref, lzcnt, ht, tsc, tscinvbit, bmi1, bmi2, adx

Memory: 4k page, physical 8300384k(1678700k free), swap 10255200k(5824k free)

vm_info: Java HotSpot(TM) 64-Bit Server VM (25.60-b23) for windows-amd64 JRE (1.8.0_60-b27), built on Aug  4 2015 11:06:27 by "java_re" with MS VC++ 10.0 (VS2010)

time: Tue Dec 06 04:38:55 2016
elapsed time: 2 seconds (0d 0h 0m 2s)

