#
# A fatal error has been detected by the Java Runtime Environment:
#
#  EXCEPTION_ACCESS_VIOLATION (0xc0000005) at pc=0x0000000059d618a7, pid=13000, tid=9524
#
# JRE version: Java(TM) SE Runtime Environment (8.0_60-b27) (build 1.8.0_60-b27)
# Java VM: Java HotSpot(TM) 64-Bit Server VM (25.60-b23 mixed mode windows-amd64 compressed oops)
# Problematic frame:
# V  [jvm.dll+0x2118a7]
#
# Failed to write core dump. Minidumps are not enabled by default on client versions of Windows
#
# If you would like to submit a bug report, please visit:
#   http://bugreport.java.com/bugreport/crash.jsp
#

---------------  T H R E A D  ---------------

Current thread (0x0000000016683800):  JavaThread "pool-3-thread-1" [_thread_in_vm, id=9524, stack(0x0000000016d50000,0x0000000016e50000)]

siginfo: ExceptionCode=0xc0000005, writing address 0x0000000016e4a620

Registers:
RAX=0x0000000016e4a620, RBX=0x0000000000000006, RCX=0x0000000000005000, RDX=0x0000000000000006
RSP=0x0000000016e4f620, RBP=0x0000000000000000, RSI=0x0000000016e4f620, RDI=0x0000000000000006
R8 =0x0000000000000006, R9 =0x000000001667eaa0, R10=0x000000001439d508, R11=0x0000000016d5a148
R12=0x000000001667eaa0, R13=0x0000000016683800, R14=0x0000000016e4f6e8, R15=0x000000001439d508
RIP=0x0000000059d618a7, EFLAGS=0x0000000000010202

Top of Stack: (sp=0x0000000016e4f620)
0x0000000016e4f620:   0000000000000000 00000000008d0000
0x0000000016e4f630:   0000000016683800 000000001667eaa0
0x0000000016e4f640:   00000000ffffffff 0000000059d627d7
0x0000000016e4f650:   0000000016e4f750 000000001439d508
0x0000000016e4f660:   0000000016683800 0000000059c0f323
0x0000000016e4f670:   0000000016e4f6b0 0000000016683800
0x0000000016e4f680:   0000000016e4f740 0000000016683800
0x0000000016e4f690:   000000001439d508 0000000016683800
0x0000000016e4f6a0:   00000000026510e0 0000000016683800
0x0000000016e4f6b0:   000000001439d508 0000000016683800
0x0000000016e4f6c0:   000000001439d508 0000000016683800
0x0000000016e4f6d0:   0000000000000001 000000001439d508
0x0000000016e4f6e0:   0000000016683800 000000001656bb70
0x0000000016e4f6f0:   0000000016683800 0000000059c1080d
0x0000000016e4f700:   0000000016e4fa08 00000001000069a0
0x0000000016e4f710:   00000001000069a0 0000000000000000 

Instructions: (pc=0x0000000059d618a7)
0x0000000059d61887:   48 89 6c 24 30 33 ed 66 90 e8 ab 36 08 00 ff c3
0x0000000059d61897:   48 63 c8 48 8b c6 48 0f af cf 48 ff c7 48 2b c1
0x0000000059d618a7:   89 28 48 63 c3 48 3b 05 dd 9d 58 00 7e db 48 8b
0x0000000059d618b7:   6c 24 30 48 8b 5c 24 38 48 8b 74 24 40 48 83 c4 


Register to memory mapping:

RAX=0x0000000016e4a620 is pointing into the stack for thread: 0x0000000016683800
RBX=0x0000000000000006 is an unknown value
RCX=0x0000000000005000 is an unknown value
RDX=0x0000000000000006 is an unknown value
RSP=0x0000000016e4f620 is pointing into the stack for thread: 0x0000000016683800
RBP=0x0000000000000000 is an unknown value
RSI=0x0000000016e4f620 is pointing into the stack for thread: 0x0000000016683800
RDI=0x0000000000000006 is an unknown value
R8 =0x0000000000000006 is an unknown value
R9 =0x000000001667eaa0 is an unknown value
R10={method} {0x000000001439d510} 'run' '()V' in 'java/lang/Thread'
R11=0x0000000016d5a148 is pointing into the stack for thread: 0x0000000016683800
R12=0x000000001667eaa0 is an unknown value
R13=0x0000000016683800 is a thread
R14=0x0000000016e4f6e8 is pointing into the stack for thread: 0x0000000016683800
R15={method} {0x000000001439d510} 'run' '()V' in 'java/lang/Thread'


Stack: [0x0000000016d50000,0x0000000016e50000],  sp=0x0000000016e4f620,  free space=1021k
Native frames: (J=compiled Java code, j=interpreted, Vv=VM code, C=native code)


---------------  P R O C E S S  ---------------

Java Threads: ( => current thread )
  0x000000001668a800 JavaThread "pool-2-thread-2" [_thread_new, id=2696, stack(0x0000000000000000,0x0000000000000000)]
=>0x0000000016683800 JavaThread "pool-3-thread-1" [_thread_in_vm, id=9524, stack(0x0000000016d50000,0x0000000016e50000)]
  0x0000000016681000 JavaThread "pool-2-thread-1" [_thread_in_vm, id=14084, stack(0x0000000016c50000,0x0000000016d50000)]
  0x000000001655e000 JavaThread "Service Thread" daemon [_thread_blocked, id=13196, stack(0x0000000016a50000,0x0000000016b50000)]
  0x0000000016558800 JavaThread "C1 CompilerThread2" daemon [_thread_in_native, id=11984, stack(0x0000000016950000,0x0000000016a50000)]
  0x0000000014d5e800 JavaThread "C2 CompilerThread1" daemon [_thread_blocked, id=4920, stack(0x0000000016450000,0x0000000016550000)]
  0x0000000014d0b000 JavaThread "C2 CompilerThread0" daemon [_thread_blocked, id=16988, stack(0x0000000016350000,0x0000000016450000)]
  0x0000000014d09800 JavaThread "Attach Listener" daemon [_thread_blocked, id=6520, stack(0x0000000016250000,0x0000000016350000)]
  0x0000000014d08000 JavaThread "Signal Dispatcher" daemon [_thread_blocked, id=16036, stack(0x0000000016150000,0x0000000016250000)]
  0x0000000002631000 JavaThread "Finalizer" daemon [_thread_blocked, id=12280, stack(0x0000000015f60000,0x0000000016060000)]
  0x0000000014cd9800 JavaThread "Reference Handler" daemon [_thread_blocked, id=12592, stack(0x0000000015e60000,0x0000000015f60000)]
  0x000000000253d800 JavaThread "main" [_thread_in_native, id=16940, stack(0x00000000023f0000,0x00000000024f0000)]

Other Threads:
  0x0000000014cd7800 VMThread [stack: 0x0000000015d60000,0x0000000015e60000] [id=15012]
  0x000000001656b000 WatcherThread [stack: 0x0000000016b50000,0x0000000016c50000] [id=11564]

VM state:not at safepoint (normal execution)

VM Mutex/Monitor currently owned by a thread: None

Heap:
 PSYoungGen      total 38400K, used 3994K [0x00000000eab00000, 0x00000000ed580000, 0x0000000100000000)
  eden space 33280K, 12% used [0x00000000eab00000,0x00000000eaee6bb0,0x00000000ecb80000)
  from space 5120K, 0% used [0x00000000ed080000,0x00000000ed080000,0x00000000ed580000)
  to   space 5120K, 0% used [0x00000000ecb80000,0x00000000ecb80000,0x00000000ed080000)
 ParOldGen       total 87552K, used 0K [0x00000000c0000000, 0x00000000c5580000, 0x00000000eab00000)
  object space 87552K, 0% used [0x00000000c0000000,0x00000000c0000000,0x00000000c5580000)
 Metaspace       used 3719K, capacity 5104K, committed 5376K, reserved 1058816K
  class space    used 424K, capacity 488K, committed 512K, reserved 1048576K

Card table byte_map: [0x0000000011a00000,0x0000000011c10000] byte_map_base: 0x0000000011400000

Marking Bits: (ParMarkBitMap*) 0x000000005a35a5b0
 Begin Bits: [0x0000000012170000, 0x0000000013170000)
 End Bits:   [0x0000000013170000, 0x0000000014170000)

Polling page: 0x0000000002360000

CodeCache: size=245760Kb used=1316Kb max_used=1326Kb free=244443Kb
 bounds [0x0000000002640000, 0x00000000028b0000, 0x0000000011640000]
 total_blobs=389 nmethods=139 adapters=163
 compilation: enabled

Compilation events (10 events):
Event: 0.645 Thread 0x0000000016558800 nmethod 135 0x0000000002787e90 code [0x0000000002788000, 0x00000000027881b0]
Event: 0.646 Thread 0x0000000016558800  136       3       java.util.WeakHashMap::getTable (9 bytes)
Event: 0.646 Thread 0x0000000016558800 nmethod 136 0x0000000002788290 code [0x0000000002788400, 0x00000000027885a8]
Event: 0.656 Thread 0x0000000016558800  137       3       java.util.WeakHashMap::indexFor (6 bytes)
Event: 0.656 Thread 0x0000000016558800 nmethod 137 0x0000000002788650 code [0x00000000027887a0, 0x00000000027888d0]
Event: 0.657 Thread 0x0000000014d0b000  138       4       java.lang.String::lastIndexOf (52 bytes)
Event: 0.659 Thread 0x0000000014d0b000 nmethod 138 0x000000000278b6d0 code [0x000000000278b800, 0x000000000278b978]
Event: 0.679 Thread 0x0000000016558800  139       3       com.android.dx.util.ByteArray::getUnsignedShort (25 bytes)
Event: 0.679 Thread 0x0000000016558800 nmethod 139 0x000000000278b0d0 code [0x000000000278b240, 0x000000000278b528]
Event: 0.680 Thread 0x0000000016558800  140   !   3       com.android.dx.cf.cst.ConstantPoolParser::parse0 (731 bytes)

GC Heap History (0 events):
No events

Deoptimization events (0 events):
No events

Internal exceptions (2 events):
Event: 0.087 Thread 0x000000000253d800 Exception <a 'java/lang/NoSuchMethodError': Method sun.misc.Unsafe.defineClass(Ljava/lang/String;[BII)Ljava/lang/Class; name or signature does not match> (0x00000000eab0dd28) thrown at [C:\re\workspace\8-2-build-windows-amd64-cygwin\jdk8u60\4407\hotspot\srìÎ	´P¶?
Event: 0.087 Thread 0x000000000253d800 Exception <a 'java/lang/NoSuchMethodError': Method sun.misc.Unsafe.prefetchRead(Ljava/lang/Object;J)V name or signature does not match> (0x00000000eab0e010) thrown at [C:\re\workspace\8-2-build-windows-amd64-cygwin\jdk8u60\4407\hotspot\src\share\vm\prims\j

Events (10 events):
Event: 0.656 loading class java/util/concurrent/FutureTask$WaitNode done
Event: 0.656 loading class java/util/concurrent/ThreadPoolExecutor$Worker
Event: 0.657 loading class java/util/concurrent/ThreadPoolExecutor$Worker done
Event: 0.657 Thread 0x0000000016681000 Thread added: 0x0000000016681000
Event: 0.657 loading class com/android/dx/command/dexer/Main$ClassDefItemConsumer
Event: 0.657 loading class com/android/dx/command/dexer/Main$ClassDefItemConsumer done
Event: 0.660 Thread 0x0000000016683800 Thread added: 0x0000000016683800
Event: 0.680 Executing VM operation: CollectForMetadataAllocation
Event: 0.705 Executing VM operation: CollectForMetadataAllocation done
Event: 0.706 Thread 0x000000001668a800 Thread added: 0x000000001668a800


Dynamic libraries:
0x00007ff7a0b80000 - 0x00007ff7a0bb7000 	C:\Program Files\Java\jdk1.8.0_60\bin\java.exe
0x00007ffa45090000 - 0x00007ffa45261000 	C:\WINDOWS\SYSTEM32\ntdll.dll
0x00007ffa44fe0000 - 0x00007ffa4508b000 	C:\WINDOWS\System32\KERNEL32.DLL
0x00007ffa416f0000 - 0x00007ffa4190d000 	C:\WINDOWS\System32\KERNELBASE.dll
0x00007ffa44ac0000 - 0x00007ffa44b62000 	C:\WINDOWS\System32\ADVAPI32.dll
0x00007ffa428c0000 - 0x00007ffa4295e000 	C:\WINDOWS\System32\msvcrt.dll
0x00007ffa42af0000 - 0x00007ffa42b49000 	C:\WINDOWS\System32\sechost.dll
0x00007ffa42790000 - 0x00007ffa428b1000 	C:\WINDOWS\System32\RPCRT4.dll
0x00007ffa42620000 - 0x00007ffa42785000 	C:\WINDOWS\System32\USER32.dll
0x00007ffa41970000 - 0x00007ffa4198e000 	C:\WINDOWS\System32\win32u.dll
0x00007ffa44b70000 - 0x00007ffa44ba4000 	C:\WINDOWS\System32\GDI32.dll
0x00007ffa41db0000 - 0x00007ffa41f32000 	C:\WINDOWS\System32\gdi32full.dll
0x00007ffa2e050000 - 0x00007ffa2e2c9000 	C:\WINDOWS\WinSxS\amd64_microsoft.windows.common-controls_6595b64144ccf1df_6.0.14393.447_none_42191651c6827bb3\COMCTL32.dll
0x00007ffa42b60000 - 0x00007ffa42e27000 	C:\WINDOWS\System32\combase.dll
0x00007ffa41990000 - 0x00007ffa41a85000 	C:\WINDOWS\System32\ucrtbase.dll
0x00007ffa41630000 - 0x00007ffa4169a000 	C:\WINDOWS\System32\bcryptPrimitives.dll
0x00007ffa42960000 - 0x00007ffa4298e000 	C:\WINDOWS\System32\IMM32.DLL
0x000000005ada0000 - 0x000000005ae72000 	C:\Program Files\Java\jdk1.8.0_60\jre\bin\msvcr100.dll
0x0000000059b50000 - 0x000000005a3d9000 	C:\Program Files\Java\jdk1.8.0_60\jre\bin\server\jvm.dll
0x00007ffa44cf0000 - 0x00007ffa44cf8000 	C:\WINDOWS\System32\PSAPI.DLL
0x00007ffa32f30000 - 0x00007ffa32f39000 	C:\WINDOWS\SYSTEM32\WSOCK32.dll
0x00007ffa445a0000 - 0x00007ffa4460a000 	C:\WINDOWS\System32\WS2_32.dll
0x00007ffa3f8a0000 - 0x00007ffa3f8c3000 	C:\WINDOWS\SYSTEM32\WINMM.dll
0x00007ffa341c0000 - 0x00007ffa341ca000 	C:\WINDOWS\SYSTEM32\VERSION.dll
0x00007ffa3f6b0000 - 0x00007ffa3f6db000 	C:\WINDOWS\SYSTEM32\WINMMBASE.dll
0x00007ffa416a0000 - 0x00007ffa416e2000 	C:\WINDOWS\System32\cfgmgr32.dll
0x000000005b870000 - 0x000000005b87f000 	C:\Program Files\Java\jdk1.8.0_60\jre\bin\verify.dll
0x000000005b840000 - 0x000000005b869000 	C:\Program Files\Java\jdk1.8.0_60\jre\bin\java.dll
0x000000005b820000 - 0x000000005b836000 	C:\Program Files\Java\jdk1.8.0_60\jre\bin\zip.dll
0x00007ffa42e30000 - 0x00007ffa44339000 	C:\WINDOWS\System32\SHELL32.dll
0x00007ffa41f40000 - 0x00007ffa4261a000 	C:\WINDOWS\System32\windows.storage.dll
0x00007ffa414f0000 - 0x00007ffa4153c000 	C:\WINDOWS\System32\powrprof.dll
0x00007ffa42a90000 - 0x00007ffa42ae2000 	C:\WINDOWS\System32\shlwapi.dll
0x00007ffa41570000 - 0x00007ffa4157f000 	C:\WINDOWS\System32\kernel.appcore.dll
0x00007ffa41d00000 - 0x00007ffa41da9000 	C:\WINDOWS\System32\shcore.dll
0x00007ffa41540000 - 0x00007ffa41554000 	C:\WINDOWS\System32\profapi.dll

VM Arguments:
jvm_args: -Djava.awt.headless=true -Xmx1024M -Dfile.encoding=windows-1252 -Duser.country=US -Duser.language=en -Duser.variant 
java_command: com.android.dx.command.Main --dex --force-jumbo --num-threads=4 --multi-dex --output C:\Users\David\AndroidStudioProjects\WaterResources\app\build\intermediates\transforms\dex\debug\folders\1000\5\slice_2 C:\Users\David\AndroidStudioProjects\WaterResources\app\build\intermediates\transforms\instantRunSlicer\debug\folders\1\5\slice_2
java_class_path (initial): C:\Users\David\AppData\Local\Android\sdk1\build-tools\25.0.0\lib\dx.jar
Launcher Type: SUN_STANDARD

Environment Variables:
JAVA_HOME=C:\Program Files\Java\jdk1.8.0_60\
PATH=C:\Program Files (x86)\NVIDIA Corporation\PhysX\Common;C:\ProgramData\Oracle\Java\javapath;C:\Program Files (x86)\Lenovo\FusionEngine;C:\Program Files (x86)\Intel\iCLS Client\;C:\Program Files\Intel\iCLS Client\;C:\WINDOWS\system32;C:\WINDOWS;C:\WINDOWS\System32\Wbem;C:\WINDOWS\System32\WindowsPowerShell\v1.0\;C:\Program Files\Intel\Intel(R) Management Engine Components\DAL;C:\Program Files (x86)\Intel\Intel(R) Management Engine Components\DAL;C:\Program Files\Intel\Intel(R) Management Engine Components\IPT;C:\Program Files (x86)\Intel\Intel(R) Management Engine Components\IPT;C:\Program Files (x86)\ATI Technologies\ATI.ACE\Core-Static;C:\Program Files\Intel\WiFi\bin\;C:\Program Files\Common Files\Intel\WirelessCommon\;C:\Program Files (x86)\Windows Live\Shared;C:\Program Files (x86)\AMD\ATI.ACE\Core-Static;C:\Program Files\nodejs\;C:\Program Files\Git\cmd;C:\Program Files\nodejs\node_modules\npm\bin;C:\Users\David\AppData\Roaming\npm;C:\Program Files (x86)\Skype\Phone\;C:\Program Files\nodejs\node_modules\npm\bin;C:\Program Files\Java\jdk1.8.0_60\bin;C:\Users\David\AppData\Local\atom\bin;C:\Program Files\gradle\bin;C:\Users\David\AppData\Local\Android\sdk1\platform-tools;C:\Users\David\AppData\Local\Microsoft\WindowsApps;C:\Program Files\gradle-3.0\bin;C:\Users\David\AppData\Local\.meteor\;C:\Python27;C:\Users\David\AppData\Local\pip;C:\Python27\Scripts
USERNAME=David
OS=Windows_NT
PROCESSOR_IDENTIFIER=Intel64 Family 6 Model 61 Stepping 4, GenuineIntel



---------------  S Y S T E M  ---------------

OS: Windows 10.0 , 64 bit Build 14393 (10.0.14393.0)

CPU:total 4 (2 cores per cpu, 2 threads per core) family 6 model 61 stepping 4, cmov, cx8, fxsr, mmx, sse, sse2, sse3, ssse3, sse4.1, sse4.2, popcnt, avx, avx2, aes, clmul, erms, 3dnowpref, lzcnt, ht, tsc, tscinvbit, bmi1, bmi2, adx

Memory: 4k page, physical 8300384k(1665720k free), swap 10255200k(488k free)

vm_info: Java HotSpot(TM) 64-Bit Server VM (25.60-b23) for windows-amd64 JRE (1.8.0_60-b27), built on Aug  4 2015 11:06:27 by "java_re" with MS VC++ 10.0 (VS2010)

time: Wed Nov 23 23:56:31 2016
elapsed time: 0 seconds (0d 0h 0m 0s)

