#
# There is insufficient memory for the Java Runtime Environment to continue.
# Native memory allocation (malloc) failed to allocate 371056 bytes for Chunk::new
# Possible reasons:
#   The system is out of physical RAM or swap space
#   In 32 bit mode, the process size limit was hit
# Possible solutions:
#   Reduce memory load on the system
#   Increase physical memory or swap space
#   Check if swap backing store is full
#   Use 64 bit Java on a 64 bit OS
#   Decrease Java heap size (-Xmx/-Xms)
#   Decrease number of Java threads
#   Decrease Java thread stack sizes (-Xss)
#   Set larger code cache with -XX:ReservedCodeCacheSize=
# This output file may be truncated or incomplete.
#
#  Out of Memory Error (allocation.cpp:390), pid=10248, tid=9060
#
# JRE version: Java(TM) SE Runtime Environment (8.0_60-b27) (build 1.8.0_60-b27)
# Java VM: Java HotSpot(TM) 64-Bit Server VM (25.60-b23 mixed mode windows-amd64 compressed oops)
# Failed to write core dump. Minidumps are not enabled by default on client versions of Windows
#

---------------  T H R E A D  ---------------

Current thread (0x00000000152d1000):  JavaThread "C2 CompilerThread1" daemon [_thread_in_native, id=9060, stack(0x0000000016a10000,0x0000000016b10000)]

Stack: [0x0000000016a10000,0x0000000016b10000]
[error occurred during error reporting (printing stack bounds), id 0xc0000005]

Native frames: (J=compiled Java code, j=interpreted, Vv=VM code, C=native code)


Current CompileTask:
C2:   7676 1643       4       com.android.dx.ssa.SCCP::simulateBranch (666 bytes)


---------------  P R O C E S S  ---------------

Java Threads: ( => current thread )
  0x0000000017794000 JavaThread "pool-2-thread-4" [_thread_in_Java, id=10492, stack(0x0000000018de0000,0x0000000018ee0000)]
  0x0000000017793800 JavaThread "pool-2-thread-3" [_thread_in_Java, id=12260, stack(0x0000000018ce0000,0x0000000018de0000)]
  0x00000000175ee000 JavaThread "pool-2-thread-2" [_thread_blocked, id=11912, stack(0x0000000018be0000,0x0000000018ce0000)]
  0x00000000175ed000 JavaThread "pool-3-thread-1" [_thread_blocked, id=7928, stack(0x0000000018ae0000,0x0000000018be0000)]
  0x00000000173e8800 JavaThread "pool-2-thread-1" [_thread_in_Java, id=8692, stack(0x00000000189e0000,0x0000000018ae0000)]
  0x0000000016b1e000 JavaThread "Service Thread" daemon [_thread_blocked, id=6780, stack(0x0000000017010000,0x0000000017110000)]
  0x0000000016b18800 JavaThread "C1 CompilerThread2" daemon [_thread_blocked, id=5428, stack(0x0000000016f10000,0x0000000017010000)]
=>0x00000000152d1000 JavaThread "C2 CompilerThread1" daemon [_thread_in_native, id=9060, stack(0x0000000016a10000,0x0000000016b10000)]
  0x00000000152ca000 JavaThread "C2 CompilerThread0" daemon [_thread_in_native, id=11208, stack(0x0000000016910000,0x0000000016a10000)]
  0x00000000152c8000 JavaThread "Attach Listener" daemon [_thread_blocked, id=10388, stack(0x0000000016810000,0x0000000016910000)]
  0x00000000152c6800 JavaThread "Signal Dispatcher" daemon [_thread_blocked, id=5252, stack(0x0000000016710000,0x0000000016810000)]
  0x0000000002bf1000 JavaThread "Finalizer" daemon [_thread_blocked, id=3236, stack(0x0000000016520000,0x0000000016620000)]
  0x0000000002bee800 JavaThread "Reference Handler" daemon [_thread_blocked, id=4216, stack(0x0000000016420000,0x0000000016520000)]
  0x000000000291d800 JavaThread "main" [_thread_in_Java, id=7108, stack(0x0000000002a00000,0x0000000002b00000)]

Other Threads:
  0x0000000015297800 VMThread [stack: 0x0000000016320000,0x0000000016420000] [id=4416]
  0x0000000016b2b000 WatcherThread [stack: 0x0000000017110000,0x0000000017210000] [id=8372]

VM state:not at safepoint (normal execution)

VM Mutex/Monitor currently owned by a thread: None

Heap:
 PSYoungGen      total 71680K, used 61308K [0x00000000eab00000, 0x00000000ef600000, 0x0000000100000000)
  eden space 66560K, 87% used [0x00000000eab00000,0x00000000ee3c9f98,0x00000000eec00000)
  from space 5120K, 61% used [0x00000000ef100000,0x00000000ef415300,0x00000000ef600000)
  to   space 5120K, 0% used [0x00000000eec00000,0x00000000eec00000,0x00000000ef100000)
 ParOldGen       total 87552K, used 16K [0x00000000c0000000, 0x00000000c5580000, 0x00000000eab00000)
  object space 87552K, 0% used [0x00000000c0000000,0x00000000c0004000,0x00000000c5580000)
 Metaspace       used 6202K, capacity 7024K, committed 7296K, reserved 1056768K
  class space    used 599K, capacity 616K, committed 640K, reserved 1048576K

Card table byte_map: [0x0000000011fc0000,0x00000000121d0000] byte_map_base: 0x00000000119c0000

Marking Bits: (ParMarkBitMap*) 0x000000006927a5b0
 Begin Bits: [0x0000000012730000, 0x0000000013730000)
 End Bits:   [0x0000000013730000, 0x0000000014730000)

Polling page: 0x0000000000cc0000

CodeCache: size=245760Kb used=6990Kb max_used=7004Kb free=238769Kb
 bounds [0x0000000002c00000, 0x00000000032e0000, 0x0000000011c00000]
 total_blobs=1911 nmethods=1642 adapters=182
 compilation: enabled

Compilation events (10 events):
Event: 7.592 Thread 0x0000000016b18800 1650       3       com.android.dx.dex.file.StringIdsSection::intern (13 bytes)
Event: 7.592 Thread 0x0000000016b18800 nmethod 1650 0x0000000003281fd0 code [0x0000000003282180, 0x0000000003282698]
Event: 7.592 Thread 0x0000000016b18800 1651       3       com.android.dx.dex.file.StringIdItem::<init> (29 bytes)
Event: 7.593 Thread 0x0000000016b18800 nmethod 1651 0x00000000032b1510 code [0x00000000032b16a0, 0x00000000032b1a48]
Event: 7.603 Thread 0x00000000152ca000 nmethod 1644 0x00000000032b0a50 code [0x00000000032b0bc0, 0x00000000032b1148]
Event: 7.603 Thread 0x00000000152ca000 1647       4       com.android.dx.cf.code.BaseMachine::storeResults (90 bytes)
Event: 7.614 Thread 0x00000000152ca000 nmethod 1647 0x00000000032b32d0 code [0x00000000032b3480, 0x00000000032b3ac8]
Event: 7.614 Thread 0x00000000152ca000 1646       4       com.android.dx.cf.code.RopperMachine::getSources (264 bytes)
Event: 7.639 Thread 0x00000000152ca000 nmethod 1646 0x00000000032d9910 code [0x00000000032d9b00, 0x00000000032da5b8]
Event: 7.639 Thread 0x00000000152ca000 1638       4       com.android.dx.dex.code.RopTranslator::outputBlock (202 bytes)

GC Heap History (4 events):
Event: 1.840 GC heap before
{Heap before GC invocations=1 (full 0):
 PSYoungGen      total 38400K, used 33280K [0x00000000eab00000, 0x00000000ed580000, 0x0000000100000000)
  eden space 33280K, 100% used [0x00000000eab00000,0x00000000ecb80000,0x00000000ecb80000)
  from space 5120K, 0% used [0x00000000ed080000,0x00000000ed080000,0x00000000ed580000)
  to   space 5120K, 0% used [0x00000000ecb80000,0x00000000ecb80000,0x00000000ed080000)
 ParOldGen       total 87552K, used 0K [0x00000000c0000000, 0x00000000c5580000, 0x00000000eab00000)
  object space 87552K, 0% used [0x00000000c0000000,0x00000000c0000000,0x00000000c5580000)
 Metaspace       used 3392K, capacity 4720K, committed 4864K, reserved 1056768K
  class space    used 370K, capacity 424K, committed 512K, reserved 1048576K
Event: 1.880 GC heap after
Heap after GC invocations=1 (full 0):
 PSYoungGen      total 38400K, used 1501K [0x00000000eab00000, 0x00000000ef600000, 0x0000000100000000)
  eden space 33280K, 0% used [0x00000000eab00000,0x00000000eab00000,0x00000000ecb80000)
  from space 5120K, 29% used [0x00000000ecb80000,0x00000000eccf75f0,0x00000000ed080000)
  to   space 5120K, 0% used [0x00000000ef100000,0x00000000ef100000,0x00000000ef600000)
 ParOldGen       total 87552K, used 8K [0x00000000c0000000, 0x00000000c5580000, 0x00000000eab00000)
  object space 87552K, 0% used [0x00000000c0000000,0x00000000c0002000,0x00000000c5580000)
 Metaspace       used 3392K, capacity 4720K, committed 4864K, reserved 1056768K
  class space    used 370K, capacity 424K, committed 512K, reserved 1048576K
}
Event: 3.276 GC heap before
{Heap before GC invocations=2 (full 0):
 PSYoungGen      total 38400K, used 34781K [0x00000000eab00000, 0x00000000ef600000, 0x0000000100000000)
  eden space 33280K, 100% used [0x00000000eab00000,0x00000000ecb80000,0x00000000ecb80000)
  from space 5120K, 29% used [0x00000000ecb80000,0x00000000eccf75f0,0x00000000ed080000)
  to   space 5120K, 0% used [0x00000000ef100000,0x00000000ef100000,0x00000000ef600000)
 ParOldGen       total 87552K, used 8K [0x00000000c0000000, 0x00000000c5580000, 0x00000000eab00000)
  object space 87552K, 0% used [0x00000000c0000000,0x00000000c0002000,0x00000000c5580000)
 Metaspace       used 5083K, capacity 6032K, committed 6272K, reserved 1056768K
  class space    used 555K, capacity 584K, committed 640K, reserved 1048576K
Event: 3.369 GC heap after
Heap after GC invocations=2 (full 0):
 PSYoungGen      total 71680K, used 3156K [0x00000000eab00000, 0x00000000ef600000, 0x0000000100000000)
  eden space 66560K, 0% used [0x00000000eab00000,0x00000000eab00000,0x00000000eec00000)
  from space 5120K, 61% used [0x00000000ef100000,0x00000000ef415300,0x00000000ef600000)
  to   space 5120K, 0% used [0x00000000eec00000,0x00000000eec00000,0x00000000ef100000)
 ParOldGen       total 87552K, used 16K [0x00000000c0000000, 0x00000000c5580000, 0x00000000eab00000)
  object space 87552K, 0% used [0x00000000c0000000,0x00000000c0004000,0x00000000c5580000)
 Metaspace       used 5083K, capacity 6032K, committed 6272K, reserved 1056768K
  class space    used 555K, capacity 584K, committed 640K, reserved 1048576K
}

Deoptimization events (10 events):
Event: 5.223 Thread 0x0000000017794000 Uncommon trap: reason=class_check action=maybe_recompile pc=0x0000000002fd5780 method=com.android.dx.ssa.NormalSsaInsn.accept(Lcom/android/dx/ssa/SsaInsn$Visitor;)V @ 9
Event: 5.237 Thread 0x00000000173e8800 Uncommon trap: reason=predicate action=maybe_recompile pc=0x0000000003059128 method=java.util.ArrayList.remove(Ljava/lang/Object;)Z @ 49
Event: 6.138 Thread 0x0000000017793800 Uncommon trap: reason=unstable_if action=reinterpret pc=0x0000000002fd1efc method=com.android.dx.rop.code.RegisterSpec.equals(ILcom/android/dx/rop/type/TypeBearer;Lcom/android/dx/rop/code/LocalItem;)Z @ 42
Event: 6.261 Thread 0x00000000175ee000 Uncommon trap: reason=class_check action=maybe_recompile pc=0x0000000002fddff8 method=com.android.dx.rop.type.Type.equals(Ljava/lang/Object;)Z @ 8
Event: 6.281 Thread 0x00000000175ee000 Uncommon trap: reason=unstable_if action=reinterpret pc=0x000000000312136c method=com.android.dx.ssa.SCCP.simulateBranch(Lcom/android/dx/ssa/SsaInsn;)V @ 64
Event: 6.298 Thread 0x000000000291d800 Uncommon trap: reason=bimorphic action=maybe_recompile pc=0x0000000003196e84 method=com.android.dx.cf.code.BytecodeArray.parseInstruction(ILcom/android/dx/cf/code/BytecodeArray$Visitor;)I @ 2281
Event: 6.298 Thread 0x000000000291d800 Uncommon trap: reason=bimorphic action=maybe_recompile pc=0x0000000003196e84 method=com.android.dx.cf.code.BytecodeArray.parseInstruction(ILcom/android/dx/cf/code/BytecodeArray$Visitor;)I @ 2281
Event: 6.809 Thread 0x0000000017793800 Uncommon trap: reason=unstable_if action=reinterpret pc=0x000000000316ddc0 method=com.android.dx.rop.code.RegisterSpec.equals(ILcom/android/dx/rop/type/TypeBearer;Lcom/android/dx/rop/code/LocalItem;)Z @ 42
Event: 6.967 Thread 0x000000000291d800 Uncommon trap: reason=bimorphic action=maybe_recompile pc=0x0000000003196e84 method=com.android.dx.cf.code.BytecodeArray.parseInstruction(ILcom/android/dx/cf/code/BytecodeArray$Visitor;)I @ 2281
Event: 6.967 Thread 0x000000000291d800 Uncommon trap: reason=bimorphic action=maybe_recompile pc=0x0000000003196e84 method=com.android.dx.cf.code.BytecodeArray.parseInstruction(ILcom/android/dx/cf/code/BytecodeArray$Visitor;)I @ 2281

Internal exceptions (2 events):
Event: 0.389 Thread 0x000000000291d800 Exception <a 'java/lang/NoSuchMethodError': Method sun.misc.Unsafe.defineClass(Ljava/lang/String;[BII)Ljava/lang/Class; name or signature does not match> (0x00000000eab0dc10) thrown at [C:\re\workspace\8-2-build-windows-amd64-cygwin\jdk8u60\4407\hotspot\sríõ±âØ?
Event: 0.389 Thread 0x000000000291d800 Exception <a 'java/lang/NoSuchMethodError': Method sun.misc.Unsafe.prefetchRead(Ljava/lang/Object;J)V name or signature does not match> (0x00000000eab0def8) thrown at [C:\re\workspace\8-2-build-windows-amd64-cygwin\jdk8u60\4407\hotspot\src\share\vm\prims\j

Events (10 events):
Event: 6.471 Thread 0x0000000017794000 DEOPT UNPACKING pc=0x0000000002c4787f sp=0x0000000018ede478 mode 0
Event: 6.809 Thread 0x0000000017793800 Uncommon trap: trap_request=0xffffff65 fr.pc=0x000000000316ddc0
Event: 6.809 Thread 0x0000000017793800 DEOPT PACKING pc=0x000000000316ddc0 sp=0x0000000018ddeea0
Event: 6.809 Thread 0x0000000017793800 DEOPT UNPACKING pc=0x0000000002c4582a sp=0x0000000018dded98 mode 2
Event: 6.967 Thread 0x000000000291d800 Uncommon trap: trap_request=0xffffffc6 fr.pc=0x0000000003196e84
Event: 6.967 Thread 0x000000000291d800 DEOPT PACKING pc=0x0000000003196e84 sp=0x0000000002afe440
Event: 6.967 Thread 0x000000000291d800 DEOPT UNPACKING pc=0x0000000002c4582a sp=0x0000000002afe3d0 mode 2
Event: 6.967 Thread 0x000000000291d800 Uncommon trap: trap_request=0xffffffc6 fr.pc=0x0000000003196e84
Event: 6.967 Thread 0x000000000291d800 DEOPT PACKING pc=0x0000000003196e84 sp=0x0000000002afe200
Event: 6.967 Thread 0x000000000291d800 DEOPT UNPACKING pc=0x0000000002c4582a sp=0x0000000002afe190 mode 2


Dynamic libraries:
0x00007ff6b9080000 - 0x00007ff6b90b7000 	C:\Program Files\Java\jdk1.8.0_60\bin\java.exe
0x00007ff9adfa0000 - 0x00007ff9ae171000 	C:\WINDOWS\SYSTEM32\ntdll.dll
0x00007ff9ad520000 - 0x00007ff9ad5cb000 	C:\WINDOWS\System32\KERNEL32.DLL
0x00007ff9aa710000 - 0x00007ff9aa92d000 	C:\WINDOWS\System32\KERNELBASE.dll
0x00007ff9adc10000 - 0x00007ff9adcb2000 	C:\WINDOWS\System32\ADVAPI32.dll
0x00007ff9ab870000 - 0x00007ff9ab90e000 	C:\WINDOWS\System32\msvcrt.dll
0x00007ff9adec0000 - 0x00007ff9adf19000 	C:\WINDOWS\System32\sechost.dll
0x00007ff9ada20000 - 0x00007ff9adb41000 	C:\WINDOWS\System32\RPCRT4.dll
0x00007ff9ab970000 - 0x00007ff9abad5000 	C:\WINDOWS\System32\USER32.dll
0x00007ff9aa490000 - 0x00007ff9aa4ae000 	C:\WINDOWS\System32\win32u.dll
0x00007ff9ad340000 - 0x00007ff9ad374000 	C:\WINDOWS\System32\GDI32.dll
0x00007ff9aac50000 - 0x00007ff9aadd2000 	C:\WINDOWS\System32\gdi32full.dll
0x00007ff99eca0000 - 0x00007ff99ef19000 	C:\WINDOWS\WinSxS\amd64_microsoft.windows.common-controls_6595b64144ccf1df_6.0.14393.447_none_42191651c6827bb3\COMCTL32.dll
0x00007ff9ab590000 - 0x00007ff9ab857000 	C:\WINDOWS\System32\combase.dll
0x00007ff9aa610000 - 0x00007ff9aa705000 	C:\WINDOWS\System32\ucrtbase.dll
0x00007ff9aade0000 - 0x00007ff9aae4a000 	C:\WINDOWS\System32\bcryptPrimitives.dll
0x00007ff9ad000000 - 0x00007ff9ad02e000 	C:\WINDOWS\System32\IMM32.DLL
0x00000000698f0000 - 0x00000000699c2000 	C:\Program Files\Java\jdk1.8.0_60\jre\bin\msvcr100.dll
0x0000000068a70000 - 0x00000000692f9000 	C:\Program Files\Java\jdk1.8.0_60\jre\bin\server\jvm.dll
0x00007ff9adf90000 - 0x00007ff9adf98000 	C:\WINDOWS\System32\PSAPI.DLL
0x00007ff99cc10000 - 0x00007ff99cc19000 	C:\WINDOWS\SYSTEM32\WSOCK32.dll
0x00007ff9adf20000 - 0x00007ff9adf8a000 	C:\WINDOWS\System32\WS2_32.dll
0x00007ff9a8830000 - 0x00007ff9a8853000 	C:\WINDOWS\SYSTEM32\WINMM.dll
0x00007ff99daf0000 - 0x00007ff99dafa000 	C:\WINDOWS\SYSTEM32\VERSION.dll
0x00007ff9a87d0000 - 0x00007ff9a87fb000 	C:\WINDOWS\SYSTEM32\WINMMBASE.dll
0x00007ff9aa4b0000 - 0x00007ff9aa4f2000 	C:\WINDOWS\System32\cfgmgr32.dll
0x00000000698e0000 - 0x00000000698ef000 	C:\Program Files\Java\jdk1.8.0_60\jre\bin\verify.dll
0x00000000698b0000 - 0x00000000698d9000 	C:\Program Files\Java\jdk1.8.0_60\jre\bin\java.dll
0x0000000069890000 - 0x00000000698a6000 	C:\Program Files\Java\jdk1.8.0_60\jre\bin\zip.dll
0x00007ff9abaf0000 - 0x00007ff9acff9000 	C:\WINDOWS\System32\SHELL32.dll
0x00007ff9aae50000 - 0x00007ff9ab52a000 	C:\WINDOWS\System32\windows.storage.dll
0x00007ff9aa430000 - 0x00007ff9aa47c000 	C:\WINDOWS\System32\powrprof.dll
0x00007ff9adcc0000 - 0x00007ff9add12000 	C:\WINDOWS\System32\shlwapi.dll
0x00007ff9aa480000 - 0x00007ff9aa48f000 	C:\WINDOWS\System32\kernel.appcore.dll
0x00007ff9aa930000 - 0x00007ff9aa9d9000 	C:\WINDOWS\System32\shcore.dll
0x00007ff9aa410000 - 0x00007ff9aa424000 	C:\WINDOWS\System32\profapi.dll

VM Arguments:
jvm_args: -Djava.awt.headless=true -Xmx1024M -Dfile.encoding=windows-1252 -Duser.country=US -Duser.language=en -Duser.variant 
java_command: com.android.dx.command.Main --dex --force-jumbo --num-threads=4 --multi-dex --output C:\Users\David\AndroidStudioProjects\WaterResources\app\build\intermediates\transforms\dex\debug\folders\1000\1a\dependencies_bd16c075e5f78fe076e679d306df4d9281103ba1 C:\Users\David\AndroidStudioProjects\WaterResources\app\build\intermediates\transforms\instantRunSlicer\debug\jars\1\1a\dependencies.jar
java_class_path (initial): C:\Users\David\AppData\Local\Android\sdk1\build-tools\25.0.0\lib\dx.jar
Launcher Type: SUN_STANDARD

Environment Variables:
JAVA_HOME=C:\Program Files\Java\jdk1.8.0_60\
PATH=C:\Program Files (x86)\NVIDIA Corporation\PhysX\Common;C:\ProgramData\Oracle\Java\javapath;C:\Program Files (x86)\Lenovo\FusionEngine;C:\Program Files (x86)\Intel\iCLS Client\;C:\Program Files\Intel\iCLS Client\;C:\WINDOWS\system32;C:\WINDOWS;C:\WINDOWS\System32\Wbem;C:\WINDOWS\System32\WindowsPowerShell\v1.0\;C:\Program Files\Intel\Intel(R) Management Engine Components\DAL;C:\Program Files (x86)\Intel\Intel(R) Management Engine Components\DAL;C:\Program Files\Intel\Intel(R) Management Engine Components\IPT;C:\Program Files (x86)\Intel\Intel(R) Management Engine Components\IPT;C:\Program Files (x86)\ATI Technologies\ATI.ACE\Core-Static;C:\Program Files\Intel\WiFi\bin\;C:\Program Files\Common Files\Intel\WirelessCommon\;C:\Program Files (x86)\Windows Live\Shared;C:\Program Files (x86)\AMD\ATI.ACE\Core-Static;C:\Program Files\nodejs\;C:\Program Files\Git\cmd;C:\Program Files\nodejs\node_modules\npm\bin;C:\Users\David\AppData\Roaming\npm;C:\Program Files (x86)\Skype\Phone\;C:\Program Files\nodejs\node_modules\npm\bin;C:\Program Files\Java\jdk1.8.0_60\bin;C:\Users\David\AppData\Local\atom\bin;C:\Program Files\gradle\bin;C:\Users\David\AppData\Local\Android\sdk1\platform-tools;C:\Users\David\AppData\Local\Microsoft\WindowsApps;C:\Program Files\gradle-3.0\bin;C:\Users\David\AppData\Local\.meteor\;C:\Python27;C:\Users\David\AppData\Local\pip;C:\Python27\Scripts
USERNAME=David
OS=Windows_NT
PROCESSOR_IDENTIFIER=Intel64 Family 6 Model 61 Stepping 4, GenuineIntel



---------------  S Y S T E M  ---------------

OS: Windows 10.0 , 64 bit Build 14393 (10.0.14393.0)

CPU:total 4 (2 cores per cpu, 2 threads per core) family 6 model 61 stepping 4, cmov, cx8, fxsr, mmx, sse, sse2, sse3, ssse3, sse4.1, sse4.2, popcnt, avx, avx2, aes, clmul, erms, 3dnowpref, lzcnt, ht, tsc, tscinvbit, bmi1, bmi2, adx

Memory: 4k page, physical 8300384k(883936k free), swap 10255200k(4004k free)

vm_info: Java HotSpot(TM) 64-Bit Server VM (25.60-b23) for windows-amd64 JRE (1.8.0_60-b27), built on Aug  4 2015 11:06:27 by "java_re" with MS VC++ 10.0 (VS2010)

time: Tue Dec 06 12:35:14 2016
elapsed time: 7 seconds (0d 0h 0m 7s)

