#
# There is insufficient memory for the Java Runtime Environment to continue.
# Native memory allocation (malloc) failed to allocate 131088 bytes for Chunk::new
# Possible reasons:
#   The system is out of physical RAM or swap space
#   In 32 bit mode, the process size limit was hit
# Possible solutions:
#   Reduce memory load on the system
#   Increase physical memory or swap space
#   Check if swap backing store is full
#   Use 64 bit Java on a 64 bit OS
#   Decrease Java heap size (-Xmx/-Xms)
#   Decrease number of Java threads
#   Decrease Java thread stack sizes (-Xss)
#   Set larger code cache with -XX:ReservedCodeCacheSize=
# This output file may be truncated or incomplete.
#
#  Out of Memory Error (allocation.cpp:390), pid=12412, tid=18136
#
# JRE version: Java(TM) SE Runtime Environment (8.0_60-b27) (build 1.8.0_60-b27)
# Java VM: Java HotSpot(TM) 64-Bit Server VM (25.60-b23 mixed mode windows-amd64 compressed oops)
# Failed to write core dump. Minidumps are not enabled by default on client versions of Windows
#

---------------  T H R E A D  ---------------

Current thread (0x0000000014e8a000):  JavaThread "C2 CompilerThread0" daemon [_thread_in_native, id=18136, stack(0x00000000164f0000,0x00000000165f0000)]

Stack: [0x00000000164f0000,0x00000000165f0000]
[error occurred during error reporting (printing stack bounds), id 0xc0000005]

Native frames: (J=compiled Java code, j=interpreted, Vv=VM code, C=native code)


Current CompileTask:
C2:   2125 1336       4       com.android.dx.ssa.LocalVariableExtractor::processBlock (383 bytes)


---------------  P R O C E S S  ---------------

Java Threads: ( => current thread )
  0x0000000016ae1800 JavaThread "pool-2-thread-4" [_thread_in_Java, id=17508, stack(0x00000000179f0000,0x0000000017af0000)]
  0x0000000016adf800 JavaThread "pool-2-thread-3" [_thread_in_Java, id=17812, stack(0x00000000178f0000,0x00000000179f0000)]
  0x0000000016ade800 JavaThread "pool-2-thread-2" [_thread_blocked, id=5032, stack(0x00000000177f0000,0x00000000178f0000)]
  0x0000000016a9e800 JavaThread "pool-3-thread-1" [_thread_blocked, id=9892, stack(0x00000000176f0000,0x00000000177f0000)]
  0x0000000016a9e000 JavaThread "pool-2-thread-1" [_thread_blocked, id=17688, stack(0x00000000175f0000,0x00000000176f0000)]
  0x00000000167f0800 JavaThread "Service Thread" daemon [_thread_blocked, id=10400, stack(0x0000000016bf0000,0x0000000016cf0000)]
  0x0000000014ee9800 JavaThread "C1 CompilerThread2" daemon [_thread_blocked, id=9980, stack(0x00000000166f0000,0x00000000167f0000)]
  0x0000000014ede800 JavaThread "C2 CompilerThread1" daemon [_thread_in_native, id=16544, stack(0x00000000165f0000,0x00000000166f0000)]
=>0x0000000014e8a000 JavaThread "C2 CompilerThread0" daemon [_thread_in_native, id=18136, stack(0x00000000164f0000,0x00000000165f0000)]
  0x0000000014e88000 JavaThread "Attach Listener" daemon [_thread_blocked, id=8816, stack(0x00000000163f0000,0x00000000164f0000)]
  0x0000000014e87000 JavaThread "Signal Dispatcher" daemon [_thread_blocked, id=14456, stack(0x00000000162f0000,0x00000000163f0000)]
  0x0000000002751000 JavaThread "Finalizer" daemon [_thread_blocked, id=8352, stack(0x0000000016100000,0x0000000016200000)]
  0x000000000274e800 JavaThread "Reference Handler" daemon [_thread_blocked, id=10072, stack(0x0000000016000000,0x0000000016100000)]
  0x00000000027bd800 JavaThread "main" [_thread_in_Java, id=17416, stack(0x0000000002500000,0x0000000002600000)]

Other Threads:
  0x0000000014e57800 VMThread [stack: 0x0000000015f00000,0x0000000016000000] [id=10976]
  0x00000000167f4800 WatcherThread [stack: 0x0000000016cf0000,0x0000000016df0000] [id=12512]

VM state:not at safepoint (normal execution)

VM Mutex/Monitor currently owned by a thread: None

Heap:
 PSYoungGen      total 38400K, used 22494K [0x00000000eab00000, 0x00000000ef600000, 0x0000000100000000)
  eden space 33280K, 52% used [0x00000000eab00000,0x00000000ebbf7b78,0x00000000ecb80000)
  from space 5120K, 99% used [0x00000000ecb80000,0x00000000ed07fec0,0x00000000ed080000)
  to   space 5120K, 0% used [0x00000000ef100000,0x00000000ef100000,0x00000000ef600000)
 ParOldGen       total 87552K, used 1442K [0x00000000c0000000, 0x00000000c5580000, 0x00000000eab00000)
  object space 87552K, 1% used [0x00000000c0000000,0x00000000c01689d0,0x00000000c5580000)
 Metaspace       used 6104K, capacity 7024K, committed 7296K, reserved 1056768K
  class space    used 603K, capacity 616K, committed 640K, reserved 1048576K

Card table byte_map: [0x0000000011b80000,0x0000000011d90000] byte_map_base: 0x0000000011580000

Marking Bits: (ParMarkBitMap*) 0x000000005a35a5b0
 Begin Bits: [0x00000000122f0000, 0x00000000132f0000)
 End Bits:   [0x00000000132f0000, 0x00000000142f0000)

Polling page: 0x0000000000a60000

CodeCache: size=245760Kb used=5604Kb max_used=5604Kb free=240155Kb
 bounds [0x00000000027c0000, 0x0000000002d40000, 0x00000000117c0000]
 total_blobs=1642 nmethods=1373 adapters=182
 compilation: enabled

Compilation events (10 events):
Event: 2.117 Thread 0x0000000014ee9800 1380       3       com.android.dx.dex.code.OutputFinisher::hasLocalInfo (20 bytes)
Event: 2.117 Thread 0x0000000014ee9800 nmethod 1380 0x0000000002d3bf90 code [0x0000000002d3c100, 0x0000000002d3c390]
Event: 2.117 Thread 0x0000000014ee9800 1381       3       java.util.concurrent.locks.AbstractQueuedSynchronizer::release (33 bytes)
Event: 2.118 Thread 0x0000000014ee9800 nmethod 1381 0x0000000002d3c450 code [0x0000000002d3c5c0, 0x0000000002d3c8d8]
Event: 2.118 Thread 0x0000000014ee9800 1382       3       java.util.concurrent.locks.AbstractQueuedSynchronizer::compareAndSetState (13 bytes)
Event: 2.118 Thread 0x0000000014ee9800 nmethod 1382 0x0000000002d3c9d0 code [0x0000000002d3cb20, 0x0000000002d3cc90]
Event: 2.118 Thread 0x0000000014ee9800 1383       3       java.util.TreeMap::containsKey (14 bytes)
Event: 2.118 Thread 0x0000000014ee9800 nmethod 1383 0x0000000002d3cd10 code [0x0000000002d3ce80, 0x0000000002d3d0e8]
Event: 2.119 Thread 0x0000000014ee9800 1384       3       java.util.Arrays::rangeCheck (74 bytes)
Event: 2.120 Thread 0x0000000014ee9800 nmethod 1384 0x0000000002d3d190 code [0x0000000002d3d3e0, 0x0000000002d3e148]

GC Heap History (2 events):
Event: 1.861 GC heap before
{Heap before GC invocations=1 (full 0):
 PSYoungGen      total 38400K, used 33280K [0x00000000eab00000, 0x00000000ed580000, 0x0000000100000000)
  eden space 33280K, 100% used [0x00000000eab00000,0x00000000ecb80000,0x00000000ecb80000)
  from space 5120K, 0% used [0x00000000ed080000,0x00000000ed080000,0x00000000ed580000)
  to   space 5120K, 0% used [0x00000000ecb80000,0x00000000ecb80000,0x00000000ed080000)
 ParOldGen       total 87552K, used 0K [0x00000000c0000000, 0x00000000c5580000, 0x00000000eab00000)
  object space 87552K, 0% used [0x00000000c0000000,0x00000000c0000000,0x00000000c5580000)
 Metaspace       used 6020K, capacity 6960K, committed 7040K, reserved 1056768K
  class space    used 601K, capacity 616K, committed 640K, reserved 1048576K
Event: 1.901 GC heap after
Heap after GC invocations=1 (full 0):
 PSYoungGen      total 38400K, used 5119K [0x00000000eab00000, 0x00000000ef600000, 0x0000000100000000)
  eden space 33280K, 0% used [0x00000000eab00000,0x00000000eab00000,0x00000000ecb80000)
  from space 5120K, 99% used [0x00000000ecb80000,0x00000000ed07fec0,0x00000000ed080000)
  to   space 5120K, 0% used [0x00000000ef100000,0x00000000ef100000,0x00000000ef600000)
 ParOldGen       total 87552K, used 1442K [0x00000000c0000000, 0x00000000c5580000, 0x00000000eab00000)
  object space 87552K, 1% used [0x00000000c0000000,0x00000000c01689d0,0x00000000c5580000)
 Metaspace       used 6020K, capacity 6960K, committed 7040K, reserved 1056768K
  class space    used 601K, capacity 616K, committed 640K, reserved 1048576K
}

Deoptimization events (10 events):
Event: 1.631 Thread 0x0000000016adf800 Uncommon trap: reason=unstable_if action=reinterpret pc=0x0000000002a9e8c0 method=com.android.dx.rop.code.RegisterSpec.equals(ILcom/android/dx/rop/type/TypeBearer;Lcom/android/dx/rop/code/LocalItem;)Z @ 16
Event: 1.669 Thread 0x0000000016a9e000 Uncommon trap: reason=unstable_if action=reinterpret pc=0x0000000002b1d914 method=com.android.dx.rop.code.RegisterSpec.equals(ILcom/android/dx/rop/type/TypeBearer;Lcom/android/dx/rop/code/LocalItem;)Z @ 16
Event: 1.784 Thread 0x0000000016ade800 Uncommon trap: reason=unstable_if action=reinterpret pc=0x0000000002a8311c method=com.android.dx.rop.cst.Constant.compareTo(Lcom/android/dx/rop/cst/Constant;)I @ 12
Event: 1.920 Thread 0x0000000016ade800 Uncommon trap: reason=unstable_if action=reinterpret pc=0x0000000002b497fc method=com.android.dx.rop.code.RegisterSpec.equals(ILcom/android/dx/rop/type/TypeBearer;Lcom/android/dx/rop/code/LocalItem;)Z @ 16
Event: 1.928 Thread 0x0000000016ade800 Uncommon trap: reason=unstable_if action=reinterpret pc=0x0000000002c26778 method=com.android.dx.cf.code.Ropper.labelToResultIndex(I)I @ 34
Event: 2.008 Thread 0x0000000016ae1800 Uncommon trap: reason=bimorphic action=maybe_recompile pc=0x0000000002cceb58 method=com.android.dx.cf.code.BytecodeArray.parseInstruction(ILcom/android/dx/cf/code/BytecodeArray$Visitor;)I @ 1130
Event: 2.042 Thread 0x0000000016adf800 Uncommon trap: reason=bimorphic action=maybe_recompile pc=0x0000000002cd099c method=com.android.dx.cf.code.BytecodeArray.parseInstruction(ILcom/android/dx/cf/code/BytecodeArray$Visitor;)I @ 939
Event: 2.043 Thread 0x0000000016adf800 Uncommon trap: reason=bimorphic action=maybe_recompile pc=0x0000000002cd099c method=com.android.dx.cf.code.BytecodeArray.parseInstruction(ILcom/android/dx/cf/code/BytecodeArray$Visitor;)I @ 939
Event: 2.067 Thread 0x0000000016ae1800 Uncommon trap: reason=unstable_if action=reinterpret pc=0x0000000002ace86c method=com.android.dx.rop.code.RegisterSpecSet.put(Lcom/android/dx/rop/code/RegisterSpec;)V @ 77
Event: 2.067 Thread 0x0000000016ae1800 Uncommon trap: reason=unstable_if action=reinterpret pc=0x0000000002aeaf60 method=com.android.dx.rop.code.RegisterSpecSet.put(Lcom/android/dx/rop/code/RegisterSpec;)V @ 77

Internal exceptions (2 events):
Event: 0.294 Thread 0x00000000027bd800 Exception <a 'java/lang/NoSuchMethodError': Method sun.misc.Unsafe.defineClass(Ljava/lang/String;[BII)Ljava/lang/Class; name or signature does not match> (0x00000000eab0dbc0) thrown at [C:\re\workspace\8-2-build-windows-amd64-cygwin\jdk8u60\4407\hotspot\srÅ^?˜Qœ“?
Event: 0.294 Thread 0x00000000027bd800 Exception <a 'java/lang/NoSuchMethodError': Method sun.misc.Unsafe.prefetchRead(Ljava/lang/Object;J)V name or signature does not match> (0x00000000eab0dea8) thrown at [C:\re\workspace\8-2-build-windows-amd64-cygwin\jdk8u60\4407\hotspot\src\share\vm\prims\j

Events (10 events):
Event: 2.042 Thread 0x0000000016adf800 DEOPT UNPACKING pc=0x000000000280582a sp=0x00000000179ee7e8 mode 2
Event: 2.043 Thread 0x0000000016adf800 Uncommon trap: trap_request=0xffffffc6 fr.pc=0x0000000002cd099c
Event: 2.043 Thread 0x0000000016adf800 DEOPT PACKING pc=0x0000000002cd099c sp=0x00000000179ee630
Event: 2.043 Thread 0x0000000016adf800 DEOPT UNPACKING pc=0x000000000280582a sp=0x00000000179ee5b8 mode 2
Event: 2.067 Thread 0x0000000016ae1800 Uncommon trap: trap_request=0xffffff65 fr.pc=0x0000000002ace86c
Event: 2.067 Thread 0x0000000016ae1800 DEOPT PACKING pc=0x0000000002ace86c sp=0x0000000017aeea30
Event: 2.067 Thread 0x0000000016ae1800 DEOPT UNPACKING pc=0x000000000280582a sp=0x0000000017aee9b8 mode 2
Event: 2.067 Thread 0x0000000016ae1800 Uncommon trap: trap_request=0xffffff65 fr.pc=0x0000000002aeaf60
Event: 2.067 Thread 0x0000000016ae1800 DEOPT PACKING pc=0x0000000002aeaf60 sp=0x0000000017aeea20
Event: 2.067 Thread 0x0000000016ae1800 DEOPT UNPACKING pc=0x000000000280582a sp=0x0000000017aee940 mode 2


Dynamic libraries:
0x00007ff63a0c0000 - 0x00007ff63a0f7000 	C:\Program Files\Java\jdk1.8.0_60\bin\java.exe
0x00007ffa45090000 - 0x00007ffa45261000 	C:\WINDOWS\SYSTEM32\ntdll.dll
0x00007ffa44fe0000 - 0x00007ffa4508b000 	C:\WINDOWS\System32\KERNEL32.DLL
0x00007ffa416f0000 - 0x00007ffa4190d000 	C:\WINDOWS\System32\KERNELBASE.dll
0x00007ffa44ac0000 - 0x00007ffa44b62000 	C:\WINDOWS\System32\ADVAPI32.dll
0x00007ffa428c0000 - 0x00007ffa4295e000 	C:\WINDOWS\System32\msvcrt.dll
0x00007ffa42af0000 - 0x00007ffa42b49000 	C:\WINDOWS\System32\sechost.dll
0x00007ffa42790000 - 0x00007ffa428b1000 	C:\WINDOWS\System32\RPCRT4.dll
0x00007ffa42620000 - 0x00007ffa42785000 	C:\WINDOWS\System32\USER32.dll
0x00007ffa41970000 - 0x00007ffa4198e000 	C:\WINDOWS\System32\win32u.dll
0x00007ffa44b70000 - 0x00007ffa44ba4000 	C:\WINDOWS\System32\GDI32.dll
0x00007ffa41db0000 - 0x00007ffa41f32000 	C:\WINDOWS\System32\gdi32full.dll
0x00007ffa2e050000 - 0x00007ffa2e2c9000 	C:\WINDOWS\WinSxS\amd64_microsoft.windows.common-controls_6595b64144ccf1df_6.0.14393.447_none_42191651c6827bb3\COMCTL32.dll
0x00007ffa42b60000 - 0x00007ffa42e27000 	C:\WINDOWS\System32\combase.dll
0x00007ffa41990000 - 0x00007ffa41a85000 	C:\WINDOWS\System32\ucrtbase.dll
0x00007ffa41630000 - 0x00007ffa4169a000 	C:\WINDOWS\System32\bcryptPrimitives.dll
0x00007ffa42960000 - 0x00007ffa4298e000 	C:\WINDOWS\System32\IMM32.DLL
0x000000005ada0000 - 0x000000005ae72000 	C:\Program Files\Java\jdk1.8.0_60\jre\bin\msvcr100.dll
0x0000000059b50000 - 0x000000005a3d9000 	C:\Program Files\Java\jdk1.8.0_60\jre\bin\server\jvm.dll
0x00007ffa44cf0000 - 0x00007ffa44cf8000 	C:\WINDOWS\System32\PSAPI.DLL
0x00007ffa32f30000 - 0x00007ffa32f39000 	C:\WINDOWS\SYSTEM32\WSOCK32.dll
0x00007ffa445a0000 - 0x00007ffa4460a000 	C:\WINDOWS\System32\WS2_32.dll
0x00007ffa3f8a0000 - 0x00007ffa3f8c3000 	C:\WINDOWS\SYSTEM32\WINMM.dll
0x00007ffa341c0000 - 0x00007ffa341ca000 	C:\WINDOWS\SYSTEM32\VERSION.dll
0x00007ffa3f6b0000 - 0x00007ffa3f6db000 	C:\WINDOWS\SYSTEM32\WINMMBASE.dll
0x00007ffa416a0000 - 0x00007ffa416e2000 	C:\WINDOWS\System32\cfgmgr32.dll
0x000000005b870000 - 0x000000005b87f000 	C:\Program Files\Java\jdk1.8.0_60\jre\bin\verify.dll
0x000000005b840000 - 0x000000005b869000 	C:\Program Files\Java\jdk1.8.0_60\jre\bin\java.dll
0x000000005b820000 - 0x000000005b836000 	C:\Program Files\Java\jdk1.8.0_60\jre\bin\zip.dll
0x00007ffa42e30000 - 0x00007ffa44339000 	C:\WINDOWS\System32\SHELL32.dll
0x00007ffa41f40000 - 0x00007ffa4261a000 	C:\WINDOWS\System32\windows.storage.dll
0x00007ffa414f0000 - 0x00007ffa4153c000 	C:\WINDOWS\System32\powrprof.dll
0x00007ffa42a90000 - 0x00007ffa42ae2000 	C:\WINDOWS\System32\shlwapi.dll
0x00007ffa41570000 - 0x00007ffa4157f000 	C:\WINDOWS\System32\kernel.appcore.dll
0x00007ffa41d00000 - 0x00007ffa41da9000 	C:\WINDOWS\System32\shcore.dll
0x00007ffa41540000 - 0x00007ffa41554000 	C:\WINDOWS\System32\profapi.dll

VM Arguments:
jvm_args: -Djava.awt.headless=true -Xmx1024M -Dfile.encoding=windows-1252 -Duser.country=US -Duser.language=en -Duser.variant 
java_command: com.android.dx.command.Main --dex --force-jumbo --num-threads=4 --multi-dex --output C:\Users\David\AndroidStudioProjects\WaterResources\app\build\intermediates\transforms\dex\debug\folders\1000\10\classes_45acd5a6754bff0ef8795ed50ae9311cabe4b710 C:\Users\David\.android\build-cache\2ebbceedf5d209d2edeaef27d9f6ab3197dfe082\output\jars\classes.jar
java_class_path (initial): C:\Users\David\AppData\Local\Android\sdk1\build-tools\25.0.0\lib\dx.jar
Launcher Type: SUN_STANDARD

Environment Variables:
JAVA_HOME=C:\Program Files\Java\jdk1.8.0_60\
PATH=C:\Program Files (x86)\NVIDIA Corporation\PhysX\Common;C:\ProgramData\Oracle\Java\javapath;C:\Program Files (x86)\Lenovo\FusionEngine;C:\Program Files (x86)\Intel\iCLS Client\;C:\Program Files\Intel\iCLS Client\;C:\WINDOWS\system32;C:\WINDOWS;C:\WINDOWS\System32\Wbem;C:\WINDOWS\System32\WindowsPowerShell\v1.0\;C:\Program Files\Intel\Intel(R) Management Engine Components\DAL;C:\Program Files (x86)\Intel\Intel(R) Management Engine Components\DAL;C:\Program Files\Intel\Intel(R) Management Engine Components\IPT;C:\Program Files (x86)\Intel\Intel(R) Management Engine Components\IPT;C:\Program Files (x86)\ATI Technologies\ATI.ACE\Core-Static;C:\Program Files\Intel\WiFi\bin\;C:\Program Files\Common Files\Intel\WirelessCommon\;C:\Program Files (x86)\Windows Live\Shared;C:\Program Files (x86)\AMD\ATI.ACE\Core-Static;C:\Program Files\nodejs\;C:\Program Files\Git\cmd;C:\Program Files\nodejs\node_modules\npm\bin;C:\Users\David\AppData\Roaming\npm;C:\Program Files (x86)\Skype\Phone\;C:\Program Files\nodejs\node_modules\npm\bin;C:\Program Files\Java\jdk1.8.0_60\bin;C:\Users\David\AppData\Local\atom\bin;C:\Program Files\gradle\bin;C:\Users\David\AppData\Local\Android\sdk1\platform-tools;C:\Users\David\AppData\Local\Microsoft\WindowsApps;C:\Program Files\gradle-3.0\bin;C:\Users\David\AppData\Local\.meteor\;C:\Python27;C:\Users\David\AppData\Local\pip;C:\Python27\Scripts
USERNAME=David
OS=Windows_NT
PROCESSOR_IDENTIFIER=Intel64 Family 6 Model 61 Stepping 4, GenuineIntel



---------------  S Y S T E M  ---------------

OS: Windows 10.0 , 64 bit Build 14393 (10.0.14393.0)

CPU:total 4 (2 cores per cpu, 2 threads per core) family 6 model 61 stepping 4, cmov, cx8, fxsr, mmx, sse, sse2, sse3, ssse3, sse4.1, sse4.2, popcnt, avx, avx2, aes, clmul, erms, 3dnowpref, lzcnt, ht, tsc, tscinvbit, bmi1, bmi2, adx

Memory: 4k page, physical 8300384k(2059252k free), swap 10255200k(7296k free)

vm_info: Java HotSpot(TM) 64-Bit Server VM (25.60-b23) for windows-amd64 JRE (1.8.0_60-b27), built on Aug  4 2015 11:06:27 by "java_re" with MS VC++ 10.0 (VS2010)

time: Wed Nov 23 22:03:11 2016
elapsed time: 2 seconds (0d 0h 0m 2s)

